2026-07-17 19:24:30 | INFO | Epoch 1/100 | train_loss: 0.056413 | val_loss: 0.073971 | rmse: 0.271976 | mae: 0.235472 | mape: 72.5997% | r2: 0.924684 | nrmse: 0.080028 | lr: 0.00100000
2026-07-17 19:24:30 | INFO | Saved new best checkpoint at epoch 1 (val_loss: 0.073971) -> /kaggle/working/PV-forecasting-DL/experiments/sequential_proposed/horizon_15/checkpoints/best_checkpoint.pt
2026-07-17 19:24:59 | INFO | Epoch 2/100 | train_loss: 0.044155 | val_loss: 0.029489 | rmse: 0.171723 | mae: 0.074750 | mape: 57.5480% | r2: 0.969975 | nrmse: 0.050529 | lr: 0.00100000
2026-07-17 19:24:59 | INFO | Saved new best checkpoint at epoch 2 (val_loss: 0.029489) -> /kaggle/working/PV-forecasting-DL/experiments/sequential_proposed/horizon_15/checkpoints/best_checkpoint.pt
2026-07-17 19:25:28 | INFO | Epoch 3/100 | train_loss: 0.043201 | val_loss: 0.056342 | rmse: 0.237364 | mae: 0.185903 | mape: 67.5638% | r2: 0.942633 | nrmse: 0.069843 | lr: 0.00100000
2026-07-17 19:25:56 | INFO | Epoch 4/100 | train_loss: 0.042643 | val_loss: 0.029437 | rmse: 0.171572 | mae: 0.078787 | mape: 61.9769% | r2: 0.970028 | nrmse: 0.050484 | lr: 0.00100000
2026-07-17 19:25:56 | INFO | Saved new best checkpoint at epoch 4 (val_loss: 0.029437) -> /kaggle/working/PV-forecasting-DL/experiments/sequential_proposed/horizon_15/checkpoints/best_checkpoint.pt
2026-07-17 19:26:25 | INFO | Epoch 5/100 | train_loss: 0.042167 | val_loss: 0.029650 | rmse: 0.172193 | mae: 0.077199 | mape: 53.6790% | r2: 0.969810 | nrmse: 0.050667 | lr: 0.00100000
2026-07-17 19:26:54 | INFO | Epoch 6/100 | train_loss: 0.041889 | val_loss: 0.028178 | rmse: 0.167864 | mae: 0.073044 | mape: 61.9758% | r2: 0.971309 | nrmse: 0.049393 | lr: 0.00100000
2026-07-17 19:26:54 | INFO | Saved new best checkpoint at epoch 6 (val_loss: 0.028178) -> /kaggle/working/PV-forecasting-DL/experiments/sequential_proposed/horizon_15/checkpoints/best_checkpoint.pt
2026-07-17 19:27:23 | INFO | Epoch 7/100 | train_loss: 0.041442 | val_loss: 0.029085 | rmse: 0.170545 | mae: 0.079885 | mape: 57.2249% | r2: 0.970386 | nrmse: 0.050182 | lr: 0.00100000
2026-07-17 19:27:53 | INFO | Epoch 8/100 | train_loss: 0.041092 | val_loss: 0.028330 | rmse: 0.168315 | mae: 0.075902 | mape: 62.8769% | r2: 0.971155 | nrmse: 0.049526 | lr: 0.00100000
2026-07-17 19:28:21 | INFO | Epoch 9/100 | train_loss: 0.040899 | val_loss: 0.031612 | rmse: 0.177797 | mae: 0.087148 | mape: 55.1378% | r2: 0.967813 | nrmse: 0.052316 | lr: 0.00100000
2026-07-17 19:28:51 | INFO | Epoch 10/100 | train_loss: 0.040659 | val_loss: 0.029621 | rmse: 0.172106 | mae: 0.079309 | mape: 59.6458% | r2: 0.969841 | nrmse: 0.050642 | lr: 0.00100000
2026-07-17 19:29:19 | INFO | Epoch 11/100 | train_loss: 0.040493 | val_loss: 0.028251 | rmse: 0.168081 | mae: 0.073184 | mape: 62.2123% | r2: 0.971235 | nrmse: 0.049457 | lr: 0.00100000
2026-07-17 19:29:50 | INFO | Epoch 12/100 | train_loss: 0.040284 | val_loss: 0.028883 | rmse: 0.169950 | mae: 0.076352 | mape: 55.1172% | r2: 0.970592 | nrmse: 0.050007 | lr: 0.00050000
2026-07-17 19:30:18 | INFO | Epoch 13/100 | train_loss: 0.039231 | val_loss: 0.029045 | rmse: 0.170426 | mae: 0.076335 | mape: 57.1060% | r2: 0.970427 | nrmse: 0.050147 | lr: 0.00050000
2026-07-17 19:30:46 | INFO | Epoch 14/100 | train_loss: 0.039243 | val_loss: 0.029111 | rmse: 0.170618 | mae: 0.074492 | mape: 56.0736% | r2: 0.970360 | nrmse: 0.050204 | lr: 0.00050000
2026-07-17 19:31:15 | INFO | Epoch 15/100 | train_loss: 0.039126 | val_loss: 0.030541 | rmse: 0.174759 | mae: 0.080965 | mape: 56.3497% | r2: 0.968904 | nrmse: 0.051422 | lr: 0.00050000
2026-07-17 19:31:46 | INFO | Epoch 16/100 | train_loss: 0.039102 | val_loss: 0.027900 | rmse: 0.167034 | mae: 0.071088 | mape: 58.7634% | r2: 0.971592 | nrmse: 0.049149 | lr: 0.00050000
2026-07-17 19:31:46 | INFO | Saved new best checkpoint at epoch 16 (val_loss: 0.027900) -> /kaggle/working/PV-forecasting-DL/experiments/sequential_proposed/horizon_15/checkpoints/best_checkpoint.pt
2026-07-17 19:32:16 | INFO | Epoch 17/100 | train_loss: 0.039018 | val_loss: 0.028741 | rmse: 0.169531 | mae: 0.073883 | mape: 60.7873% | r2: 0.970737 | nrmse: 0.049884 | lr: 0.00050000
2026-07-17 19:32:48 | INFO | Epoch 18/100 | train_loss: 0.038867 | val_loss: 0.028147 | rmse: 0.167771 | mae: 0.072472 | mape: 61.1958% | r2: 0.971341 | nrmse: 0.049366 | lr: 0.00050000
2026-07-17 19:33:19 | INFO | Epoch 19/100 | train_loss: 0.038930 | val_loss: 0.030083 | rmse: 0.173443 | mae: 0.077621 | mape: 57.6768% | r2: 0.969370 | nrmse: 0.051035 | lr: 0.00050000
2026-07-17 19:33:50 | INFO | Epoch 20/100 | train_loss: 0.038825 | val_loss: 0.027991 | rmse: 0.167306 | mae: 0.075005 | mape: 61.7049% | r2: 0.971500 | nrmse: 0.049229 | lr: 0.00050000
2026-07-17 19:34:20 | INFO | Epoch 21/100 | train_loss: 0.038770 | val_loss: 0.029215 | rmse: 0.170925 | mae: 0.077056 | mape: 60.2614% | r2: 0.970253 | nrmse: 0.050294 | lr: 0.00050000
2026-07-17 19:34:50 | INFO | Epoch 22/100 | train_loss: 0.038669 | val_loss: 0.030486 | rmse: 0.174604 | mae: 0.084450 | mape: 61.1685% | r2: 0.968959 | nrmse: 0.051376 | lr: 0.00025000
2026-07-17 19:35:20 | INFO | Epoch 23/100 | train_loss: 0.038285 | val_loss: 0.027961 | rmse: 0.167214 | mae: 0.073455 | mape: 60.2116% | r2: 0.971531 | nrmse: 0.049202 | lr: 0.00025000
2026-07-17 19:35:50 | INFO | Epoch 24/100 | train_loss: 0.038126 | val_loss: 0.029221 | rmse: 0.170941 | mae: 0.075691 | mape: 60.0760% | r2: 0.970248 | nrmse: 0.050299 | lr: 0.00025000
2026-07-17 19:36:19 | INFO | Epoch 25/100 | train_loss: 0.038074 | val_loss: 0.028381 | rmse: 0.168467 | mae: 0.072852 | mape: 58.5877% | r2: 0.971103 | nrmse: 0.049571 | lr: 0.00025000
2026-07-17 19:36:49 | INFO | Epoch 26/100 | train_loss: 0.038110 | val_loss: 0.029632 | rmse: 0.172138 | mae: 0.077496 | mape: 59.7676% | r2: 0.969829 | nrmse: 0.050651 | lr: 0.00025000
2026-07-17 19:37:20 | INFO | Epoch 27/100 | train_loss: 0.038006 | val_loss: 0.028061 | rmse: 0.167516 | mae: 0.071639 | mape: 58.3357% | r2: 0.971428 | nrmse: 0.049291 | lr: 0.00025000
2026-07-17 19:37:51 | INFO | Epoch 28/100 | train_loss: 0.038013 | val_loss: 0.028965 | rmse: 0.170191 | mae: 0.075729 | mape: 60.2166% | r2: 0.970508 | nrmse: 0.050078 | lr: 0.00012500
2026-07-17 19:38:21 | INFO | Epoch 29/100 | train_loss: 0.037704 | val_loss: 0.028904 | rmse: 0.170011 | mae: 0.074351 | mape: 57.1542% | r2: 0.970571 | nrmse: 0.050025 | lr: 0.00012500
2026-07-17 19:38:52 | INFO | Epoch 30/100 | train_loss: 0.037693 | val_loss: 0.028795 | rmse: 0.169692 | mae: 0.076408 | mape: 57.8773% | r2: 0.970681 | nrmse: 0.049931 | lr: 0.00012500
2026-07-17 19:39:22 | INFO | Epoch 31/100 | train_loss: 0.037554 | val_loss: 0.028955 | rmse: 0.170161 | mae: 0.078290 | mape: 56.0549% | r2: 0.970519 | nrmse: 0.050069 | lr: 0.00012500
2026-07-17 19:39:22 | INFO | Early stopping triggered at epoch 31 (no improvement for 15 epochs).
2026-07-17 19:39:22 | INFO | Training history saved to /kaggle/working/PV-forecasting-DL/experiments/sequential_proposed/horizon_15/history.json
2026-07-17 19:39:23 | INFO | Baseline experiment analysis complete for /kaggle/working/PV-forecasting-DL/experiments/sequential_proposed/horizon_15.
2026-07-20 10:12:59 | INFO | Epoch 1/100 | train_loss: 0.040133 | val_loss: 0.014018 | rmse: 0.118398 | mae: 0.049986 | mape: 36.3482% | r2: 0.985727 | nrmse: 0.034838 | lr: 0.00100000
2026-07-20 10:12:59 | INFO | Saved new best checkpoint at epoch 1 (val_loss: 0.014018) -> /kaggle/working/PV-forecasting-DL/experiments/sequential_proposed/horizon_15/checkpoints/best_checkpoint.pt
2026-07-20 10:13:26 | INFO | Epoch 2/100 | train_loss: 0.023194 | val_loss: 0.013390 | rmse: 0.115714 | mae: 0.050551 | mape: 34.4985% | r2: 0.986367 | nrmse: 0.034048 | lr: 0.00100000
2026-07-20 10:13:26 | INFO | Saved new best checkpoint at epoch 2 (val_loss: 0.013390) -> /kaggle/working/PV-forecasting-DL/experiments/sequential_proposed/horizon_15/checkpoints/best_checkpoint.pt
2026-07-20 10:13:53 | INFO | Epoch 3/100 | train_loss: 0.021773 | val_loss: 0.013546 | rmse: 0.116385 | mae: 0.052685 | mape: 34.9185% | r2: 0.986208 | nrmse: 0.034246 | lr: 0.00100000
2026-07-20 10:14:20 | INFO | Epoch 4/100 | train_loss: 0.021057 | val_loss: 0.011600 | rmse: 0.107701 | mae: 0.043439 | mape: 32.7532% | r2: 0.988190 | nrmse: 0.031691 | lr: 0.00100000
2026-07-20 10:14:20 | INFO | Saved new best checkpoint at epoch 4 (val_loss: 0.011600) -> /kaggle/working/PV-forecasting-DL/experiments/sequential_proposed/horizon_15/checkpoints/best_checkpoint.pt
2026-07-20 10:14:47 | INFO | Epoch 5/100 | train_loss: 0.020654 | val_loss: 0.013544 | rmse: 0.116377 | mae: 0.056218 | mape: 32.3638% | r2: 0.986210 | nrmse: 0.034243 | lr: 0.00100000
2026-07-20 10:15:14 | INFO | Epoch 6/100 | train_loss: 0.020084 | val_loss: 0.010988 | rmse: 0.104824 | mae: 0.044358 | mape: 33.9564% | r2: 0.988812 | nrmse: 0.030844 | lr: 0.00100000
2026-07-20 10:15:14 | INFO | Saved new best checkpoint at epoch 6 (val_loss: 0.010988) -> /kaggle/working/PV-forecasting-DL/experiments/sequential_proposed/horizon_15/checkpoints/best_checkpoint.pt
2026-07-20 10:15:41 | INFO | Epoch 7/100 | train_loss: 0.019737 | val_loss: 0.011891 | rmse: 0.109044 | mae: 0.050517 | mape: 36.3195% | r2: 0.987893 | nrmse: 0.032086 | lr: 0.00100000
2026-07-20 10:16:08 | INFO | Epoch 8/100 | train_loss: 0.019477 | val_loss: 0.011480 | rmse: 0.107147 | mae: 0.048841 | mape: 31.6712% | r2: 0.988311 | nrmse: 0.031527 | lr: 0.00100000
2026-07-20 10:16:35 | INFO | Epoch 9/100 | train_loss: 0.019046 | val_loss: 0.010665 | rmse: 0.103273 | mae: 0.043196 | mape: 33.1591% | r2: 0.989141 | nrmse: 0.030388 | lr: 0.00100000
2026-07-20 10:16:35 | INFO | Saved new best checkpoint at epoch 9 (val_loss: 0.010665) -> /kaggle/working/PV-forecasting-DL/experiments/sequential_proposed/horizon_15/checkpoints/best_checkpoint.pt
2026-07-20 10:17:02 | INFO | Epoch 10/100 | train_loss: 0.019027 | val_loss: 0.010942 | rmse: 0.104605 | mae: 0.045802 | mape: 32.7295% | r2: 0.988859 | nrmse: 0.030780 | lr: 0.00100000
2026-07-20 10:17:29 | INFO | Epoch 11/100 | train_loss: 0.018899 | val_loss: 0.011049 | rmse: 0.105113 | mae: 0.047101 | mape: 37.3484% | r2: 0.988750 | nrmse: 0.030929 | lr: 0.00100000
2026-07-20 10:17:55 | INFO | Epoch 12/100 | train_loss: 0.018760 | val_loss: 0.011460 | rmse: 0.107051 | mae: 0.047262 | mape: 31.5593% | r2: 0.988332 | nrmse: 0.031499 | lr: 0.00100000
2026-07-20 10:18:22 | INFO | Epoch 13/100 | train_loss: 0.018794 | val_loss: 0.010455 | rmse: 0.102249 | mae: 0.041839 | mape: 38.0858% | r2: 0.989355 | nrmse: 0.030086 | lr: 0.00100000
2026-07-20 10:18:22 | INFO | Saved new best checkpoint at epoch 13 (val_loss: 0.010455) -> /kaggle/working/PV-forecasting-DL/experiments/sequential_proposed/horizon_15/checkpoints/best_checkpoint.pt
2026-07-20 10:18:49 | INFO | Epoch 14/100 | train_loss: 0.018692 | val_loss: 0.010959 | rmse: 0.104685 | mae: 0.045873 | mape: 31.2937% | r2: 0.988842 | nrmse: 0.030803 | lr: 0.00100000
2026-07-20 10:19:16 | INFO | Epoch 15/100 | train_loss: 0.018702 | val_loss: 0.010949 | rmse: 0.104638 | mae: 0.050733 | mape: 33.8635% | r2: 0.988852 | nrmse: 0.030789 | lr: 0.00100000
2026-07-20 10:19:44 | INFO | Epoch 16/100 | train_loss: 0.018671 | val_loss: 0.010673 | rmse: 0.103308 | mae: 0.044701 | mape: 32.1817% | r2: 0.989133 | nrmse: 0.030398 | lr: 0.00100000
2026-07-20 10:20:10 | INFO | Epoch 17/100 | train_loss: 0.018565 | val_loss: 0.011891 | rmse: 0.109045 | mae: 0.050035 | mape: 33.2636% | r2: 0.987893 | nrmse: 0.032086 | lr: 0.00100000
2026-07-20 10:20:37 | INFO | Epoch 18/100 | train_loss: 0.018548 | val_loss: 0.010909 | rmse: 0.104448 | mae: 0.046999 | mape: 35.1426% | r2: 0.988892 | nrmse: 0.030733 | lr: 0.00100000
2026-07-20 10:21:05 | INFO | Epoch 19/100 | train_loss: 0.018527 | val_loss: 0.011685 | rmse: 0.108099 | mae: 0.053490 | mape: 30.6748% | r2: 0.988102 | nrmse: 0.031808 | lr: 0.00050000
2026-07-20 10:21:31 | INFO | Epoch 20/100 | train_loss: 0.017819 | val_loss: 0.010520 | rmse: 0.102568 | mae: 0.044876 | mape: 33.8194% | r2: 0.989289 | nrmse: 0.030180 | lr: 0.00050000
2026-07-20 10:21:58 | INFO | Epoch 21/100 | train_loss: 0.017793 | val_loss: 0.013302 | rmse: 0.115335 | mae: 0.057148 | mape: 31.8643% | r2: 0.986456 | nrmse: 0.033937 | lr: 0.00050000
2026-07-20 10:22:25 | INFO | Epoch 22/100 | train_loss: 0.017750 | val_loss: 0.010490 | rmse: 0.102419 | mae: 0.045019 | mape: 31.0720% | r2: 0.989320 | nrmse: 0.030136 | lr: 0.00050000
2026-07-20 10:22:52 | INFO | Epoch 23/100 | train_loss: 0.017708 | val_loss: 0.010296 | rmse: 0.101470 | mae: 0.046006 | mape: 31.0951% | r2: 0.989517 | nrmse: 0.029857 | lr: 0.00050000
2026-07-20 10:22:52 | INFO | Saved new best checkpoint at epoch 23 (val_loss: 0.010296) -> /kaggle/working/PV-forecasting-DL/experiments/sequential_proposed/horizon_15/checkpoints/best_checkpoint.pt
2026-07-20 10:23:19 | INFO | Epoch 24/100 | train_loss: 0.017720 | val_loss: 0.010324 | rmse: 0.101607 | mae: 0.044024 | mape: 34.9872% | r2: 0.989488 | nrmse: 0.029898 | lr: 0.00050000
2026-07-20 10:23:46 | INFO | Epoch 25/100 | train_loss: 0.017653 | val_loss: 0.010252 | rmse: 0.101252 | mae: 0.043503 | mape: 32.0312% | r2: 0.989562 | nrmse: 0.029793 | lr: 0.00050000
2026-07-20 10:23:46 | INFO | Saved new best checkpoint at epoch 25 (val_loss: 0.010252) -> /kaggle/working/PV-forecasting-DL/experiments/sequential_proposed/horizon_15/checkpoints/best_checkpoint.pt
2026-07-20 10:24:14 | INFO | Epoch 26/100 | train_loss: 0.017641 | val_loss: 0.010452 | rmse: 0.102236 | mae: 0.044069 | mape: 31.3582% | r2: 0.989358 | nrmse: 0.030082 | lr: 0.00050000
2026-07-20 10:24:41 | INFO | Epoch 27/100 | train_loss: 0.017514 | val_loss: 0.010183 | rmse: 0.100910 | mae: 0.046511 | mape: 32.9458% | r2: 0.989632 | nrmse: 0.029692 | lr: 0.00050000
2026-07-20 10:24:41 | INFO | Saved new best checkpoint at epoch 27 (val_loss: 0.010183) -> /kaggle/working/PV-forecasting-DL/experiments/sequential_proposed/horizon_15/checkpoints/best_checkpoint.pt
2026-07-20 10:25:08 | INFO | Epoch 28/100 | train_loss: 0.017483 | val_loss: 0.009894 | rmse: 0.099469 | mae: 0.042240 | mape: 33.1892% | r2: 0.989926 | nrmse: 0.029268 | lr: 0.00050000
2026-07-20 10:25:08 | INFO | Saved new best checkpoint at epoch 28 (val_loss: 0.009894) -> /kaggle/working/PV-forecasting-DL/experiments/sequential_proposed/horizon_15/checkpoints/best_checkpoint.pt
2026-07-20 10:25:36 | INFO | Epoch 29/100 | train_loss: 0.017497 | val_loss: 0.009946 | rmse: 0.099731 | mae: 0.039778 | mape: 29.8569% | r2: 0.989873 | nrmse: 0.029345 | lr: 0.00050000
2026-07-20 10:26:03 | INFO | Epoch 30/100 | train_loss: 0.017509 | val_loss: 0.010450 | rmse: 0.102225 | mae: 0.048738 | mape: 34.1679% | r2: 0.989360 | nrmse: 0.030079 | lr: 0.00050000
2026-07-20 10:26:31 | INFO | Epoch 31/100 | train_loss: 0.017407 | val_loss: 0.010575 | rmse: 0.102833 | mae: 0.045853 | mape: 34.2263% | r2: 0.989233 | nrmse: 0.030258 | lr: 0.00050000
2026-07-20 10:26:58 | INFO | Epoch 32/100 | train_loss: 0.017426 | val_loss: 0.010681 | rmse: 0.103351 | mae: 0.052046 | mape: 33.5821% | r2: 0.989124 | nrmse: 0.030411 | lr: 0.00050000
2026-07-20 10:27:25 | INFO | Epoch 33/100 | train_loss: 0.017430 | val_loss: 0.010724 | rmse: 0.103554 | mae: 0.046225 | mape: 34.9342% | r2: 0.989081 | nrmse: 0.030470 | lr: 0.00050000
2026-07-20 10:27:52 | INFO | Epoch 34/100 | train_loss: 0.017378 | val_loss: 0.009760 | rmse: 0.098792 | mae: 0.041303 | mape: 31.0788% | r2: 0.990063 | nrmse: 0.029069 | lr: 0.00050000
2026-07-20 10:27:52 | INFO | Saved new best checkpoint at epoch 34 (val_loss: 0.009760) -> /kaggle/working/PV-forecasting-DL/experiments/sequential_proposed/horizon_15/checkpoints/best_checkpoint.pt
2026-07-20 10:28:19 | INFO | Epoch 35/100 | train_loss: 0.017433 | val_loss: 0.009528 | rmse: 0.097610 | mae: 0.040014 | mape: 31.4841% | r2: 0.990299 | nrmse: 0.028721 | lr: 0.00050000
2026-07-20 10:28:19 | INFO | Saved new best checkpoint at epoch 35 (val_loss: 0.009528) -> /kaggle/working/PV-forecasting-DL/experiments/sequential_proposed/horizon_15/checkpoints/best_checkpoint.pt
2026-07-20 10:28:46 | INFO | Epoch 36/100 | train_loss: 0.017415 | val_loss: 0.010549 | rmse: 0.102709 | mae: 0.045735 | mape: 32.1472% | r2: 0.989259 | nrmse: 0.030222 | lr: 0.00050000
2026-07-20 10:29:13 | INFO | Epoch 37/100 | train_loss: 0.017392 | val_loss: 0.009791 | rmse: 0.098949 | mae: 0.042024 | mape: 30.5336% | r2: 0.990031 | nrmse: 0.029115 | lr: 0.00050000
2026-07-20 10:29:40 | INFO | Epoch 38/100 | train_loss: 0.017369 | val_loss: 0.010092 | rmse: 0.100460 | mae: 0.042918 | mape: 31.0887% | r2: 0.989724 | nrmse: 0.029560 | lr: 0.00050000
2026-07-20 10:30:08 | INFO | Epoch 39/100 | train_loss: 0.017364 | val_loss: 0.011098 | rmse: 0.105348 | mae: 0.050076 | mape: 32.7873% | r2: 0.988700 | nrmse: 0.030998 | lr: 0.00050000
2026-07-20 10:30:35 | INFO | Epoch 40/100 | train_loss: 0.017429 | val_loss: 0.011409 | rmse: 0.106813 | mae: 0.049499 | mape: 30.8138% | r2: 0.988383 | nrmse: 0.031429 | lr: 0.00050000
2026-07-20 10:31:02 | INFO | Epoch 41/100 | train_loss: 0.017389 | val_loss: 0.009761 | rmse: 0.098799 | mae: 0.040465 | mape: 33.0166% | r2: 0.990061 | nrmse: 0.029071 | lr: 0.00025000
2026-07-20 10:31:30 | INFO | Epoch 42/100 | train_loss: 0.016995 | val_loss: 0.010280 | rmse: 0.101391 | mae: 0.044497 | mape: 31.7150% | r2: 0.989533 | nrmse: 0.029834 | lr: 0.00025000
2026-07-20 10:31:57 | INFO | Epoch 43/100 | train_loss: 0.016944 | val_loss: 0.009955 | rmse: 0.099774 | mae: 0.043503 | mape: 33.2432% | r2: 0.989864 | nrmse: 0.029358 | lr: 0.00025000
2026-07-20 10:32:23 | INFO | Epoch 44/100 | train_loss: 0.016951 | val_loss: 0.009816 | rmse: 0.099075 | mae: 0.042454 | mape: 32.3378% | r2: 0.990006 | nrmse: 0.029152 | lr: 0.00025000
2026-07-20 10:32:51 | INFO | Epoch 45/100 | train_loss: 0.016914 | val_loss: 0.009976 | rmse: 0.099880 | mae: 0.047446 | mape: 32.6082% | r2: 0.989843 | nrmse: 0.029389 | lr: 0.00025000
2026-07-20 10:33:18 | INFO | Epoch 46/100 | train_loss: 0.016947 | val_loss: 0.009635 | rmse: 0.098159 | mae: 0.042957 | mape: 32.4300% | r2: 0.990190 | nrmse: 0.028883 | lr: 0.00025000
2026-07-20 10:33:45 | INFO | Epoch 47/100 | train_loss: 0.016891 | val_loss: 0.010198 | rmse: 0.100985 | mae: 0.044173 | mape: 29.4956% | r2: 0.989617 | nrmse: 0.029714 | lr: 0.00012500
2026-07-20 10:34:13 | INFO | Epoch 48/100 | train_loss: 0.016737 | val_loss: 0.009473 | rmse: 0.097329 | mae: 0.040634 | mape: 31.1831% | r2: 0.990355 | nrmse: 0.028639 | lr: 0.00012500
2026-07-20 10:34:13 | INFO | Saved new best checkpoint at epoch 48 (val_loss: 0.009473) -> /kaggle/working/PV-forecasting-DL/experiments/sequential_proposed/horizon_15/checkpoints/best_checkpoint.pt
2026-07-20 10:34:40 | INFO | Epoch 49/100 | train_loss: 0.016675 | val_loss: 0.009393 | rmse: 0.096915 | mae: 0.041053 | mape: 31.6813% | r2: 0.990437 | nrmse: 0.028517 | lr: 0.00012500
2026-07-20 10:34:40 | INFO | Saved new best checkpoint at epoch 49 (val_loss: 0.009393) -> /kaggle/working/PV-forecasting-DL/experiments/sequential_proposed/horizon_15/checkpoints/best_checkpoint.pt
2026-07-20 10:35:07 | INFO | Epoch 50/100 | train_loss: 0.016676 | val_loss: 0.010265 | rmse: 0.101315 | mae: 0.046938 | mape: 32.5938% | r2: 0.989549 | nrmse: 0.029811 | lr: 0.00012500
2026-07-20 10:35:34 | INFO | Epoch 51/100 | train_loss: 0.016606 | val_loss: 0.009726 | rmse: 0.098620 | mae: 0.044550 | mape: 32.2533% | r2: 0.990097 | nrmse: 0.029019 | lr: 0.00012500
2026-07-20 10:36:01 | INFO | Epoch 52/100 | train_loss: 0.016627 | val_loss: 0.010289 | rmse: 0.101433 | mae: 0.045770 | mape: 32.0012% | r2: 0.989524 | nrmse: 0.029846 | lr: 0.00012500
2026-07-20 10:36:28 | INFO | Epoch 53/100 | train_loss: 0.016672 | val_loss: 0.009908 | rmse: 0.099538 | mae: 0.042967 | mape: 31.0060% | r2: 0.989912 | nrmse: 0.029289 | lr: 0.00012500
2026-07-20 10:36:56 | INFO | Epoch 54/100 | train_loss: 0.016641 | val_loss: 0.009852 | rmse: 0.099256 | mae: 0.043129 | mape: 31.2971% | r2: 0.989969 | nrmse: 0.029206 | lr: 0.00012500
2026-07-20 10:37:22 | INFO | Epoch 55/100 | train_loss: 0.016646 | val_loss: 0.009620 | rmse: 0.098084 | mae: 0.043175 | mape: 31.9410% | r2: 0.990205 | nrmse: 0.028861 | lr: 0.00006250
2026-07-20 10:37:49 | INFO | Epoch 56/100 | train_loss: 0.016546 | val_loss: 0.009705 | rmse: 0.098512 | mae: 0.042304 | mape: 31.6634% | r2: 0.990119 | nrmse: 0.028987 | lr: 0.00006250
2026-07-20 10:38:16 | INFO | Epoch 57/100 | train_loss: 0.016466 | val_loss: 0.009587 | rmse: 0.097914 | mae: 0.041609 | mape: 31.1120% | r2: 0.990239 | nrmse: 0.028811 | lr: 0.00006250
2026-07-20 10:38:44 | INFO | Epoch 58/100 | train_loss: 0.016436 | val_loss: 0.009282 | rmse: 0.096342 | mae: 0.039930 | mape: 31.0506% | r2: 0.990549 | nrmse: 0.028348 | lr: 0.00006250
2026-07-20 10:38:44 | INFO | Saved new best checkpoint at epoch 58 (val_loss: 0.009282) -> /kaggle/working/PV-forecasting-DL/experiments/sequential_proposed/horizon_15/checkpoints/best_checkpoint.pt
2026-07-20 10:39:10 | INFO | Epoch 59/100 | train_loss: 0.016504 | val_loss: 0.009624 | rmse: 0.098103 | mae: 0.042795 | mape: 32.2188% | r2: 0.990201 | nrmse: 0.028866 | lr: 0.00006250
2026-07-20 10:39:37 | INFO | Epoch 60/100 | train_loss: 0.016490 | val_loss: 0.009520 | rmse: 0.097569 | mae: 0.042207 | mape: 30.9044% | r2: 0.990307 | nrmse: 0.028709 | lr: 0.00006250
2026-07-20 10:40:05 | INFO | Epoch 61/100 | train_loss: 0.016469 | val_loss: 0.009546 | rmse: 0.097703 | mae: 0.042560 | mape: 30.4193% | r2: 0.990281 | nrmse: 0.028749 | lr: 0.00006250
2026-07-20 10:40:32 | INFO | Epoch 62/100 | train_loss: 0.016495 | val_loss: 0.009433 | rmse: 0.097121 | mae: 0.042163 | mape: 30.2456% | r2: 0.990396 | nrmse: 0.028578 | lr: 0.00006250
2026-07-20 10:40:59 | INFO | Epoch 63/100 | train_loss: 0.016512 | val_loss: 0.009264 | rmse: 0.096252 | mae: 0.039792 | mape: 30.3331% | r2: 0.990567 | nrmse: 0.028322 | lr: 0.00006250
2026-07-20 10:41:00 | INFO | Saved new best checkpoint at epoch 63 (val_loss: 0.009264) -> /kaggle/working/PV-forecasting-DL/experiments/sequential_proposed/horizon_15/checkpoints/best_checkpoint.pt
2026-07-20 10:41:27 | INFO | Epoch 64/100 | train_loss: 0.016506 | val_loss: 0.009566 | rmse: 0.097805 | mae: 0.042621 | mape: 30.6902% | r2: 0.990260 | nrmse: 0.028779 | lr: 0.00006250
2026-07-20 10:41:54 | INFO | Epoch 65/100 | train_loss: 0.016460 | val_loss: 0.009651 | rmse: 0.098239 | mae: 0.043733 | mape: 30.2884% | r2: 0.990174 | nrmse: 0.028906 | lr: 0.00006250
2026-07-20 10:42:21 | INFO | Epoch 66/100 | train_loss: 0.016513 | val_loss: 0.009521 | rmse: 0.097577 | mae: 0.042706 | mape: 30.2246% | r2: 0.990306 | nrmse: 0.028712 | lr: 0.00006250
2026-07-20 10:42:48 | INFO | Epoch 67/100 | train_loss: 0.016468 | val_loss: 0.009501 | rmse: 0.097472 | mae: 0.042591 | mape: 31.3950% | r2: 0.990326 | nrmse: 0.028681 | lr: 0.00006250
2026-07-20 10:43:15 | INFO | Epoch 68/100 | train_loss: 0.016453 | val_loss: 0.009363 | rmse: 0.096765 | mae: 0.040862 | mape: 30.8877% | r2: 0.990466 | nrmse: 0.028473 | lr: 0.00006250
2026-07-20 10:43:43 | INFO | Epoch 69/100 | train_loss: 0.016493 | val_loss: 0.009386 | rmse: 0.096879 | mae: 0.040853 | mape: 31.7664% | r2: 0.990444 | nrmse: 0.028506 | lr: 0.00003125
2026-07-20 10:44:10 | INFO | Epoch 70/100 | train_loss: 0.016482 | val_loss: 0.009654 | rmse: 0.098254 | mae: 0.043217 | mape: 30.0900% | r2: 0.990171 | nrmse: 0.028911 | lr: 0.00003125
2026-07-20 10:44:37 | INFO | Epoch 71/100 | train_loss: 0.016397 | val_loss: 0.009559 | rmse: 0.097770 | mae: 0.041894 | mape: 30.2830% | r2: 0.990267 | nrmse: 0.028768 | lr: 0.00003125
2026-07-20 10:45:05 | INFO | Epoch 72/100 | train_loss: 0.016339 | val_loss: 0.009037 | rmse: 0.095064 | mae: 0.039297 | mape: 30.4193% | r2: 0.990798 | nrmse: 0.027972 | lr: 0.00003125
2026-07-20 10:45:05 | INFO | Saved new best checkpoint at epoch 72 (val_loss: 0.009037) -> /kaggle/working/PV-forecasting-DL/experiments/sequential_proposed/horizon_15/checkpoints/best_checkpoint.pt
2026-07-20 10:45:32 | INFO | Epoch 73/100 | train_loss: 0.016375 | val_loss: 0.009402 | rmse: 0.096962 | mae: 0.041012 | mape: 30.3445% | r2: 0.990427 | nrmse: 0.028531 | lr: 0.00003125
2026-07-20 10:45:59 | INFO | Epoch 74/100 | train_loss: 0.016363 | val_loss: 0.009436 | rmse: 0.097138 | mae: 0.040987 | mape: 29.9036% | r2: 0.990393 | nrmse: 0.028582 | lr: 0.00003125
2026-07-20 10:46:26 | INFO | Epoch 75/100 | train_loss: 0.016386 | val_loss: 0.009468 | rmse: 0.097306 | mae: 0.043218 | mape: 30.1838% | r2: 0.990359 | nrmse: 0.028632 | lr: 0.00003125
2026-07-20 10:46:54 | INFO | Epoch 76/100 | train_loss: 0.016356 | val_loss: 0.009630 | rmse: 0.098133 | mae: 0.042430 | mape: 29.9444% | r2: 0.990195 | nrmse: 0.028875 | lr: 0.00003125
2026-07-20 10:47:21 | INFO | Epoch 77/100 | train_loss: 0.016456 | val_loss: 0.009744 | rmse: 0.098710 | mae: 0.044483 | mape: 30.6680% | r2: 0.990079 | nrmse: 0.029045 | lr: 0.00003125
2026-07-20 10:47:49 | INFO | Epoch 78/100 | train_loss: 0.016404 | val_loss: 0.009647 | rmse: 0.098222 | mae: 0.043436 | mape: 30.5178% | r2: 0.990177 | nrmse: 0.028901 | lr: 0.00001563
2026-07-20 10:48:18 | INFO | Epoch 79/100 | train_loss: 0.016315 | val_loss: 0.009472 | rmse: 0.097323 | mae: 0.042194 | mape: 31.0317% | r2: 0.990356 | nrmse: 0.028637 | lr: 0.00001563
2026-07-20 10:48:47 | INFO | Epoch 80/100 | train_loss: 0.016299 | val_loss: 0.009729 | rmse: 0.098635 | mae: 0.044072 | mape: 30.0787% | r2: 0.990094 | nrmse: 0.029023 | lr: 0.00001563
2026-07-20 10:49:16 | INFO | Epoch 81/100 | train_loss: 0.016373 | val_loss: 0.009425 | rmse: 0.097083 | mae: 0.041310 | mape: 30.8776% | r2: 0.990404 | nrmse: 0.028566 | lr: 0.00001563
2026-07-20 10:49:45 | INFO | Epoch 82/100 | train_loss: 0.016321 | val_loss: 0.009380 | rmse: 0.096853 | mae: 0.041496 | mape: 30.7887% | r2: 0.990449 | nrmse: 0.028499 | lr: 0.00001563
2026-07-20 10:50:14 | INFO | Epoch 83/100 | train_loss: 0.016328 | val_loss: 0.009402 | rmse: 0.096962 | mae: 0.042002 | mape: 30.7548% | r2: 0.990427 | nrmse: 0.028531 | lr: 0.00001563
2026-07-20 10:50:44 | INFO | Epoch 84/100 | train_loss: 0.016296 | val_loss: 0.009569 | rmse: 0.097820 | mae: 0.042884 | mape: 30.6547% | r2: 0.990257 | nrmse: 0.028783 | lr: 0.00000781
2026-07-20 10:51:13 | INFO | Epoch 85/100 | train_loss: 0.016315 | val_loss: 0.009394 | rmse: 0.096923 | mae: 0.042154 | mape: 30.3529% | r2: 0.990435 | nrmse: 0.028519 | lr: 0.00000781
2026-07-20 10:51:42 | INFO | Epoch 86/100 | train_loss: 0.016310 | val_loss: 0.009310 | rmse: 0.096487 | mae: 0.041737 | mape: 30.5127% | r2: 0.990521 | nrmse: 0.028391 | lr: 0.00000781
2026-07-20 10:52:11 | INFO | Epoch 87/100 | train_loss: 0.016280 | val_loss: 0.009490 | rmse: 0.097417 | mae: 0.042151 | mape: 30.5215% | r2: 0.990337 | nrmse: 0.028664 | lr: 0.00000781
2026-07-20 10:52:11 | INFO | Early stopping triggered at epoch 87 (no improvement for 15 epochs).
2026-07-20 10:52:11 | INFO | Training history saved to /kaggle/working/PV-forecasting-DL/experiments/sequential_proposed/horizon_15/history.json
2026-07-20 10:52:12 | INFO | Baseline experiment analysis complete for /kaggle/working/PV-forecasting-DL/experiments/sequential_proposed/horizon_15.
