2026-07-23 13:31:36 | INFO | Epoch 1/100 | train_loss: 0.046886 | val_loss: 0.027184 | rmse: 0.164876 | mae: 0.058536 | mape: 55.0892% | r2: 0.972322 | nrmse: 0.048514 | lr: 0.00100000
2026-07-23 13:31:36 | INFO | Saved new best checkpoint at epoch 1 (val_loss: 0.027184) -> /kaggle/working/PV-forecasting-DL/experiments/lstm/horizon_15/run_3/checkpoints/best_checkpoint.pt
2026-07-23 13:31:53 | INFO | Epoch 2/100 | train_loss: 0.036917 | val_loss: 0.026758 | rmse: 0.163578 | mae: 0.067826 | mape: 59.8056% | r2: 0.972756 | nrmse: 0.048132 | lr: 0.00100000
2026-07-23 13:31:53 | INFO | Saved new best checkpoint at epoch 2 (val_loss: 0.026758) -> /kaggle/working/PV-forecasting-DL/experiments/lstm/horizon_15/run_3/checkpoints/best_checkpoint.pt
2026-07-23 13:32:10 | INFO | Epoch 3/100 | train_loss: 0.035663 | val_loss: 0.027595 | rmse: 0.166117 | mae: 0.069542 | mape: 59.6631% | r2: 0.971903 | nrmse: 0.048879 | lr: 0.00100000
2026-07-23 13:32:26 | INFO | Epoch 4/100 | train_loss: 0.035001 | val_loss: 0.027417 | rmse: 0.165582 | mae: 0.069396 | mape: 54.7728% | r2: 0.972084 | nrmse: 0.048722 | lr: 0.00100000
2026-07-23 13:32:43 | INFO | Epoch 5/100 | train_loss: 0.034488 | val_loss: 0.026025 | rmse: 0.161322 | mae: 0.060301 | mape: 54.1807% | r2: 0.973502 | nrmse: 0.047468 | lr: 0.00100000
2026-07-23 13:32:43 | INFO | Saved new best checkpoint at epoch 5 (val_loss: 0.026025) -> /kaggle/working/PV-forecasting-DL/experiments/lstm/horizon_15/run_3/checkpoints/best_checkpoint.pt
2026-07-23 13:33:00 | INFO | Epoch 6/100 | train_loss: 0.034257 | val_loss: 0.025790 | rmse: 0.160593 | mae: 0.061446 | mape: 55.6605% | r2: 0.973741 | nrmse: 0.047254 | lr: 0.00100000
2026-07-23 13:33:00 | INFO | Saved new best checkpoint at epoch 6 (val_loss: 0.025790) -> /kaggle/working/PV-forecasting-DL/experiments/lstm/horizon_15/run_3/checkpoints/best_checkpoint.pt
2026-07-23 13:33:17 | INFO | Epoch 7/100 | train_loss: 0.033990 | val_loss: 0.025571 | rmse: 0.159910 | mae: 0.059468 | mape: 55.1158% | r2: 0.973964 | nrmse: 0.047053 | lr: 0.00100000
2026-07-23 13:33:17 | INFO | Saved new best checkpoint at epoch 7 (val_loss: 0.025571) -> /kaggle/working/PV-forecasting-DL/experiments/lstm/horizon_15/run_3/checkpoints/best_checkpoint.pt
2026-07-23 13:33:33 | INFO | Epoch 8/100 | train_loss: 0.033718 | val_loss: 0.025473 | rmse: 0.159602 | mae: 0.056792 | mape: 51.2544% | r2: 0.974064 | nrmse: 0.046962 | lr: 0.00100000
2026-07-23 13:33:33 | INFO | Saved new best checkpoint at epoch 8 (val_loss: 0.025473) -> /kaggle/working/PV-forecasting-DL/experiments/lstm/horizon_15/run_3/checkpoints/best_checkpoint.pt
2026-07-23 13:33:50 | INFO | Epoch 9/100 | train_loss: 0.033517 | val_loss: 0.025416 | rmse: 0.159423 | mae: 0.055933 | mape: 55.0829% | r2: 0.974122 | nrmse: 0.046910 | lr: 0.00100000
2026-07-23 13:33:50 | INFO | Saved new best checkpoint at epoch 9 (val_loss: 0.025416) -> /kaggle/working/PV-forecasting-DL/experiments/lstm/horizon_15/run_3/checkpoints/best_checkpoint.pt
2026-07-23 13:34:07 | INFO | Epoch 10/100 | train_loss: 0.033218 | val_loss: 0.025127 | rmse: 0.158514 | mae: 0.056412 | mape: 56.3890% | r2: 0.974416 | nrmse: 0.046642 | lr: 0.00100000
2026-07-23 13:34:07 | INFO | Saved new best checkpoint at epoch 10 (val_loss: 0.025127) -> /kaggle/working/PV-forecasting-DL/experiments/lstm/horizon_15/run_3/checkpoints/best_checkpoint.pt
2026-07-23 13:34:24 | INFO | Epoch 11/100 | train_loss: 0.033212 | val_loss: 0.025292 | rmse: 0.159034 | mae: 0.062616 | mape: 57.8002% | r2: 0.974248 | nrmse: 0.046795 | lr: 0.00100000
2026-07-23 13:34:41 | INFO | Epoch 12/100 | train_loss: 0.033167 | val_loss: 0.025187 | rmse: 0.158705 | mae: 0.056677 | mape: 53.3872% | r2: 0.974355 | nrmse: 0.046698 | lr: 0.00100000
2026-07-23 13:34:57 | INFO | Epoch 13/100 | train_loss: 0.033069 | val_loss: 0.025483 | rmse: 0.159633 | mae: 0.063486 | mape: 54.0522% | r2: 0.974054 | nrmse: 0.046971 | lr: 0.00100000
2026-07-23 13:35:14 | INFO | Epoch 14/100 | train_loss: 0.032975 | val_loss: 0.025093 | rmse: 0.158407 | mae: 0.059478 | mape: 53.6755% | r2: 0.974451 | nrmse: 0.046611 | lr: 0.00100000
2026-07-23 13:35:14 | INFO | Saved new best checkpoint at epoch 14 (val_loss: 0.025093) -> /kaggle/working/PV-forecasting-DL/experiments/lstm/horizon_15/run_3/checkpoints/best_checkpoint.pt
2026-07-23 13:35:31 | INFO | Epoch 15/100 | train_loss: 0.032943 | val_loss: 0.025684 | rmse: 0.160261 | mae: 0.070188 | mape: 54.9665% | r2: 0.973849 | nrmse: 0.047156 | lr: 0.00100000
2026-07-23 13:35:48 | INFO | Epoch 16/100 | train_loss: 0.032975 | val_loss: 0.025179 | rmse: 0.158678 | mae: 0.058885 | mape: 53.3292% | r2: 0.974363 | nrmse: 0.046690 | lr: 0.00100000
2026-07-23 13:36:05 | INFO | Epoch 17/100 | train_loss: 0.032832 | val_loss: 0.026687 | rmse: 0.163363 | mae: 0.074916 | mape: 54.1626% | r2: 0.972827 | nrmse: 0.048069 | lr: 0.00100000
2026-07-23 13:36:21 | INFO | Epoch 18/100 | train_loss: 0.032922 | val_loss: 0.025539 | rmse: 0.159808 | mae: 0.060081 | mape: 50.7794% | r2: 0.973997 | nrmse: 0.047023 | lr: 0.00100000
2026-07-23 13:36:38 | INFO | Epoch 19/100 | train_loss: 0.032811 | val_loss: 0.025186 | rmse: 0.158700 | mae: 0.057073 | mape: 51.1860% | r2: 0.974356 | nrmse: 0.046697 | lr: 0.00100000
2026-07-23 13:36:55 | INFO | Epoch 20/100 | train_loss: 0.032769 | val_loss: 0.025197 | rmse: 0.158735 | mae: 0.058610 | mape: 50.8351% | r2: 0.974345 | nrmse: 0.046707 | lr: 0.00050000
2026-07-23 13:37:12 | INFO | Epoch 21/100 | train_loss: 0.032265 | val_loss: 0.025182 | rmse: 0.158689 | mae: 0.063841 | mape: 51.1869% | r2: 0.974360 | nrmse: 0.046693 | lr: 0.00050000
2026-07-23 13:37:28 | INFO | Epoch 22/100 | train_loss: 0.032232 | val_loss: 0.024992 | rmse: 0.158089 | mae: 0.056433 | mape: 52.2337% | r2: 0.974553 | nrmse: 0.046517 | lr: 0.00050000
2026-07-23 13:37:28 | INFO | Saved new best checkpoint at epoch 22 (val_loss: 0.024992) -> /kaggle/working/PV-forecasting-DL/experiments/lstm/horizon_15/run_3/checkpoints/best_checkpoint.pt
2026-07-23 13:37:45 | INFO | Epoch 23/100 | train_loss: 0.032299 | val_loss: 0.025425 | rmse: 0.159453 | mae: 0.065181 | mape: 54.1996% | r2: 0.974113 | nrmse: 0.046918 | lr: 0.00050000
2026-07-23 13:38:02 | INFO | Epoch 24/100 | train_loss: 0.032118 | val_loss: 0.025449 | rmse: 0.159527 | mae: 0.061924 | mape: 52.3603% | r2: 0.974088 | nrmse: 0.046940 | lr: 0.00050000
2026-07-23 13:38:19 | INFO | Epoch 25/100 | train_loss: 0.032216 | val_loss: 0.025144 | rmse: 0.158570 | mae: 0.067150 | mape: 53.6512% | r2: 0.974398 | nrmse: 0.046659 | lr: 0.00050000
2026-07-23 13:38:35 | INFO | Epoch 26/100 | train_loss: 0.032172 | val_loss: 0.025248 | rmse: 0.158896 | mae: 0.061474 | mape: 49.5653% | r2: 0.974293 | nrmse: 0.046755 | lr: 0.00050000
2026-07-23 13:38:52 | INFO | Epoch 27/100 | train_loss: 0.032123 | val_loss: 0.024864 | rmse: 0.157682 | mae: 0.061516 | mape: 53.1698% | r2: 0.974684 | nrmse: 0.046397 | lr: 0.00050000
2026-07-23 13:38:52 | INFO | Saved new best checkpoint at epoch 27 (val_loss: 0.024864) -> /kaggle/working/PV-forecasting-DL/experiments/lstm/horizon_15/run_3/checkpoints/best_checkpoint.pt
2026-07-23 13:39:09 | INFO | Epoch 28/100 | train_loss: 0.032118 | val_loss: 0.024912 | rmse: 0.157835 | mae: 0.057194 | mape: 50.9927% | r2: 0.974635 | nrmse: 0.046442 | lr: 0.00050000
2026-07-23 13:39:26 | INFO | Epoch 29/100 | train_loss: 0.032189 | val_loss: 0.024884 | rmse: 0.157746 | mae: 0.056959 | mape: 50.6387% | r2: 0.974664 | nrmse: 0.046416 | lr: 0.00050000
2026-07-23 13:39:43 | INFO | Epoch 30/100 | train_loss: 0.032109 | val_loss: 0.025537 | rmse: 0.159802 | mae: 0.065179 | mape: 49.5903% | r2: 0.973999 | nrmse: 0.047021 | lr: 0.00050000
2026-07-23 13:40:00 | INFO | Epoch 31/100 | train_loss: 0.031981 | val_loss: 0.024986 | rmse: 0.158071 | mae: 0.059149 | mape: 49.8938% | r2: 0.974559 | nrmse: 0.046512 | lr: 0.00050000
2026-07-23 13:40:17 | INFO | Epoch 32/100 | train_loss: 0.032117 | val_loss: 0.025211 | rmse: 0.158780 | mae: 0.065237 | mape: 50.8743% | r2: 0.974330 | nrmse: 0.046720 | lr: 0.00050000
2026-07-23 13:40:34 | INFO | Epoch 33/100 | train_loss: 0.032077 | val_loss: 0.024695 | rmse: 0.157147 | mae: 0.057797 | mape: 51.7122% | r2: 0.974856 | nrmse: 0.046240 | lr: 0.00050000
2026-07-23 13:40:34 | INFO | Saved new best checkpoint at epoch 33 (val_loss: 0.024695) -> /kaggle/working/PV-forecasting-DL/experiments/lstm/horizon_15/run_3/checkpoints/best_checkpoint.pt
2026-07-23 13:40:51 | INFO | Epoch 34/100 | train_loss: 0.032047 | val_loss: 0.024954 | rmse: 0.157967 | mae: 0.055207 | mape: 49.4135% | r2: 0.974593 | nrmse: 0.046481 | lr: 0.00050000
2026-07-23 13:41:08 | INFO | Epoch 35/100 | train_loss: 0.031987 | val_loss: 0.025020 | rmse: 0.158176 | mae: 0.058797 | mape: 52.9985% | r2: 0.974525 | nrmse: 0.046543 | lr: 0.00050000
2026-07-23 13:41:25 | INFO | Epoch 36/100 | train_loss: 0.032143 | val_loss: 0.025181 | rmse: 0.158685 | mae: 0.063531 | mape: 52.1348% | r2: 0.974361 | nrmse: 0.046692 | lr: 0.00050000
2026-07-23 13:41:42 | INFO | Epoch 37/100 | train_loss: 0.032074 | val_loss: 0.024840 | rmse: 0.157607 | mae: 0.055133 | mape: 48.4545% | r2: 0.974708 | nrmse: 0.046375 | lr: 0.00050000
2026-07-23 13:41:59 | INFO | Epoch 38/100 | train_loss: 0.031967 | val_loss: 0.024711 | rmse: 0.157197 | mae: 0.056766 | mape: 47.6198% | r2: 0.974840 | nrmse: 0.046254 | lr: 0.00050000
2026-07-23 13:42:15 | INFO | Epoch 39/100 | train_loss: 0.031999 | val_loss: 0.024793 | rmse: 0.157457 | mae: 0.057088 | mape: 50.2629% | r2: 0.974756 | nrmse: 0.046331 | lr: 0.00025000
2026-07-23 13:42:32 | INFO | Epoch 40/100 | train_loss: 0.031724 | val_loss: 0.024645 | rmse: 0.156987 | mae: 0.055637 | mape: 49.5749% | r2: 0.974907 | nrmse: 0.046193 | lr: 0.00025000
2026-07-23 13:42:32 | INFO | Saved new best checkpoint at epoch 40 (val_loss: 0.024645) -> /kaggle/working/PV-forecasting-DL/experiments/lstm/horizon_15/run_3/checkpoints/best_checkpoint.pt
2026-07-23 13:42:49 | INFO | Epoch 41/100 | train_loss: 0.031656 | val_loss: 0.024817 | rmse: 0.157534 | mae: 0.061098 | mape: 49.6861% | r2: 0.974732 | nrmse: 0.046354 | lr: 0.00025000
2026-07-23 13:43:06 | INFO | Epoch 42/100 | train_loss: 0.031704 | val_loss: 0.024617 | rmse: 0.156899 | mae: 0.056423 | mape: 49.6778% | r2: 0.974935 | nrmse: 0.046167 | lr: 0.00025000
2026-07-23 13:43:06 | INFO | Saved new best checkpoint at epoch 42 (val_loss: 0.024617) -> /kaggle/working/PV-forecasting-DL/experiments/lstm/horizon_15/run_3/checkpoints/best_checkpoint.pt
2026-07-23 13:43:23 | INFO | Epoch 43/100 | train_loss: 0.031657 | val_loss: 0.024540 | rmse: 0.156653 | mae: 0.057180 | mape: 48.9849% | r2: 0.975014 | nrmse: 0.046094 | lr: 0.00025000
2026-07-23 13:43:23 | INFO | Saved new best checkpoint at epoch 43 (val_loss: 0.024540) -> /kaggle/working/PV-forecasting-DL/experiments/lstm/horizon_15/run_3/checkpoints/best_checkpoint.pt
2026-07-23 13:43:39 | INFO | Epoch 44/100 | train_loss: 0.031674 | val_loss: 0.024810 | rmse: 0.157513 | mae: 0.060969 | mape: 48.4064% | r2: 0.974738 | nrmse: 0.046348 | lr: 0.00025000
2026-07-23 13:43:57 | INFO | Epoch 45/100 | train_loss: 0.031672 | val_loss: 0.024934 | rmse: 0.157906 | mae: 0.062822 | mape: 47.7986% | r2: 0.974612 | nrmse: 0.046463 | lr: 0.00025000
2026-07-23 13:44:13 | INFO | Epoch 46/100 | train_loss: 0.031669 | val_loss: 0.024655 | rmse: 0.157019 | mae: 0.054938 | mape: 47.6594% | r2: 0.974897 | nrmse: 0.046202 | lr: 0.00025000
2026-07-23 13:44:30 | INFO | Epoch 47/100 | train_loss: 0.031650 | val_loss: 0.024643 | rmse: 0.156981 | mae: 0.057267 | mape: 49.2241% | r2: 0.974909 | nrmse: 0.046191 | lr: 0.00025000
2026-07-23 13:44:47 | INFO | Epoch 48/100 | train_loss: 0.031629 | val_loss: 0.024964 | rmse: 0.157999 | mae: 0.057548 | mape: 48.1051% | r2: 0.974582 | nrmse: 0.046491 | lr: 0.00025000
2026-07-23 13:45:05 | INFO | Epoch 49/100 | train_loss: 0.031651 | val_loss: 0.024755 | rmse: 0.157339 | mae: 0.061070 | mape: 51.5444% | r2: 0.974794 | nrmse: 0.046296 | lr: 0.00012500
2026-07-23 13:45:22 | INFO | Epoch 50/100 | train_loss: 0.031481 | val_loss: 0.024554 | rmse: 0.156699 | mae: 0.060089 | mape: 50.5051% | r2: 0.974999 | nrmse: 0.046108 | lr: 0.00012500
2026-07-23 13:45:38 | INFO | Epoch 51/100 | train_loss: 0.031414 | val_loss: 0.024476 | rmse: 0.156448 | mae: 0.054363 | mape: 49.3802% | r2: 0.975079 | nrmse: 0.046034 | lr: 0.00012500
2026-07-23 13:45:38 | INFO | Saved new best checkpoint at epoch 51 (val_loss: 0.024476) -> /kaggle/working/PV-forecasting-DL/experiments/lstm/horizon_15/run_3/checkpoints/best_checkpoint.pt
2026-07-23 13:45:55 | INFO | Epoch 52/100 | train_loss: 0.031379 | val_loss: 0.024638 | rmse: 0.156966 | mae: 0.057969 | mape: 47.9487% | r2: 0.974914 | nrmse: 0.046187 | lr: 0.00012500
2026-07-23 13:46:12 | INFO | Epoch 53/100 | train_loss: 0.031448 | val_loss: 0.024467 | rmse: 0.156419 | mae: 0.054834 | mape: 48.6971% | r2: 0.975088 | nrmse: 0.046026 | lr: 0.00012500
2026-07-23 13:46:12 | INFO | Saved new best checkpoint at epoch 53 (val_loss: 0.024467) -> /kaggle/working/PV-forecasting-DL/experiments/lstm/horizon_15/run_3/checkpoints/best_checkpoint.pt
2026-07-23 13:46:29 | INFO | Epoch 54/100 | train_loss: 0.031423 | val_loss: 0.024674 | rmse: 0.157078 | mae: 0.059079 | mape: 49.2761% | r2: 0.974878 | nrmse: 0.046220 | lr: 0.00012500
2026-07-23 13:46:46 | INFO | Epoch 55/100 | train_loss: 0.031429 | val_loss: 0.024551 | rmse: 0.156689 | mae: 0.055867 | mape: 48.2850% | r2: 0.975002 | nrmse: 0.046105 | lr: 0.00012500
2026-07-23 13:47:03 | INFO | Epoch 56/100 | train_loss: 0.031438 | val_loss: 0.024582 | rmse: 0.156785 | mae: 0.055690 | mape: 49.2378% | r2: 0.974971 | nrmse: 0.046133 | lr: 0.00012500
2026-07-23 13:47:20 | INFO | Epoch 57/100 | train_loss: 0.031284 | val_loss: 0.024482 | rmse: 0.156467 | mae: 0.055313 | mape: 48.1251% | r2: 0.975073 | nrmse: 0.046040 | lr: 0.00012500
2026-07-23 13:47:37 | INFO | Epoch 58/100 | train_loss: 0.031345 | val_loss: 0.024642 | rmse: 0.156978 | mae: 0.057777 | mape: 49.0701% | r2: 0.974910 | nrmse: 0.046190 | lr: 0.00012500
2026-07-23 13:47:54 | INFO | Epoch 59/100 | train_loss: 0.031414 | val_loss: 0.024588 | rmse: 0.156806 | mae: 0.059090 | mape: 49.5771% | r2: 0.974965 | nrmse: 0.046139 | lr: 0.00006250
2026-07-23 13:48:11 | INFO | Epoch 60/100 | train_loss: 0.031295 | val_loss: 0.024586 | rmse: 0.156800 | mae: 0.057981 | mape: 48.9221% | r2: 0.974967 | nrmse: 0.046138 | lr: 0.00006250
2026-07-23 13:48:28 | INFO | Epoch 61/100 | train_loss: 0.031268 | val_loss: 0.024535 | rmse: 0.156636 | mae: 0.057142 | mape: 48.6646% | r2: 0.975019 | nrmse: 0.046089 | lr: 0.00006250
2026-07-23 13:48:45 | INFO | Epoch 62/100 | train_loss: 0.031330 | val_loss: 0.024568 | rmse: 0.156740 | mae: 0.058931 | mape: 50.1691% | r2: 0.974986 | nrmse: 0.046120 | lr: 0.00006250
2026-07-23 13:49:02 | INFO | Epoch 63/100 | train_loss: 0.031253 | val_loss: 0.024686 | rmse: 0.157119 | mae: 0.057582 | mape: 48.9251% | r2: 0.974865 | nrmse: 0.046232 | lr: 0.00006250
2026-07-23 13:49:20 | INFO | Epoch 64/100 | train_loss: 0.031268 | val_loss: 0.024654 | rmse: 0.157015 | mae: 0.056547 | mape: 48.4318% | r2: 0.974898 | nrmse: 0.046201 | lr: 0.00006250
2026-07-23 13:49:36 | INFO | Epoch 65/100 | train_loss: 0.031253 | val_loss: 0.024445 | rmse: 0.156350 | mae: 0.057357 | mape: 48.7246% | r2: 0.975110 | nrmse: 0.046005 | lr: 0.00006250
2026-07-23 13:49:36 | INFO | Saved new best checkpoint at epoch 65 (val_loss: 0.024445) -> /kaggle/working/PV-forecasting-DL/experiments/lstm/horizon_15/run_3/checkpoints/best_checkpoint.pt
2026-07-23 13:49:53 | INFO | Epoch 66/100 | train_loss: 0.031221 | val_loss: 0.024664 | rmse: 0.157046 | mae: 0.059565 | mape: 49.4552% | r2: 0.974888 | nrmse: 0.046210 | lr: 0.00006250
2026-07-23 13:50:11 | INFO | Epoch 67/100 | train_loss: 0.031276 | val_loss: 0.024593 | rmse: 0.156821 | mae: 0.056972 | mape: 48.7194% | r2: 0.974960 | nrmse: 0.046144 | lr: 0.00006250
2026-07-23 13:50:28 | INFO | Epoch 68/100 | train_loss: 0.031275 | val_loss: 0.024409 | rmse: 0.156235 | mae: 0.056859 | mape: 50.0953% | r2: 0.975147 | nrmse: 0.045972 | lr: 0.00006250
2026-07-23 13:50:28 | INFO | Saved new best checkpoint at epoch 68 (val_loss: 0.024409) -> /kaggle/working/PV-forecasting-DL/experiments/lstm/horizon_15/run_3/checkpoints/best_checkpoint.pt
2026-07-23 13:50:45 | INFO | Epoch 69/100 | train_loss: 0.031313 | val_loss: 0.024525 | rmse: 0.156605 | mae: 0.055745 | mape: 49.2104% | r2: 0.975029 | nrmse: 0.046080 | lr: 0.00006250
2026-07-23 13:51:02 | INFO | Epoch 70/100 | train_loss: 0.031276 | val_loss: 0.024729 | rmse: 0.157254 | mae: 0.062538 | mape: 49.5012% | r2: 0.974821 | nrmse: 0.046271 | lr: 0.00006250
2026-07-23 13:51:19 | INFO | Epoch 71/100 | train_loss: 0.031207 | val_loss: 0.024845 | rmse: 0.157624 | mae: 0.059460 | mape: 48.6164% | r2: 0.974703 | nrmse: 0.046380 | lr: 0.00006250
2026-07-23 13:51:36 | INFO | Epoch 72/100 | train_loss: 0.031225 | val_loss: 0.024681 | rmse: 0.157102 | mae: 0.061696 | mape: 50.0737% | r2: 0.974870 | nrmse: 0.046227 | lr: 0.00006250
2026-07-23 13:51:52 | INFO | Epoch 73/100 | train_loss: 0.031242 | val_loss: 0.024620 | rmse: 0.156908 | mae: 0.057480 | mape: 48.4523% | r2: 0.974932 | nrmse: 0.046169 | lr: 0.00006250
2026-07-23 13:52:10 | INFO | Epoch 74/100 | train_loss: 0.031323 | val_loss: 0.024545 | rmse: 0.156670 | mae: 0.056328 | mape: 50.9033% | r2: 0.975008 | nrmse: 0.046099 | lr: 0.00003125
2026-07-23 13:52:27 | INFO | Epoch 75/100 | train_loss: 0.031196 | val_loss: 0.024498 | rmse: 0.156519 | mae: 0.058138 | mape: 49.7749% | r2: 0.975056 | nrmse: 0.046055 | lr: 0.00003125
2026-07-23 13:52:44 | INFO | Epoch 76/100 | train_loss: 0.031190 | val_loss: 0.024578 | rmse: 0.156772 | mae: 0.060665 | mape: 50.3248% | r2: 0.974975 | nrmse: 0.046130 | lr: 0.00003125
2026-07-23 13:53:01 | INFO | Epoch 77/100 | train_loss: 0.031199 | val_loss: 0.024501 | rmse: 0.156529 | mae: 0.058332 | mape: 49.2083% | r2: 0.975053 | nrmse: 0.046058 | lr: 0.00003125
2026-07-23 13:53:17 | INFO | Epoch 78/100 | train_loss: 0.031149 | val_loss: 0.024638 | rmse: 0.156965 | mae: 0.060578 | mape: 48.9058% | r2: 0.974914 | nrmse: 0.046186 | lr: 0.00003125
2026-07-23 13:53:35 | INFO | Epoch 79/100 | train_loss: 0.031155 | val_loss: 0.024501 | rmse: 0.156527 | mae: 0.055714 | mape: 49.2158% | r2: 0.975054 | nrmse: 0.046057 | lr: 0.00003125
2026-07-23 13:53:52 | INFO | Epoch 80/100 | train_loss: 0.031216 | val_loss: 0.024475 | rmse: 0.156444 | mae: 0.056829 | mape: 49.4512% | r2: 0.975080 | nrmse: 0.046033 | lr: 0.00001563
2026-07-23 13:54:09 | INFO | Epoch 81/100 | train_loss: 0.031205 | val_loss: 0.024581 | rmse: 0.156783 | mae: 0.058983 | mape: 48.7990% | r2: 0.974972 | nrmse: 0.046133 | lr: 0.00001563
2026-07-23 13:54:26 | INFO | Epoch 82/100 | train_loss: 0.031122 | val_loss: 0.024480 | rmse: 0.156460 | mae: 0.056824 | mape: 48.8773% | r2: 0.975075 | nrmse: 0.046038 | lr: 0.00001563
2026-07-23 13:54:43 | INFO | Epoch 83/100 | train_loss: 0.031151 | val_loss: 0.024635 | rmse: 0.156955 | mae: 0.059221 | mape: 49.0412% | r2: 0.974917 | nrmse: 0.046183 | lr: 0.00001563
2026-07-23 13:54:43 | INFO | Early stopping triggered at epoch 83 (no improvement for 15 epochs).
2026-07-23 13:54:43 | INFO | Training history saved to /kaggle/working/PV-forecasting-DL/experiments/lstm/horizon_15/run_3/history.json
2026-07-23 13:54:43 | INFO | Baseline experiment analysis complete for /kaggle/working/PV-forecasting-DL/experiments/lstm/horizon_15/run_3.
