2026-07-17 17:31:07 | INFO | Epoch 1/100 | train_loss: 0.063278 | val_loss: 0.048193 | rmse: 0.219528 | mae: 0.160331 | mape: 68.1607% | r2: 0.950931 | nrmse: 0.064595 | lr: 0.00100000
2026-07-17 17:31:07 | INFO | Saved new best checkpoint at epoch 1 (val_loss: 0.048193) -> /kaggle/working/PV-forecasting-DL/experiments/proposed_no_fa_no_fusion/horizon_15/checkpoints/best_checkpoint.pt
2026-07-17 17:31:36 | INFO | Epoch 2/100 | train_loss: 0.045230 | val_loss: 0.032602 | rmse: 0.180561 | mae: 0.105157 | mape: 64.1564% | r2: 0.966805 | nrmse: 0.053129 | lr: 0.00100000
2026-07-17 17:31:36 | INFO | Saved new best checkpoint at epoch 2 (val_loss: 0.032602) -> /kaggle/working/PV-forecasting-DL/experiments/proposed_no_fa_no_fusion/horizon_15/checkpoints/best_checkpoint.pt
2026-07-17 17:32:05 | INFO | Epoch 3/100 | train_loss: 0.042169 | val_loss: 0.032558 | rmse: 0.180438 | mae: 0.090006 | mape: 54.7080% | r2: 0.966850 | nrmse: 0.053093 | lr: 0.00100000
2026-07-17 17:32:05 | INFO | Saved new best checkpoint at epoch 3 (val_loss: 0.032558) -> /kaggle/working/PV-forecasting-DL/experiments/proposed_no_fa_no_fusion/horizon_15/checkpoints/best_checkpoint.pt
2026-07-17 17:32:36 | INFO | Epoch 4/100 | train_loss: 0.041324 | val_loss: 0.028749 | rmse: 0.169555 | mae: 0.072935 | mape: 60.2345% | r2: 0.970728 | nrmse: 0.049891 | lr: 0.00100000
2026-07-17 17:32:36 | INFO | Saved new best checkpoint at epoch 4 (val_loss: 0.028749) -> /kaggle/working/PV-forecasting-DL/experiments/proposed_no_fa_no_fusion/horizon_15/checkpoints/best_checkpoint.pt
2026-07-17 17:33:06 | INFO | Epoch 5/100 | train_loss: 0.040856 | val_loss: 0.029747 | rmse: 0.172475 | mae: 0.085717 | mape: 67.1059% | r2: 0.969712 | nrmse: 0.050750 | lr: 0.00100000
2026-07-17 17:33:35 | INFO | Epoch 6/100 | train_loss: 0.040628 | val_loss: 0.030275 | rmse: 0.173998 | mae: 0.086159 | mape: 60.4063% | r2: 0.969174 | nrmse: 0.051198 | lr: 0.00100000
2026-07-17 17:34:05 | INFO | Epoch 7/100 | train_loss: 0.040032 | val_loss: 0.029143 | rmse: 0.170712 | mae: 0.075346 | mape: 62.1621% | r2: 0.970327 | nrmse: 0.050231 | lr: 0.00100000
2026-07-17 17:34:35 | INFO | Epoch 8/100 | train_loss: 0.039585 | val_loss: 0.029837 | rmse: 0.172733 | mae: 0.084773 | mape: 65.5441% | r2: 0.969621 | nrmse: 0.050826 | lr: 0.00100000
2026-07-17 17:35:06 | INFO | Epoch 9/100 | train_loss: 0.039442 | val_loss: 0.029135 | rmse: 0.170691 | mae: 0.075212 | mape: 62.2880% | r2: 0.970335 | nrmse: 0.050225 | lr: 0.00100000
2026-07-17 17:35:38 | INFO | Epoch 10/100 | train_loss: 0.039411 | val_loss: 0.028759 | rmse: 0.169584 | mae: 0.075654 | mape: 63.5514% | r2: 0.970718 | nrmse: 0.049899 | lr: 0.00050000
2026-07-17 17:36:09 | INFO | Epoch 11/100 | train_loss: 0.038829 | val_loss: 0.029269 | rmse: 0.171081 | mae: 0.075577 | mape: 61.1065% | r2: 0.970199 | nrmse: 0.050340 | lr: 0.00050000
2026-07-17 17:36:41 | INFO | Epoch 12/100 | train_loss: 0.038559 | val_loss: 0.028089 | rmse: 0.167598 | mae: 0.070093 | mape: 60.8101% | r2: 0.971400 | nrmse: 0.049315 | lr: 0.00050000
2026-07-17 17:36:41 | INFO | Saved new best checkpoint at epoch 12 (val_loss: 0.028089) -> /kaggle/working/PV-forecasting-DL/experiments/proposed_no_fa_no_fusion/horizon_15/checkpoints/best_checkpoint.pt
2026-07-17 17:37:12 | INFO | Epoch 13/100 | train_loss: 0.038576 | val_loss: 0.028722 | rmse: 0.169475 | mae: 0.070380 | mape: 62.5851% | r2: 0.970756 | nrmse: 0.049867 | lr: 0.00050000
2026-07-17 17:37:42 | INFO | Epoch 14/100 | train_loss: 0.038429 | val_loss: 0.029378 | rmse: 0.171401 | mae: 0.074498 | mape: 62.9789% | r2: 0.970087 | nrmse: 0.050434 | lr: 0.00050000
2026-07-17 17:38:12 | INFO | Epoch 15/100 | train_loss: 0.038400 | val_loss: 0.028915 | rmse: 0.170044 | mae: 0.073295 | mape: 58.9422% | r2: 0.970559 | nrmse: 0.050035 | lr: 0.00050000
2026-07-17 17:38:42 | INFO | Epoch 16/100 | train_loss: 0.038382 | val_loss: 0.029388 | rmse: 0.171430 | mae: 0.076100 | mape: 60.9282% | r2: 0.970077 | nrmse: 0.050443 | lr: 0.00050000
2026-07-17 17:39:12 | INFO | Epoch 17/100 | train_loss: 0.038221 | val_loss: 0.029850 | rmse: 0.172771 | mae: 0.078659 | mape: 59.6866% | r2: 0.969607 | nrmse: 0.050837 | lr: 0.00050000
2026-07-17 17:39:43 | INFO | Epoch 18/100 | train_loss: 0.038150 | val_loss: 0.030081 | rmse: 0.173439 | mae: 0.075059 | mape: 55.5965% | r2: 0.969372 | nrmse: 0.051034 | lr: 0.00025000
2026-07-17 17:40:13 | INFO | Epoch 19/100 | train_loss: 0.037803 | val_loss: 0.028458 | rmse: 0.168695 | mae: 0.071917 | mape: 61.0357% | r2: 0.971024 | nrmse: 0.049638 | lr: 0.00025000
2026-07-17 17:40:43 | INFO | Epoch 20/100 | train_loss: 0.037733 | val_loss: 0.029615 | rmse: 0.172091 | mae: 0.073457 | mape: 57.0403% | r2: 0.969846 | nrmse: 0.050637 | lr: 0.00025000
2026-07-17 17:41:13 | INFO | Epoch 21/100 | train_loss: 0.037672 | val_loss: 0.029892 | rmse: 0.172892 | mae: 0.076566 | mape: 60.6533% | r2: 0.969565 | nrmse: 0.050873 | lr: 0.00025000
2026-07-17 17:41:44 | INFO | Epoch 22/100 | train_loss: 0.037603 | val_loss: 0.029363 | rmse: 0.171356 | mae: 0.075090 | mape: 61.0310% | r2: 0.970103 | nrmse: 0.050421 | lr: 0.00025000
2026-07-17 17:42:14 | INFO | Epoch 23/100 | train_loss: 0.037585 | val_loss: 0.028782 | rmse: 0.169652 | mae: 0.071656 | mape: 61.2902% | r2: 0.970695 | nrmse: 0.049919 | lr: 0.00025000
2026-07-17 17:42:44 | INFO | Epoch 24/100 | train_loss: 0.037609 | val_loss: 0.030298 | rmse: 0.174063 | mae: 0.076242 | mape: 58.0156% | r2: 0.969151 | nrmse: 0.051217 | lr: 0.00012500
2026-07-17 17:43:12 | INFO | Epoch 25/100 | train_loss: 0.037349 | val_loss: 0.030849 | rmse: 0.175638 | mae: 0.088929 | mape: 62.3978% | r2: 0.968590 | nrmse: 0.051681 | lr: 0.00012500
2026-07-17 17:43:42 | INFO | Epoch 26/100 | train_loss: 0.037259 | val_loss: 0.029435 | rmse: 0.171567 | mae: 0.073787 | mape: 58.7445% | r2: 0.970029 | nrmse: 0.050483 | lr: 0.00012500
2026-07-17 17:44:12 | INFO | Epoch 27/100 | train_loss: 0.037333 | val_loss: 0.028903 | rmse: 0.170008 | mae: 0.072117 | mape: 58.5747% | r2: 0.970572 | nrmse: 0.050024 | lr: 0.00012500
2026-07-17 17:44:12 | INFO | Early stopping triggered at epoch 27 (no improvement for 15 epochs).
2026-07-17 17:44:12 | INFO | Training history saved to /kaggle/working/PV-forecasting-DL/experiments/proposed_no_fa_no_fusion/horizon_15/history.json
2026-07-17 17:44:13 | INFO | Baseline experiment analysis complete for /kaggle/working/PV-forecasting-DL/experiments/proposed_no_fa_no_fusion/horizon_15.
2026-07-20 17:47:40 | INFO | Epoch 1/100 | train_loss: 0.056727 | val_loss: 0.029875 | rmse: 0.172843 | mae: 0.078517 | mape: 53.6464% | r2: 0.969582 | nrmse: 0.050858 | lr: 0.00100000
2026-07-20 17:47:40 | INFO | Saved new best checkpoint at epoch 1 (val_loss: 0.029875) -> /kaggle/working/PV-forecasting-DL/experiments/proposed_no_fa_no_fusion/horizon_15/checkpoints/best_checkpoint.pt
2026-07-20 17:48:04 | INFO | Epoch 2/100 | train_loss: 0.039004 | val_loss: 0.028667 | rmse: 0.169312 | mae: 0.075418 | mape: 55.9299% | r2: 0.970812 | nrmse: 0.049819 | lr: 0.00100000
2026-07-20 17:48:04 | INFO | Saved new best checkpoint at epoch 2 (val_loss: 0.028667) -> /kaggle/working/PV-forecasting-DL/experiments/proposed_no_fa_no_fusion/horizon_15/checkpoints/best_checkpoint.pt
2026-07-20 17:48:30 | INFO | Epoch 3/100 | train_loss: 0.036042 | val_loss: 0.026839 | rmse: 0.163827 | mae: 0.064727 | mape: 57.8417% | r2: 0.972673 | nrmse: 0.048205 | lr: 0.00100000
2026-07-20 17:48:30 | INFO | Saved new best checkpoint at epoch 3 (val_loss: 0.026839) -> /kaggle/working/PV-forecasting-DL/experiments/proposed_no_fa_no_fusion/horizon_15/checkpoints/best_checkpoint.pt
2026-07-20 17:48:55 | INFO | Epoch 4/100 | train_loss: 0.035095 | val_loss: 0.028466 | rmse: 0.168718 | mae: 0.072471 | mape: 56.0243% | r2: 0.971016 | nrmse: 0.049645 | lr: 0.00100000
2026-07-20 17:49:19 | INFO | Epoch 5/100 | train_loss: 0.034523 | val_loss: 0.026778 | rmse: 0.163639 | mae: 0.061456 | mape: 56.5310% | r2: 0.972735 | nrmse: 0.048150 | lr: 0.00100000
2026-07-20 17:49:19 | INFO | Saved new best checkpoint at epoch 5 (val_loss: 0.026778) -> /kaggle/working/PV-forecasting-DL/experiments/proposed_no_fa_no_fusion/horizon_15/checkpoints/best_checkpoint.pt
2026-07-20 17:49:44 | INFO | Epoch 6/100 | train_loss: 0.034376 | val_loss: 0.026418 | rmse: 0.162535 | mae: 0.060047 | mape: 54.3018% | r2: 0.973102 | nrmse: 0.047825 | lr: 0.00100000
2026-07-20 17:49:44 | INFO | Saved new best checkpoint at epoch 6 (val_loss: 0.026418) -> /kaggle/working/PV-forecasting-DL/experiments/proposed_no_fa_no_fusion/horizon_15/checkpoints/best_checkpoint.pt
2026-07-20 17:50:09 | INFO | Epoch 7/100 | train_loss: 0.034258 | val_loss: 0.026551 | rmse: 0.162946 | mae: 0.062408 | mape: 54.1532% | r2: 0.972966 | nrmse: 0.047946 | lr: 0.00100000
2026-07-20 17:50:34 | INFO | Epoch 8/100 | train_loss: 0.033777 | val_loss: 0.026801 | rmse: 0.163710 | mae: 0.060508 | mape: 57.2578% | r2: 0.972712 | nrmse: 0.048171 | lr: 0.00100000
2026-07-20 17:50:59 | INFO | Epoch 9/100 | train_loss: 0.033515 | val_loss: 0.026264 | rmse: 0.162062 | mae: 0.059542 | mape: 56.9446% | r2: 0.973258 | nrmse: 0.047686 | lr: 0.00100000
2026-07-20 17:50:59 | INFO | Saved new best checkpoint at epoch 9 (val_loss: 0.026264) -> /kaggle/working/PV-forecasting-DL/experiments/proposed_no_fa_no_fusion/horizon_15/checkpoints/best_checkpoint.pt
2026-07-20 17:51:24 | INFO | Epoch 10/100 | train_loss: 0.033320 | val_loss: 0.026048 | rmse: 0.161395 | mae: 0.060940 | mape: 57.2116% | r2: 0.973478 | nrmse: 0.047490 | lr: 0.00100000
2026-07-20 17:51:24 | INFO | Saved new best checkpoint at epoch 10 (val_loss: 0.026048) -> /kaggle/working/PV-forecasting-DL/experiments/proposed_no_fa_no_fusion/horizon_15/checkpoints/best_checkpoint.pt
2026-07-20 17:51:49 | INFO | Epoch 11/100 | train_loss: 0.033265 | val_loss: 0.026175 | rmse: 0.161787 | mae: 0.057631 | mape: 57.4607% | r2: 0.973349 | nrmse: 0.047605 | lr: 0.00100000
2026-07-20 17:52:14 | INFO | Epoch 12/100 | train_loss: 0.033170 | val_loss: 0.027119 | rmse: 0.164678 | mae: 0.064757 | mape: 53.6106% | r2: 0.972388 | nrmse: 0.048456 | lr: 0.00100000
2026-07-20 17:52:39 | INFO | Epoch 13/100 | train_loss: 0.033140 | val_loss: 0.026089 | rmse: 0.161520 | mae: 0.064127 | mape: 53.1475% | r2: 0.973437 | nrmse: 0.047526 | lr: 0.00100000
2026-07-20 17:53:04 | INFO | Epoch 14/100 | train_loss: 0.032964 | val_loss: 0.026480 | rmse: 0.162727 | mae: 0.068755 | mape: 55.0704% | r2: 0.973038 | nrmse: 0.047882 | lr: 0.00100000
2026-07-20 17:53:29 | INFO | Epoch 15/100 | train_loss: 0.032740 | val_loss: 0.026801 | rmse: 0.163711 | mae: 0.070664 | mape: 61.3009% | r2: 0.972711 | nrmse: 0.048171 | lr: 0.00100000
2026-07-20 17:53:54 | INFO | Epoch 16/100 | train_loss: 0.032648 | val_loss: 0.027690 | rmse: 0.166403 | mae: 0.081424 | mape: 55.5277% | r2: 0.971807 | nrmse: 0.048963 | lr: 0.00050000
2026-07-20 17:54:20 | INFO | Epoch 17/100 | train_loss: 0.032103 | val_loss: 0.025716 | rmse: 0.160361 | mae: 0.059128 | mape: 53.2073% | r2: 0.973817 | nrmse: 0.047185 | lr: 0.00050000
2026-07-20 17:54:20 | INFO | Saved new best checkpoint at epoch 17 (val_loss: 0.025716) -> /kaggle/working/PV-forecasting-DL/experiments/proposed_no_fa_no_fusion/horizon_15/checkpoints/best_checkpoint.pt
2026-07-20 17:54:45 | INFO | Epoch 18/100 | train_loss: 0.032066 | val_loss: 0.025829 | rmse: 0.160713 | mae: 0.058324 | mape: 57.0245% | r2: 0.973701 | nrmse: 0.047289 | lr: 0.00050000
2026-07-20 17:55:10 | INFO | Epoch 19/100 | train_loss: 0.032026 | val_loss: 0.025979 | rmse: 0.161179 | mae: 0.063688 | mape: 53.6974% | r2: 0.973549 | nrmse: 0.047426 | lr: 0.00050000
2026-07-20 17:55:35 | INFO | Epoch 20/100 | train_loss: 0.031896 | val_loss: 0.025330 | rmse: 0.159153 | mae: 0.056822 | mape: 57.1470% | r2: 0.974209 | nrmse: 0.046830 | lr: 0.00050000
2026-07-20 17:55:35 | INFO | Saved new best checkpoint at epoch 20 (val_loss: 0.025330) -> /kaggle/working/PV-forecasting-DL/experiments/proposed_no_fa_no_fusion/horizon_15/checkpoints/best_checkpoint.pt
2026-07-20 17:56:00 | INFO | Epoch 21/100 | train_loss: 0.031973 | val_loss: 0.026190 | rmse: 0.161834 | mae: 0.070886 | mape: 58.2805% | r2: 0.973333 | nrmse: 0.047619 | lr: 0.00050000
2026-07-20 17:56:26 | INFO | Epoch 22/100 | train_loss: 0.031864 | val_loss: 0.025199 | rmse: 0.158741 | mae: 0.056601 | mape: 56.8984% | r2: 0.974343 | nrmse: 0.046709 | lr: 0.00050000
2026-07-20 17:56:26 | INFO | Saved new best checkpoint at epoch 22 (val_loss: 0.025199) -> /kaggle/working/PV-forecasting-DL/experiments/proposed_no_fa_no_fusion/horizon_15/checkpoints/best_checkpoint.pt
2026-07-20 17:56:51 | INFO | Epoch 23/100 | train_loss: 0.031782 | val_loss: 0.025449 | rmse: 0.159528 | mae: 0.056926 | mape: 57.3261% | r2: 0.974088 | nrmse: 0.046940 | lr: 0.00050000
2026-07-20 17:57:16 | INFO | Epoch 24/100 | train_loss: 0.031776 | val_loss: 0.025445 | rmse: 0.159514 | mae: 0.058467 | mape: 56.0718% | r2: 0.974093 | nrmse: 0.046936 | lr: 0.00050000
2026-07-20 17:57:41 | INFO | Epoch 25/100 | train_loss: 0.031753 | val_loss: 0.025279 | rmse: 0.158992 | mae: 0.056100 | mape: 55.5052% | r2: 0.974262 | nrmse: 0.046783 | lr: 0.00050000
2026-07-20 17:58:06 | INFO | Epoch 26/100 | train_loss: 0.031773 | val_loss: 0.025413 | rmse: 0.159416 | mae: 0.056549 | mape: 56.2076% | r2: 0.974124 | nrmse: 0.046907 | lr: 0.00050000
2026-07-20 17:58:31 | INFO | Epoch 27/100 | train_loss: 0.031716 | val_loss: 0.025529 | rmse: 0.159779 | mae: 0.058267 | mape: 53.2273% | r2: 0.974006 | nrmse: 0.047014 | lr: 0.00050000
2026-07-20 17:58:56 | INFO | Epoch 28/100 | train_loss: 0.031697 | val_loss: 0.026223 | rmse: 0.161935 | mae: 0.073633 | mape: 59.3098% | r2: 0.973300 | nrmse: 0.047649 | lr: 0.00025000
2026-07-20 17:59:21 | INFO | Epoch 29/100 | train_loss: 0.031334 | val_loss: 0.025158 | rmse: 0.158613 | mae: 0.054945 | mape: 50.8595% | r2: 0.974384 | nrmse: 0.046671 | lr: 0.00025000
2026-07-20 17:59:21 | INFO | Saved new best checkpoint at epoch 29 (val_loss: 0.025158) -> /kaggle/working/PV-forecasting-DL/experiments/proposed_no_fa_no_fusion/horizon_15/checkpoints/best_checkpoint.pt
2026-07-20 17:59:46 | INFO | Epoch 30/100 | train_loss: 0.031365 | val_loss: 0.024915 | rmse: 0.157846 | mae: 0.053409 | mape: 54.3257% | r2: 0.974631 | nrmse: 0.046446 | lr: 0.00025000
2026-07-20 17:59:46 | INFO | Saved new best checkpoint at epoch 30 (val_loss: 0.024915) -> /kaggle/working/PV-forecasting-DL/experiments/proposed_no_fa_no_fusion/horizon_15/checkpoints/best_checkpoint.pt
2026-07-20 18:00:11 | INFO | Epoch 31/100 | train_loss: 0.031250 | val_loss: 0.025233 | rmse: 0.158848 | mae: 0.059044 | mape: 53.0860% | r2: 0.974308 | nrmse: 0.046740 | lr: 0.00025000
2026-07-20 18:00:37 | INFO | Epoch 32/100 | train_loss: 0.031272 | val_loss: 0.025397 | rmse: 0.159365 | mae: 0.061880 | mape: 58.1936% | r2: 0.974141 | nrmse: 0.046892 | lr: 0.00025000
2026-07-20 18:01:02 | INFO | Epoch 33/100 | train_loss: 0.031227 | val_loss: 0.025406 | rmse: 0.159391 | mae: 0.059219 | mape: 55.8231% | r2: 0.974132 | nrmse: 0.046900 | lr: 0.00025000
2026-07-20 18:01:28 | INFO | Epoch 34/100 | train_loss: 0.031245 | val_loss: 0.024947 | rmse: 0.157946 | mae: 0.054284 | mape: 52.9188% | r2: 0.974599 | nrmse: 0.046475 | lr: 0.00025000
2026-07-20 18:01:54 | INFO | Epoch 35/100 | train_loss: 0.031156 | val_loss: 0.025305 | rmse: 0.159074 | mae: 0.059459 | mape: 51.0488% | r2: 0.974235 | nrmse: 0.046807 | lr: 0.00025000
2026-07-20 18:02:20 | INFO | Epoch 36/100 | train_loss: 0.031260 | val_loss: 0.025406 | rmse: 0.159393 | mae: 0.057906 | mape: 51.7125% | r2: 0.974132 | nrmse: 0.046901 | lr: 0.00012500
2026-07-20 18:02:45 | INFO | Epoch 37/100 | train_loss: 0.030901 | val_loss: 0.025661 | rmse: 0.160190 | mae: 0.063905 | mape: 55.6728% | r2: 0.973873 | nrmse: 0.047135 | lr: 0.00012500
2026-07-20 18:03:11 | INFO | Epoch 38/100 | train_loss: 0.030939 | val_loss: 0.025132 | rmse: 0.158530 | mae: 0.056559 | mape: 51.4674% | r2: 0.974411 | nrmse: 0.046647 | lr: 0.00012500
2026-07-20 18:03:36 | INFO | Epoch 39/100 | train_loss: 0.030939 | val_loss: 0.025115 | rmse: 0.158477 | mae: 0.056722 | mape: 53.2533% | r2: 0.974428 | nrmse: 0.046631 | lr: 0.00012500
2026-07-20 18:04:01 | INFO | Epoch 40/100 | train_loss: 0.030927 | val_loss: 0.024981 | rmse: 0.158053 | mae: 0.055078 | mape: 52.4793% | r2: 0.974565 | nrmse: 0.046507 | lr: 0.00012500
2026-07-20 18:04:26 | INFO | Epoch 41/100 | train_loss: 0.030874 | val_loss: 0.025016 | rmse: 0.158165 | mae: 0.057234 | mape: 52.7340% | r2: 0.974529 | nrmse: 0.046539 | lr: 0.00012500
2026-07-20 18:04:51 | INFO | Epoch 42/100 | train_loss: 0.030927 | val_loss: 0.025118 | rmse: 0.158488 | mae: 0.057778 | mape: 52.9845% | r2: 0.974425 | nrmse: 0.046634 | lr: 0.00006250
2026-07-20 18:05:16 | INFO | Epoch 43/100 | train_loss: 0.030801 | val_loss: 0.024929 | rmse: 0.157891 | mae: 0.054111 | mape: 52.3824% | r2: 0.974617 | nrmse: 0.046459 | lr: 0.00006250
2026-07-20 18:05:41 | INFO | Epoch 44/100 | train_loss: 0.030736 | val_loss: 0.024933 | rmse: 0.157902 | mae: 0.054691 | mape: 52.7648% | r2: 0.974613 | nrmse: 0.046462 | lr: 0.00006250
2026-07-20 18:06:06 | INFO | Epoch 45/100 | train_loss: 0.030808 | val_loss: 0.025152 | rmse: 0.158592 | mae: 0.060089 | mape: 53.0957% | r2: 0.974391 | nrmse: 0.046665 | lr: 0.00006250
2026-07-20 18:06:06 | INFO | Early stopping triggered at epoch 45 (no improvement for 15 epochs).
2026-07-20 18:06:06 | INFO | Training history saved to /kaggle/working/PV-forecasting-DL/experiments/proposed_no_fa_no_fusion/horizon_15/history.json
2026-07-20 18:06:07 | INFO | Baseline experiment analysis complete for /kaggle/working/PV-forecasting-DL/experiments/proposed_no_fa_no_fusion/horizon_15.
