2026-07-17 20:09:46 | INFO | Epoch 1/100 | train_loss: 0.064997 | val_loss: 0.031735 | rmse: 0.178143 | mae: 0.090031 | mape: 60.5698% | r2: 0.967688 | nrmse: 0.052418 | lr: 0.00100000
2026-07-17 20:09:46 | INFO | Saved new best checkpoint at epoch 1 (val_loss: 0.031735) -> /kaggle/working/PV-forecasting-DL/experiments/sequential_no_fa_no_ta/horizon_15/checkpoints/best_checkpoint.pt
2026-07-17 20:10:09 | INFO | Epoch 2/100 | train_loss: 0.045942 | val_loss: 0.029323 | rmse: 0.171240 | mae: 0.083725 | mape: 60.0007% | r2: 0.970143 | nrmse: 0.050387 | lr: 0.00100000
2026-07-17 20:10:09 | INFO | Saved new best checkpoint at epoch 2 (val_loss: 0.029323) -> /kaggle/working/PV-forecasting-DL/experiments/sequential_no_fa_no_ta/horizon_15/checkpoints/best_checkpoint.pt
2026-07-17 20:10:32 | INFO | Epoch 3/100 | train_loss: 0.043168 | val_loss: 0.028028 | rmse: 0.167416 | mae: 0.071432 | mape: 58.4826% | r2: 0.971462 | nrmse: 0.049261 | lr: 0.00100000
2026-07-17 20:10:32 | INFO | Saved new best checkpoint at epoch 3 (val_loss: 0.028028) -> /kaggle/working/PV-forecasting-DL/experiments/sequential_no_fa_no_ta/horizon_15/checkpoints/best_checkpoint.pt
2026-07-17 20:10:55 | INFO | Epoch 4/100 | train_loss: 0.042023 | val_loss: 0.029460 | rmse: 0.171638 | mae: 0.076821 | mape: 55.3046% | r2: 0.970005 | nrmse: 0.050504 | lr: 0.00100000
2026-07-17 20:11:18 | INFO | Epoch 5/100 | train_loss: 0.041323 | val_loss: 0.028707 | rmse: 0.169431 | mae: 0.076074 | mape: 63.7965% | r2: 0.970771 | nrmse: 0.049854 | lr: 0.00100000
2026-07-17 20:11:41 | INFO | Epoch 6/100 | train_loss: 0.040860 | val_loss: 0.029165 | rmse: 0.170778 | mae: 0.072175 | mape: 55.6288% | r2: 0.970305 | nrmse: 0.050251 | lr: 0.00100000
2026-07-17 20:12:04 | INFO | Epoch 7/100 | train_loss: 0.040263 | val_loss: 0.029483 | rmse: 0.171707 | mae: 0.076900 | mape: 55.5371% | r2: 0.969980 | nrmse: 0.050524 | lr: 0.00100000
2026-07-17 20:12:27 | INFO | Epoch 8/100 | train_loss: 0.039743 | val_loss: 0.027652 | rmse: 0.166288 | mae: 0.071200 | mape: 59.5179% | r2: 0.971845 | nrmse: 0.048930 | lr: 0.00100000
2026-07-17 20:12:27 | INFO | Saved new best checkpoint at epoch 8 (val_loss: 0.027652) -> /kaggle/working/PV-forecasting-DL/experiments/sequential_no_fa_no_ta/horizon_15/checkpoints/best_checkpoint.pt
2026-07-17 20:12:50 | INFO | Epoch 9/100 | train_loss: 0.039572 | val_loss: 0.031394 | rmse: 0.177183 | mae: 0.082795 | mape: 54.5796% | r2: 0.968035 | nrmse: 0.052135 | lr: 0.00100000
2026-07-17 20:13:13 | INFO | Epoch 10/100 | train_loss: 0.039456 | val_loss: 0.027663 | rmse: 0.166323 | mae: 0.069258 | mape: 59.7195% | r2: 0.971833 | nrmse: 0.048940 | lr: 0.00100000
2026-07-17 20:13:36 | INFO | Epoch 11/100 | train_loss: 0.039379 | val_loss: 0.029187 | rmse: 0.170842 | mae: 0.078497 | mape: 57.7728% | r2: 0.970282 | nrmse: 0.050269 | lr: 0.00100000
2026-07-17 20:13:59 | INFO | Epoch 12/100 | train_loss: 0.039230 | val_loss: 0.029654 | rmse: 0.172205 | mae: 0.074580 | mape: 50.0872% | r2: 0.969806 | nrmse: 0.050670 | lr: 0.00100000
2026-07-17 20:14:22 | INFO | Epoch 13/100 | train_loss: 0.039144 | val_loss: 0.029901 | rmse: 0.172919 | mae: 0.079340 | mape: 57.3432% | r2: 0.969555 | nrmse: 0.050881 | lr: 0.00100000
2026-07-17 20:14:46 | INFO | Epoch 14/100 | train_loss: 0.038986 | val_loss: 0.043767 | rmse: 0.209206 | mae: 0.145090 | mape: 57.3459% | r2: 0.955437 | nrmse: 0.061558 | lr: 0.00050000
2026-07-17 20:15:09 | INFO | Epoch 15/100 | train_loss: 0.038107 | val_loss: 0.028158 | rmse: 0.167804 | mae: 0.073635 | mape: 57.5884% | r2: 0.971330 | nrmse: 0.049376 | lr: 0.00050000
2026-07-17 20:15:32 | INFO | Epoch 16/100 | train_loss: 0.037902 | val_loss: 0.028385 | rmse: 0.168477 | mae: 0.071412 | mape: 57.9753% | r2: 0.971099 | nrmse: 0.049574 | lr: 0.00050000
2026-07-17 20:15:56 | INFO | Epoch 17/100 | train_loss: 0.037974 | val_loss: 0.029586 | rmse: 0.172005 | mae: 0.076039 | mape: 59.2989% | r2: 0.969876 | nrmse: 0.050612 | lr: 0.00050000
2026-07-17 20:16:19 | INFO | Epoch 18/100 | train_loss: 0.037810 | val_loss: 0.043882 | rmse: 0.209480 | mae: 0.152894 | mape: 63.1607% | r2: 0.955320 | nrmse: 0.061638 | lr: 0.00050000
2026-07-17 20:16:42 | INFO | Epoch 19/100 | train_loss: 0.037807 | val_loss: 0.030571 | rmse: 0.174846 | mae: 0.077770 | mape: 54.3701% | r2: 0.968873 | nrmse: 0.051448 | lr: 0.00050000
2026-07-17 20:17:05 | INFO | Epoch 20/100 | train_loss: 0.037778 | val_loss: 0.031030 | rmse: 0.176154 | mae: 0.086829 | mape: 54.8479% | r2: 0.968406 | nrmse: 0.051832 | lr: 0.00025000
2026-07-17 20:17:30 | INFO | Epoch 21/100 | train_loss: 0.037256 | val_loss: 0.033406 | rmse: 0.182772 | mae: 0.107765 | mape: 59.1760% | r2: 0.965987 | nrmse: 0.053780 | lr: 0.00025000
2026-07-17 20:17:55 | INFO | Epoch 22/100 | train_loss: 0.037089 | val_loss: 0.030569 | rmse: 0.174841 | mae: 0.080247 | mape: 55.7641% | r2: 0.968875 | nrmse: 0.051446 | lr: 0.00025000
2026-07-17 20:18:20 | INFO | Epoch 23/100 | train_loss: 0.037093 | val_loss: 0.028462 | rmse: 0.168708 | mae: 0.072628 | mape: 56.1650% | r2: 0.971020 | nrmse: 0.049641 | lr: 0.00025000
2026-07-17 20:18:20 | INFO | Early stopping triggered at epoch 23 (no improvement for 15 epochs).
2026-07-17 20:18:20 | INFO | Training history saved to /kaggle/working/PV-forecasting-DL/experiments/sequential_no_fa_no_ta/horizon_15/history.json
2026-07-17 20:18:20 | INFO | Baseline experiment analysis complete for /kaggle/working/PV-forecasting-DL/experiments/sequential_no_fa_no_ta/horizon_15.
2026-07-17 20:47:09 | INFO | Resumed from checkpoint '/kaggle/working/PV-forecasting-DL/experiments/sequential_no_fa_no_ta/horizon_15/checkpoints/best_checkpoint.pt' at epoch 9 (best_val_loss: 0.027652).
2026-07-17 20:47:34 | INFO | Epoch 9/100 | train_loss: 0.039582 | val_loss: 0.030663 | rmse: 0.175110 | mae: 0.084087 | mape: 57.2759% | r2: 0.968779 | nrmse: 0.051525 | lr: 0.00100000
2026-07-17 20:48:01 | INFO | Epoch 10/100 | train_loss: 0.039546 | val_loss: 0.028363 | rmse: 0.168415 | mae: 0.079257 | mape: 59.6727% | r2: 0.971121 | nrmse: 0.049555 | lr: 0.00100000
2026-07-17 20:48:28 | INFO | Epoch 11/100 | train_loss: 0.039218 | val_loss: 0.028011 | rmse: 0.167365 | mae: 0.071473 | mape: 57.1922% | r2: 0.971479 | nrmse: 0.049247 | lr: 0.00100000
2026-07-17 20:48:55 | INFO | Epoch 12/100 | train_loss: 0.039171 | val_loss: 0.029102 | rmse: 0.170593 | mae: 0.074680 | mape: 52.4747% | r2: 0.970369 | nrmse: 0.050196 | lr: 0.00100000
2026-07-17 20:49:23 | INFO | Epoch 13/100 | train_loss: 0.039052 | val_loss: 0.028975 | rmse: 0.170219 | mae: 0.079874 | mape: 60.7090% | r2: 0.970498 | nrmse: 0.050086 | lr: 0.00100000
2026-07-17 20:49:51 | INFO | Epoch 14/100 | train_loss: 0.039069 | val_loss: 0.029301 | rmse: 0.171174 | mae: 0.074512 | mape: 55.7121% | r2: 0.970167 | nrmse: 0.050367 | lr: 0.00050000
2026-07-17 20:50:18 | INFO | Epoch 15/100 | train_loss: 0.038202 | val_loss: 0.032003 | rmse: 0.178894 | mae: 0.082658 | mape: 53.6459% | r2: 0.967415 | nrmse: 0.052639 | lr: 0.00050000
2026-07-17 20:50:45 | INFO | Epoch 16/100 | train_loss: 0.037928 | val_loss: 0.028343 | rmse: 0.168354 | mae: 0.072407 | mape: 58.8909% | r2: 0.971142 | nrmse: 0.049537 | lr: 0.00050000
2026-07-17 20:51:11 | INFO | Epoch 17/100 | train_loss: 0.037900 | val_loss: 0.032100 | rmse: 0.179165 | mae: 0.082430 | mape: 55.5069% | r2: 0.967316 | nrmse: 0.052719 | lr: 0.00050000
2026-07-17 20:51:38 | INFO | Epoch 18/100 | train_loss: 0.037926 | val_loss: 0.030277 | rmse: 0.174004 | mae: 0.080484 | mape: 57.4711% | r2: 0.969172 | nrmse: 0.051200 | lr: 0.00050000
2026-07-17 20:52:04 | INFO | Epoch 19/100 | train_loss: 0.037871 | val_loss: 0.028163 | rmse: 0.167818 | mae: 0.070658 | mape: 57.1357% | r2: 0.971325 | nrmse: 0.049380 | lr: 0.00050000
2026-07-17 20:52:31 | INFO | Epoch 20/100 | train_loss: 0.037793 | val_loss: 0.028783 | rmse: 0.169656 | mae: 0.072113 | mape: 53.1182% | r2: 0.970693 | nrmse: 0.049921 | lr: 0.00025000
2026-07-17 20:52:58 | INFO | Epoch 21/100 | train_loss: 0.037252 | val_loss: 0.030492 | rmse: 0.174620 | mae: 0.079756 | mape: 57.0790% | r2: 0.968953 | nrmse: 0.051381 | lr: 0.00025000
2026-07-17 20:53:24 | INFO | Epoch 22/100 | train_loss: 0.037125 | val_loss: 0.042280 | rmse: 0.205621 | mae: 0.141191 | mape: 61.0396% | r2: 0.956951 | nrmse: 0.060503 | lr: 0.00025000
2026-07-17 20:53:51 | INFO | Epoch 23/100 | train_loss: 0.037116 | val_loss: 0.029038 | rmse: 0.170405 | mae: 0.074642 | mape: 58.6822% | r2: 0.970434 | nrmse: 0.050141 | lr: 0.00025000
2026-07-17 20:53:51 | INFO | Early stopping triggered at epoch 23 (no improvement for 15 epochs).
2026-07-17 20:53:51 | INFO | Training history saved to /kaggle/working/PV-forecasting-DL/experiments/sequential_no_fa_no_ta/horizon_15/history.json
2026-07-17 20:53:51 | INFO | Baseline experiment analysis complete for /kaggle/working/PV-forecasting-DL/experiments/sequential_no_fa_no_ta/horizon_15.
