2026-07-17 08:57:47 | INFO | Epoch 1/100 | train_loss: 0.058948 | val_loss: 0.044477 | rmse: 0.210897 | mae: 0.152983 | mape: 67.5741% | r2: 0.954714 | nrmse: 0.062055 | lr: 0.00100000
2026-07-17 08:57:47 | INFO | Saved new best checkpoint at epoch 1 (val_loss: 0.044477) -> /kaggle/working/PV-forecasting-DL/experiments/proposed_no_fusion/horizon_15/checkpoints/best_checkpoint.pt
2026-07-17 08:58:14 | INFO | Epoch 2/100 | train_loss: 0.042933 | val_loss: 0.032101 | rmse: 0.179169 | mae: 0.093809 | mape: 61.0235% | r2: 0.967315 | nrmse: 0.052720 | lr: 0.00100000
2026-07-17 08:58:14 | INFO | Saved new best checkpoint at epoch 2 (val_loss: 0.032101) -> /kaggle/working/PV-forecasting-DL/experiments/proposed_no_fusion/horizon_15/checkpoints/best_checkpoint.pt
2026-07-17 08:58:41 | INFO | Epoch 3/100 | train_loss: 0.041137 | val_loss: 0.031105 | rmse: 0.176365 | mae: 0.078121 | mape: 55.6521% | r2: 0.968330 | nrmse: 0.051895 | lr: 0.00100000
2026-07-17 08:58:41 | INFO | Saved new best checkpoint at epoch 3 (val_loss: 0.031105) -> /kaggle/working/PV-forecasting-DL/experiments/proposed_no_fusion/horizon_15/checkpoints/best_checkpoint.pt
2026-07-17 08:59:07 | INFO | Epoch 4/100 | train_loss: 0.040607 | val_loss: 0.029690 | rmse: 0.172308 | mae: 0.076367 | mape: 62.3569% | r2: 0.969770 | nrmse: 0.050701 | lr: 0.00100000
2026-07-17 08:59:07 | INFO | Saved new best checkpoint at epoch 4 (val_loss: 0.029690) -> /kaggle/working/PV-forecasting-DL/experiments/proposed_no_fusion/horizon_15/checkpoints/best_checkpoint.pt
2026-07-17 08:59:34 | INFO | Epoch 5/100 | train_loss: 0.040387 | val_loss: 0.029805 | rmse: 0.172641 | mae: 0.085805 | mape: 68.6209% | r2: 0.969653 | nrmse: 0.050799 | lr: 0.00100000
2026-07-17 09:00:00 | INFO | Epoch 6/100 | train_loss: 0.040231 | val_loss: 0.031457 | rmse: 0.177360 | mae: 0.086961 | mape: 55.0970% | r2: 0.967971 | nrmse: 0.052188 | lr: 0.00100000
2026-07-17 09:00:27 | INFO | Epoch 7/100 | train_loss: 0.039943 | val_loss: 0.029133 | rmse: 0.170683 | mae: 0.075677 | mape: 65.5308% | r2: 0.970338 | nrmse: 0.050223 | lr: 0.00100000
2026-07-17 09:00:27 | INFO | Saved new best checkpoint at epoch 7 (val_loss: 0.029133) -> /kaggle/working/PV-forecasting-DL/experiments/proposed_no_fusion/horizon_15/checkpoints/best_checkpoint.pt
2026-07-17 09:00:54 | INFO | Epoch 8/100 | train_loss: 0.039623 | val_loss: 0.030343 | rmse: 0.174192 | mae: 0.086038 | mape: 63.2721% | r2: 0.969105 | nrmse: 0.051255 | lr: 0.00100000
2026-07-17 09:01:21 | INFO | Epoch 9/100 | train_loss: 0.039514 | val_loss: 0.028515 | rmse: 0.168865 | mae: 0.072787 | mape: 64.5794% | r2: 0.970966 | nrmse: 0.049688 | lr: 0.00100000
2026-07-17 09:01:21 | INFO | Saved new best checkpoint at epoch 9 (val_loss: 0.028515) -> /kaggle/working/PV-forecasting-DL/experiments/proposed_no_fusion/horizon_15/checkpoints/best_checkpoint.pt
2026-07-17 09:01:48 | INFO | Epoch 10/100 | train_loss: 0.039295 | val_loss: 0.028667 | rmse: 0.169312 | mae: 0.069637 | mape: 62.1408% | r2: 0.970812 | nrmse: 0.049819 | lr: 0.00100000
2026-07-17 09:02:15 | INFO | Epoch 11/100 | train_loss: 0.039211 | val_loss: 0.029514 | rmse: 0.171795 | mae: 0.074676 | mape: 59.7437% | r2: 0.969950 | nrmse: 0.050550 | lr: 0.00100000
2026-07-17 09:02:42 | INFO | Epoch 12/100 | train_loss: 0.038956 | val_loss: 0.029184 | rmse: 0.170833 | mae: 0.083306 | mape: 66.2994% | r2: 0.970285 | nrmse: 0.050267 | lr: 0.00100000
2026-07-17 09:03:08 | INFO | Epoch 13/100 | train_loss: 0.038990 | val_loss: 0.028790 | rmse: 0.169677 | mae: 0.071096 | mape: 61.5139% | r2: 0.970686 | nrmse: 0.049927 | lr: 0.00100000
2026-07-17 09:03:35 | INFO | Epoch 14/100 | train_loss: 0.038842 | val_loss: 0.029155 | rmse: 0.170748 | mae: 0.071408 | mape: 57.9413% | r2: 0.970315 | nrmse: 0.050242 | lr: 0.00100000
2026-07-17 09:04:02 | INFO | Epoch 15/100 | train_loss: 0.038918 | val_loss: 0.028837 | rmse: 0.169813 | mae: 0.073474 | mape: 61.3285% | r2: 0.970639 | nrmse: 0.049967 | lr: 0.00050000
2026-07-17 09:04:29 | INFO | Epoch 16/100 | train_loss: 0.038311 | val_loss: 0.029281 | rmse: 0.171116 | mae: 0.074366 | mape: 59.5730% | r2: 0.970187 | nrmse: 0.050350 | lr: 0.00050000
2026-07-17 09:04:56 | INFO | Epoch 17/100 | train_loss: 0.038130 | val_loss: 0.029936 | rmse: 0.173020 | mae: 0.079391 | mape: 59.3959% | r2: 0.969520 | nrmse: 0.050910 | lr: 0.00050000
2026-07-17 09:05:22 | INFO | Epoch 18/100 | train_loss: 0.038109 | val_loss: 0.030757 | rmse: 0.175378 | mae: 0.077088 | mape: 56.3997% | r2: 0.968683 | nrmse: 0.051604 | lr: 0.00050000
2026-07-17 09:05:49 | INFO | Epoch 19/100 | train_loss: 0.038051 | val_loss: 0.028193 | rmse: 0.167908 | mae: 0.071762 | mape: 63.1816% | r2: 0.971294 | nrmse: 0.049406 | lr: 0.00050000
2026-07-17 09:05:49 | INFO | Saved new best checkpoint at epoch 19 (val_loss: 0.028193) -> /kaggle/working/PV-forecasting-DL/experiments/proposed_no_fusion/horizon_15/checkpoints/best_checkpoint.pt
2026-07-17 09:06:16 | INFO | Epoch 20/100 | train_loss: 0.037934 | val_loss: 0.029950 | rmse: 0.173059 | mae: 0.074948 | mape: 56.5384% | r2: 0.969506 | nrmse: 0.050922 | lr: 0.00050000
2026-07-17 09:06:43 | INFO | Epoch 21/100 | train_loss: 0.037863 | val_loss: 0.029332 | rmse: 0.171267 | mae: 0.076706 | mape: 61.9076% | r2: 0.970134 | nrmse: 0.050395 | lr: 0.00050000
2026-07-17 09:07:10 | INFO | Epoch 22/100 | train_loss: 0.037579 | val_loss: 0.029128 | rmse: 0.170669 | mae: 0.074130 | mape: 60.8121% | r2: 0.970342 | nrmse: 0.050219 | lr: 0.00050000
2026-07-17 09:07:37 | INFO | Epoch 23/100 | train_loss: 0.037617 | val_loss: 0.028397 | rmse: 0.168515 | mae: 0.072126 | mape: 63.1868% | r2: 0.971086 | nrmse: 0.049585 | lr: 0.00050000
2026-07-17 09:08:04 | INFO | Epoch 24/100 | train_loss: 0.037663 | val_loss: 0.029606 | rmse: 0.172065 | mae: 0.080327 | mape: 59.8220% | r2: 0.969855 | nrmse: 0.050629 | lr: 0.00050000
2026-07-17 09:08:31 | INFO | Epoch 25/100 | train_loss: 0.037622 | val_loss: 0.032721 | rmse: 0.180890 | mae: 0.105594 | mape: 60.8583% | r2: 0.966684 | nrmse: 0.053226 | lr: 0.00025000
2026-07-17 09:08:58 | INFO | Epoch 26/100 | train_loss: 0.037183 | val_loss: 0.028846 | rmse: 0.169840 | mae: 0.071709 | mape: 57.8199% | r2: 0.970630 | nrmse: 0.049975 | lr: 0.00025000
2026-07-17 09:09:25 | INFO | Epoch 27/100 | train_loss: 0.037016 | val_loss: 0.028353 | rmse: 0.168384 | mae: 0.071170 | mape: 58.2002% | r2: 0.971131 | nrmse: 0.049546 | lr: 0.00025000
2026-07-17 09:09:52 | INFO | Epoch 28/100 | train_loss: 0.037049 | val_loss: 0.028686 | rmse: 0.169369 | mae: 0.072456 | mape: 61.5501% | r2: 0.970793 | nrmse: 0.049836 | lr: 0.00025000
2026-07-17 09:10:18 | INFO | Epoch 29/100 | train_loss: 0.036878 | val_loss: 0.029129 | rmse: 0.170671 | mae: 0.075075 | mape: 57.5108% | r2: 0.970342 | nrmse: 0.050219 | lr: 0.00025000
2026-07-17 09:10:45 | INFO | Epoch 30/100 | train_loss: 0.036849 | val_loss: 0.029327 | rmse: 0.171252 | mae: 0.073610 | mape: 56.9646% | r2: 0.970139 | nrmse: 0.050390 | lr: 0.00025000
2026-07-17 09:11:12 | INFO | Epoch 31/100 | train_loss: 0.036828 | val_loss: 0.028891 | rmse: 0.169975 | mae: 0.075250 | mape: 58.1632% | r2: 0.970583 | nrmse: 0.050014 | lr: 0.00012500
2026-07-17 09:11:39 | INFO | Epoch 32/100 | train_loss: 0.036600 | val_loss: 0.029525 | rmse: 0.171827 | mae: 0.077002 | mape: 57.2035% | r2: 0.969938 | nrmse: 0.050559 | lr: 0.00012500
2026-07-17 09:12:06 | INFO | Epoch 33/100 | train_loss: 0.036570 | val_loss: 0.028442 | rmse: 0.168649 | mae: 0.072406 | mape: 63.5673% | r2: 0.971040 | nrmse: 0.049624 | lr: 0.00012500
2026-07-17 09:12:33 | INFO | Epoch 34/100 | train_loss: 0.036598 | val_loss: 0.028797 | rmse: 0.169697 | mae: 0.072102 | mape: 57.6775% | r2: 0.970679 | nrmse: 0.049933 | lr: 0.00012500
2026-07-17 09:12:33 | INFO | Early stopping triggered at epoch 34 (no improvement for 15 epochs).
2026-07-17 09:12:33 | INFO | Training history saved to /kaggle/working/PV-forecasting-DL/experiments/proposed_no_fusion/horizon_15/history.json
2026-07-17 09:12:33 | INFO | Baseline experiment analysis complete for /kaggle/working/PV-forecasting-DL/experiments/proposed_no_fusion/horizon_15.
2026-07-20 17:08:03 | INFO | Epoch 1/100 | train_loss: 0.052586 | val_loss: 0.028445 | rmse: 0.168657 | mae: 0.068707 | mape: 54.3097% | r2: 0.971038 | nrmse: 0.049627 | lr: 0.00100000
2026-07-20 17:08:03 | INFO | Saved new best checkpoint at epoch 1 (val_loss: 0.028445) -> /kaggle/working/PV-forecasting-DL/experiments/proposed_no_fusion/horizon_15/checkpoints/best_checkpoint.pt
2026-07-20 17:08:30 | INFO | Epoch 2/100 | train_loss: 0.036854 | val_loss: 0.028142 | rmse: 0.167755 | mae: 0.075967 | mape: 57.3232% | r2: 0.971346 | nrmse: 0.049361 | lr: 0.00100000
2026-07-20 17:08:30 | INFO | Saved new best checkpoint at epoch 2 (val_loss: 0.028142) -> /kaggle/working/PV-forecasting-DL/experiments/proposed_no_fusion/horizon_15/checkpoints/best_checkpoint.pt
2026-07-20 17:08:56 | INFO | Epoch 3/100 | train_loss: 0.035609 | val_loss: 0.026611 | rmse: 0.163129 | mae: 0.064682 | mape: 58.2958% | r2: 0.972905 | nrmse: 0.048000 | lr: 0.00100000
2026-07-20 17:08:56 | INFO | Saved new best checkpoint at epoch 3 (val_loss: 0.026611) -> /kaggle/working/PV-forecasting-DL/experiments/proposed_no_fusion/horizon_15/checkpoints/best_checkpoint.pt
2026-07-20 17:09:23 | INFO | Epoch 4/100 | train_loss: 0.035125 | val_loss: 0.027908 | rmse: 0.167057 | mae: 0.070340 | mape: 55.4775% | r2: 0.971585 | nrmse: 0.049156 | lr: 0.00100000
2026-07-20 17:09:50 | INFO | Epoch 5/100 | train_loss: 0.034837 | val_loss: 0.026447 | rmse: 0.162625 | mae: 0.063150 | mape: 58.0736% | r2: 0.973072 | nrmse: 0.047852 | lr: 0.00100000
2026-07-20 17:09:50 | INFO | Saved new best checkpoint at epoch 5 (val_loss: 0.026447) -> /kaggle/working/PV-forecasting-DL/experiments/proposed_no_fusion/horizon_15/checkpoints/best_checkpoint.pt
2026-07-20 17:10:17 | INFO | Epoch 6/100 | train_loss: 0.034474 | val_loss: 0.026349 | rmse: 0.162323 | mae: 0.062168 | mape: 56.6494% | r2: 0.973172 | nrmse: 0.047763 | lr: 0.00100000
2026-07-20 17:10:17 | INFO | Saved new best checkpoint at epoch 6 (val_loss: 0.026349) -> /kaggle/working/PV-forecasting-DL/experiments/proposed_no_fusion/horizon_15/checkpoints/best_checkpoint.pt
2026-07-20 17:10:44 | INFO | Epoch 7/100 | train_loss: 0.034056 | val_loss: 0.026390 | rmse: 0.162450 | mae: 0.066016 | mape: 56.1231% | r2: 0.973130 | nrmse: 0.047800 | lr: 0.00100000
2026-07-20 17:11:11 | INFO | Epoch 8/100 | train_loss: 0.033825 | val_loss: 0.026624 | rmse: 0.163169 | mae: 0.063416 | mape: 56.5038% | r2: 0.972892 | nrmse: 0.048012 | lr: 0.00100000
2026-07-20 17:11:38 | INFO | Epoch 9/100 | train_loss: 0.033713 | val_loss: 0.026258 | rmse: 0.162043 | mae: 0.059283 | mape: 57.3499% | r2: 0.973264 | nrmse: 0.047681 | lr: 0.00100000
2026-07-20 17:11:38 | INFO | Saved new best checkpoint at epoch 9 (val_loss: 0.026258) -> /kaggle/working/PV-forecasting-DL/experiments/proposed_no_fusion/horizon_15/checkpoints/best_checkpoint.pt
2026-07-20 17:12:05 | INFO | Epoch 10/100 | train_loss: 0.033375 | val_loss: 0.025926 | rmse: 0.161015 | mae: 0.059283 | mape: 53.8037% | r2: 0.973603 | nrmse: 0.047378 | lr: 0.00100000
2026-07-20 17:12:05 | INFO | Saved new best checkpoint at epoch 10 (val_loss: 0.025926) -> /kaggle/working/PV-forecasting-DL/experiments/proposed_no_fusion/horizon_15/checkpoints/best_checkpoint.pt
2026-07-20 17:12:31 | INFO | Epoch 11/100 | train_loss: 0.033105 | val_loss: 0.026067 | rmse: 0.161453 | mae: 0.058833 | mape: 60.0323% | r2: 0.973459 | nrmse: 0.047507 | lr: 0.00100000
2026-07-20 17:12:58 | INFO | Epoch 12/100 | train_loss: 0.032929 | val_loss: 0.026205 | rmse: 0.161879 | mae: 0.061278 | mape: 53.5165% | r2: 0.973319 | nrmse: 0.047632 | lr: 0.00100000
2026-07-20 17:13:26 | INFO | Epoch 13/100 | train_loss: 0.032877 | val_loss: 0.025661 | rmse: 0.160191 | mae: 0.059937 | mape: 52.6731% | r2: 0.973872 | nrmse: 0.047135 | lr: 0.00100000
2026-07-20 17:13:26 | INFO | Saved new best checkpoint at epoch 13 (val_loss: 0.025661) -> /kaggle/working/PV-forecasting-DL/experiments/proposed_no_fusion/horizon_15/checkpoints/best_checkpoint.pt
2026-07-20 17:13:53 | INFO | Epoch 14/100 | train_loss: 0.032776 | val_loss: 0.026247 | rmse: 0.162010 | mae: 0.070141 | mape: 53.7136% | r2: 0.973276 | nrmse: 0.047671 | lr: 0.00100000
2026-07-20 17:14:19 | INFO | Epoch 15/100 | train_loss: 0.032587 | val_loss: 0.026086 | rmse: 0.161512 | mae: 0.059136 | mape: 58.7983% | r2: 0.973439 | nrmse: 0.047524 | lr: 0.00100000
2026-07-20 17:14:47 | INFO | Epoch 16/100 | train_loss: 0.032540 | val_loss: 0.026860 | rmse: 0.163889 | mae: 0.072909 | mape: 54.4655% | r2: 0.972652 | nrmse: 0.048224 | lr: 0.00100000
2026-07-20 17:15:13 | INFO | Epoch 17/100 | train_loss: 0.032629 | val_loss: 0.026076 | rmse: 0.161479 | mae: 0.063197 | mape: 54.2412% | r2: 0.973450 | nrmse: 0.047515 | lr: 0.00100000
2026-07-20 17:15:40 | INFO | Epoch 18/100 | train_loss: 0.032505 | val_loss: 0.025946 | rmse: 0.161077 | mae: 0.060234 | mape: 57.9845% | r2: 0.973582 | nrmse: 0.047396 | lr: 0.00100000
2026-07-20 17:16:07 | INFO | Epoch 19/100 | train_loss: 0.032424 | val_loss: 0.026807 | rmse: 0.163727 | mae: 0.071693 | mape: 55.7872% | r2: 0.972706 | nrmse: 0.048176 | lr: 0.00050000
2026-07-20 17:16:34 | INFO | Epoch 20/100 | train_loss: 0.031891 | val_loss: 0.025190 | rmse: 0.158715 | mae: 0.056521 | mape: 58.0465% | r2: 0.974351 | nrmse: 0.046701 | lr: 0.00050000
2026-07-20 17:16:34 | INFO | Saved new best checkpoint at epoch 20 (val_loss: 0.025190) -> /kaggle/working/PV-forecasting-DL/experiments/proposed_no_fusion/horizon_15/checkpoints/best_checkpoint.pt
2026-07-20 17:17:01 | INFO | Epoch 21/100 | train_loss: 0.031871 | val_loss: 0.025843 | rmse: 0.160758 | mae: 0.062105 | mape: 57.6937% | r2: 0.973687 | nrmse: 0.047302 | lr: 0.00050000
2026-07-20 17:17:28 | INFO | Epoch 22/100 | train_loss: 0.031823 | val_loss: 0.025160 | rmse: 0.158618 | mae: 0.057797 | mape: 55.6402% | r2: 0.974383 | nrmse: 0.046673 | lr: 0.00050000
2026-07-20 17:17:28 | INFO | Saved new best checkpoint at epoch 22 (val_loss: 0.025160) -> /kaggle/working/PV-forecasting-DL/experiments/proposed_no_fusion/horizon_15/checkpoints/best_checkpoint.pt
2026-07-20 17:17:55 | INFO | Epoch 23/100 | train_loss: 0.031765 | val_loss: 0.025153 | rmse: 0.158597 | mae: 0.054168 | mape: 56.0572% | r2: 0.974389 | nrmse: 0.046667 | lr: 0.00050000
2026-07-20 17:17:55 | INFO | Saved new best checkpoint at epoch 23 (val_loss: 0.025153) -> /kaggle/working/PV-forecasting-DL/experiments/proposed_no_fusion/horizon_15/checkpoints/best_checkpoint.pt
2026-07-20 17:18:23 | INFO | Epoch 24/100 | train_loss: 0.031724 | val_loss: 0.025222 | rmse: 0.158815 | mae: 0.059673 | mape: 56.6434% | r2: 0.974319 | nrmse: 0.046731 | lr: 0.00050000
2026-07-20 17:18:49 | INFO | Epoch 25/100 | train_loss: 0.031742 | val_loss: 0.025170 | rmse: 0.158651 | mae: 0.056949 | mape: 55.0651% | r2: 0.974372 | nrmse: 0.046682 | lr: 0.00050000
2026-07-20 17:19:16 | INFO | Epoch 26/100 | train_loss: 0.031742 | val_loss: 0.025181 | rmse: 0.158684 | mae: 0.056767 | mape: 56.0614% | r2: 0.974362 | nrmse: 0.046692 | lr: 0.00050000
2026-07-20 17:19:43 | INFO | Epoch 27/100 | train_loss: 0.031719 | val_loss: 0.025461 | rmse: 0.159564 | mae: 0.059281 | mape: 53.3359% | r2: 0.974076 | nrmse: 0.046951 | lr: 0.00050000
2026-07-20 17:20:10 | INFO | Epoch 28/100 | train_loss: 0.031695 | val_loss: 0.025765 | rmse: 0.160514 | mae: 0.064205 | mape: 56.5082% | r2: 0.973767 | nrmse: 0.047230 | lr: 0.00050000
2026-07-20 17:20:37 | INFO | Epoch 29/100 | train_loss: 0.031678 | val_loss: 0.025142 | rmse: 0.158563 | mae: 0.055069 | mape: 51.7760% | r2: 0.974400 | nrmse: 0.046657 | lr: 0.00050000
2026-07-20 17:20:37 | INFO | Saved new best checkpoint at epoch 29 (val_loss: 0.025142) -> /kaggle/working/PV-forecasting-DL/experiments/proposed_no_fusion/horizon_15/checkpoints/best_checkpoint.pt
2026-07-20 17:21:04 | INFO | Epoch 30/100 | train_loss: 0.031728 | val_loss: 0.025052 | rmse: 0.158279 | mae: 0.056625 | mape: 54.6613% | r2: 0.974492 | nrmse: 0.046573 | lr: 0.00050000
2026-07-20 17:21:05 | INFO | Saved new best checkpoint at epoch 30 (val_loss: 0.025052) -> /kaggle/working/PV-forecasting-DL/experiments/proposed_no_fusion/horizon_15/checkpoints/best_checkpoint.pt
2026-07-20 17:21:32 | INFO | Epoch 31/100 | train_loss: 0.031668 | val_loss: 0.025374 | rmse: 0.159291 | mae: 0.062424 | mape: 55.5213% | r2: 0.974165 | nrmse: 0.046871 | lr: 0.00050000
2026-07-20 17:21:58 | INFO | Epoch 32/100 | train_loss: 0.031660 | val_loss: 0.025762 | rmse: 0.160505 | mae: 0.061561 | mape: 54.9259% | r2: 0.973770 | nrmse: 0.047228 | lr: 0.00050000
2026-07-20 17:22:25 | INFO | Epoch 33/100 | train_loss: 0.031598 | val_loss: 0.025529 | rmse: 0.159779 | mae: 0.060838 | mape: 56.7773% | r2: 0.974006 | nrmse: 0.047014 | lr: 0.00050000
2026-07-20 17:22:52 | INFO | Epoch 34/100 | train_loss: 0.031582 | val_loss: 0.024954 | rmse: 0.157969 | mae: 0.055265 | mape: 53.9209% | r2: 0.974592 | nrmse: 0.046482 | lr: 0.00050000
2026-07-20 17:22:52 | INFO | Saved new best checkpoint at epoch 34 (val_loss: 0.024954) -> /kaggle/working/PV-forecasting-DL/experiments/proposed_no_fusion/horizon_15/checkpoints/best_checkpoint.pt
2026-07-20 17:23:19 | INFO | Epoch 35/100 | train_loss: 0.031542 | val_loss: 0.025345 | rmse: 0.159202 | mae: 0.060090 | mape: 51.9659% | r2: 0.974194 | nrmse: 0.046845 | lr: 0.00050000
2026-07-20 17:23:46 | INFO | Epoch 36/100 | train_loss: 0.031578 | val_loss: 0.025503 | rmse: 0.159696 | mae: 0.058382 | mape: 53.0893% | r2: 0.974033 | nrmse: 0.046990 | lr: 0.00050000
2026-07-20 17:24:13 | INFO | Epoch 37/100 | train_loss: 0.031489 | val_loss: 0.026336 | rmse: 0.162283 | mae: 0.067938 | mape: 60.9123% | r2: 0.973185 | nrmse: 0.047751 | lr: 0.00050000
2026-07-20 17:24:40 | INFO | Epoch 38/100 | train_loss: 0.031577 | val_loss: 0.025088 | rmse: 0.158391 | mae: 0.060237 | mape: 53.9193% | r2: 0.974456 | nrmse: 0.046606 | lr: 0.00050000
2026-07-20 17:25:08 | INFO | Epoch 39/100 | train_loss: 0.031596 | val_loss: 0.025378 | rmse: 0.159304 | mae: 0.060020 | mape: 54.3815% | r2: 0.974161 | nrmse: 0.046875 | lr: 0.00050000
2026-07-20 17:25:35 | INFO | Epoch 40/100 | train_loss: 0.031562 | val_loss: 0.024967 | rmse: 0.158011 | mae: 0.055714 | mape: 52.6934% | r2: 0.974579 | nrmse: 0.046494 | lr: 0.00025000
2026-07-20 17:26:02 | INFO | Epoch 41/100 | train_loss: 0.031207 | val_loss: 0.025227 | rmse: 0.158832 | mae: 0.058246 | mape: 53.3209% | r2: 0.974314 | nrmse: 0.046736 | lr: 0.00025000
2026-07-20 17:26:29 | INFO | Epoch 42/100 | train_loss: 0.031202 | val_loss: 0.025453 | rmse: 0.159540 | mae: 0.059706 | mape: 52.0253% | r2: 0.974084 | nrmse: 0.046944 | lr: 0.00025000
2026-07-20 17:26:56 | INFO | Epoch 43/100 | train_loss: 0.031166 | val_loss: 0.025068 | rmse: 0.158329 | mae: 0.055145 | mape: 52.1495% | r2: 0.974476 | nrmse: 0.046588 | lr: 0.00025000
2026-07-20 17:27:23 | INFO | Epoch 44/100 | train_loss: 0.031168 | val_loss: 0.025257 | rmse: 0.158924 | mae: 0.059417 | mape: 53.5366% | r2: 0.974284 | nrmse: 0.046763 | lr: 0.00025000
2026-07-20 17:27:51 | INFO | Epoch 45/100 | train_loss: 0.031219 | val_loss: 0.025453 | rmse: 0.159540 | mae: 0.059725 | mape: 53.5449% | r2: 0.974084 | nrmse: 0.046944 | lr: 0.00025000
2026-07-20 17:28:18 | INFO | Epoch 46/100 | train_loss: 0.031131 | val_loss: 0.025110 | rmse: 0.158461 | mae: 0.056719 | mape: 54.7423% | r2: 0.974434 | nrmse: 0.046626 | lr: 0.00012500
2026-07-20 17:28:45 | INFO | Epoch 47/100 | train_loss: 0.031055 | val_loss: 0.024922 | rmse: 0.157867 | mae: 0.054684 | mape: 53.4752% | r2: 0.974625 | nrmse: 0.046452 | lr: 0.00012500
2026-07-20 17:28:45 | INFO | Saved new best checkpoint at epoch 47 (val_loss: 0.024922) -> /kaggle/working/PV-forecasting-DL/experiments/proposed_no_fusion/horizon_15/checkpoints/best_checkpoint.pt
2026-07-20 17:29:12 | INFO | Epoch 48/100 | train_loss: 0.030968 | val_loss: 0.025208 | rmse: 0.158771 | mae: 0.058151 | mape: 51.3930% | r2: 0.974333 | nrmse: 0.046718 | lr: 0.00012500
2026-07-20 17:29:39 | INFO | Epoch 49/100 | train_loss: 0.030855 | val_loss: 0.024943 | rmse: 0.157935 | mae: 0.056930 | mape: 52.2228% | r2: 0.974603 | nrmse: 0.046472 | lr: 0.00012500
2026-07-20 17:30:06 | INFO | Epoch 50/100 | train_loss: 0.030900 | val_loss: 0.024926 | rmse: 0.157879 | mae: 0.057745 | mape: 54.6999% | r2: 0.974621 | nrmse: 0.046455 | lr: 0.00012500
2026-07-20 17:30:33 | INFO | Epoch 51/100 | train_loss: 0.030893 | val_loss: 0.025421 | rmse: 0.159441 | mae: 0.062385 | mape: 55.3570% | r2: 0.974116 | nrmse: 0.046915 | lr: 0.00012500
2026-07-20 17:31:00 | INFO | Epoch 52/100 | train_loss: 0.030920 | val_loss: 0.025025 | rmse: 0.158194 | mae: 0.056768 | mape: 53.2285% | r2: 0.974520 | nrmse: 0.046548 | lr: 0.00012500
2026-07-20 17:31:28 | INFO | Epoch 53/100 | train_loss: 0.030864 | val_loss: 0.025011 | rmse: 0.158149 | mae: 0.056205 | mape: 53.8720% | r2: 0.974534 | nrmse: 0.046535 | lr: 0.00006250
2026-07-20 17:31:55 | INFO | Epoch 54/100 | train_loss: 0.030771 | val_loss: 0.025193 | rmse: 0.158722 | mae: 0.060211 | mape: 55.2891% | r2: 0.974349 | nrmse: 0.046703 | lr: 0.00006250
2026-07-20 17:32:22 | INFO | Epoch 55/100 | train_loss: 0.030785 | val_loss: 0.024894 | rmse: 0.157778 | mae: 0.055216 | mape: 52.4976% | r2: 0.974653 | nrmse: 0.046426 | lr: 0.00006250
2026-07-20 17:32:22 | INFO | Saved new best checkpoint at epoch 55 (val_loss: 0.024894) -> /kaggle/working/PV-forecasting-DL/experiments/proposed_no_fusion/horizon_15/checkpoints/best_checkpoint.pt
2026-07-20 17:32:49 | INFO | Epoch 56/100 | train_loss: 0.030750 | val_loss: 0.024899 | rmse: 0.157793 | mae: 0.056077 | mape: 52.4325% | r2: 0.974649 | nrmse: 0.046430 | lr: 0.00006250
2026-07-20 17:33:16 | INFO | Epoch 57/100 | train_loss: 0.030725 | val_loss: 0.024913 | rmse: 0.157839 | mae: 0.056457 | mape: 52.1235% | r2: 0.974634 | nrmse: 0.046443 | lr: 0.00006250
2026-07-20 17:33:43 | INFO | Epoch 58/100 | train_loss: 0.030728 | val_loss: 0.024883 | rmse: 0.157744 | mae: 0.057144 | mape: 55.1785% | r2: 0.974664 | nrmse: 0.046415 | lr: 0.00006250
2026-07-20 17:33:43 | INFO | Saved new best checkpoint at epoch 58 (val_loss: 0.024883) -> /kaggle/working/PV-forecasting-DL/experiments/proposed_no_fusion/horizon_15/checkpoints/best_checkpoint.pt
2026-07-20 17:34:11 | INFO | Epoch 59/100 | train_loss: 0.030690 | val_loss: 0.026024 | rmse: 0.161320 | mae: 0.069616 | mape: 60.9181% | r2: 0.973503 | nrmse: 0.047468 | lr: 0.00006250
2026-07-20 17:34:38 | INFO | Epoch 60/100 | train_loss: 0.030770 | val_loss: 0.025438 | rmse: 0.159493 | mae: 0.061909 | mape: 57.7249% | r2: 0.974099 | nrmse: 0.046930 | lr: 0.00006250
2026-07-20 17:35:05 | INFO | Epoch 61/100 | train_loss: 0.030708 | val_loss: 0.024917 | rmse: 0.157853 | mae: 0.057047 | mape: 54.8550% | r2: 0.974629 | nrmse: 0.046447 | lr: 0.00006250
2026-07-20 17:35:33 | INFO | Epoch 62/100 | train_loss: 0.030745 | val_loss: 0.025020 | rmse: 0.158177 | mae: 0.056326 | mape: 54.6739% | r2: 0.974525 | nrmse: 0.046543 | lr: 0.00006250
2026-07-20 17:36:00 | INFO | Epoch 63/100 | train_loss: 0.030742 | val_loss: 0.025647 | rmse: 0.160147 | mae: 0.064211 | mape: 59.0027% | r2: 0.973886 | nrmse: 0.047123 | lr: 0.00006250
2026-07-20 17:36:27 | INFO | Epoch 64/100 | train_loss: 0.030729 | val_loss: 0.024854 | rmse: 0.157653 | mae: 0.055453 | mape: 53.0608% | r2: 0.974694 | nrmse: 0.046389 | lr: 0.00006250
2026-07-20 17:36:27 | INFO | Saved new best checkpoint at epoch 64 (val_loss: 0.024854) -> /kaggle/working/PV-forecasting-DL/experiments/proposed_no_fusion/horizon_15/checkpoints/best_checkpoint.pt
2026-07-20 17:36:55 | INFO | Epoch 65/100 | train_loss: 0.030718 | val_loss: 0.025718 | rmse: 0.160369 | mae: 0.064181 | mape: 60.2756% | r2: 0.973814 | nrmse: 0.047188 | lr: 0.00006250
2026-07-20 17:37:22 | INFO | Epoch 66/100 | train_loss: 0.030714 | val_loss: 0.025705 | rmse: 0.160328 | mae: 0.063852 | mape: 56.9231% | r2: 0.973827 | nrmse: 0.047176 | lr: 0.00006250
2026-07-20 17:37:50 | INFO | Epoch 67/100 | train_loss: 0.030710 | val_loss: 0.025221 | rmse: 0.158812 | mae: 0.061416 | mape: 55.6998% | r2: 0.974320 | nrmse: 0.046730 | lr: 0.00006250
2026-07-20 17:38:17 | INFO | Epoch 68/100 | train_loss: 0.030703 | val_loss: 0.024998 | rmse: 0.158108 | mae: 0.057174 | mape: 53.7372% | r2: 0.974547 | nrmse: 0.046523 | lr: 0.00006250
2026-07-20 17:38:45 | INFO | Epoch 69/100 | train_loss: 0.030705 | val_loss: 0.024952 | rmse: 0.157963 | mae: 0.055720 | mape: 54.0437% | r2: 0.974594 | nrmse: 0.046480 | lr: 0.00006250
2026-07-20 17:39:12 | INFO | Epoch 70/100 | train_loss: 0.030659 | val_loss: 0.024951 | rmse: 0.157960 | mae: 0.055321 | mape: 56.2371% | r2: 0.974595 | nrmse: 0.046479 | lr: 0.00003125
2026-07-20 17:39:39 | INFO | Epoch 71/100 | train_loss: 0.030631 | val_loss: 0.024837 | rmse: 0.157599 | mae: 0.054621 | mape: 54.2024% | r2: 0.974711 | nrmse: 0.046373 | lr: 0.00003125
2026-07-20 17:39:39 | INFO | Saved new best checkpoint at epoch 71 (val_loss: 0.024837) -> /kaggle/working/PV-forecasting-DL/experiments/proposed_no_fusion/horizon_15/checkpoints/best_checkpoint.pt
2026-07-20 17:40:07 | INFO | Epoch 72/100 | train_loss: 0.030617 | val_loss: 0.025483 | rmse: 0.159633 | mae: 0.060824 | mape: 58.2386% | r2: 0.974054 | nrmse: 0.046971 | lr: 0.00003125
2026-07-20 17:40:35 | INFO | Epoch 73/100 | train_loss: 0.030690 | val_loss: 0.024927 | rmse: 0.157884 | mae: 0.055954 | mape: 53.5908% | r2: 0.974619 | nrmse: 0.046457 | lr: 0.00003125
2026-07-20 17:41:02 | INFO | Epoch 74/100 | train_loss: 0.030607 | val_loss: 0.024891 | rmse: 0.157768 | mae: 0.054903 | mape: 54.2182% | r2: 0.974657 | nrmse: 0.046423 | lr: 0.00003125
2026-07-20 17:41:30 | INFO | Epoch 75/100 | train_loss: 0.030655 | val_loss: 0.024928 | rmse: 0.157884 | mae: 0.055622 | mape: 54.2353% | r2: 0.974619 | nrmse: 0.046457 | lr: 0.00003125
2026-07-20 17:41:58 | INFO | Epoch 76/100 | train_loss: 0.030627 | val_loss: 0.024935 | rmse: 0.157907 | mae: 0.055920 | mape: 53.8847% | r2: 0.974612 | nrmse: 0.046463 | lr: 0.00003125
2026-07-20 17:42:25 | INFO | Epoch 77/100 | train_loss: 0.030624 | val_loss: 0.025846 | rmse: 0.160766 | mae: 0.066553 | mape: 59.9818% | r2: 0.973684 | nrmse: 0.047305 | lr: 0.00001563
2026-07-20 17:42:53 | INFO | Epoch 78/100 | train_loss: 0.030599 | val_loss: 0.024915 | rmse: 0.157845 | mae: 0.055509 | mape: 54.1149% | r2: 0.974632 | nrmse: 0.046445 | lr: 0.00001563
2026-07-20 17:43:20 | INFO | Epoch 79/100 | train_loss: 0.030556 | val_loss: 0.025519 | rmse: 0.159746 | mae: 0.063304 | mape: 58.3501% | r2: 0.974017 | nrmse: 0.047005 | lr: 0.00001563
2026-07-20 17:43:48 | INFO | Epoch 80/100 | train_loss: 0.030617 | val_loss: 0.024897 | rmse: 0.157788 | mae: 0.055629 | mape: 53.7744% | r2: 0.974650 | nrmse: 0.046428 | lr: 0.00001563
2026-07-20 17:44:16 | INFO | Epoch 81/100 | train_loss: 0.030569 | val_loss: 0.024870 | rmse: 0.157704 | mae: 0.054994 | mape: 53.5543% | r2: 0.974677 | nrmse: 0.046404 | lr: 0.00001563
2026-07-20 17:44:43 | INFO | Epoch 82/100 | train_loss: 0.030558 | val_loss: 0.024933 | rmse: 0.157901 | mae: 0.055206 | mape: 54.5376% | r2: 0.974614 | nrmse: 0.046462 | lr: 0.00001563
2026-07-20 17:45:12 | INFO | Epoch 83/100 | train_loss: 0.030537 | val_loss: 0.025318 | rmse: 0.159117 | mae: 0.061283 | mape: 57.2894% | r2: 0.974221 | nrmse: 0.046820 | lr: 0.00000781
2026-07-20 17:45:39 | INFO | Epoch 84/100 | train_loss: 0.030459 | val_loss: 0.024920 | rmse: 0.157861 | mae: 0.056169 | mape: 53.9212% | r2: 0.974627 | nrmse: 0.046450 | lr: 0.00000781
2026-07-20 17:46:08 | INFO | Epoch 85/100 | train_loss: 0.030573 | val_loss: 0.024884 | rmse: 0.157745 | mae: 0.055001 | mape: 53.6741% | r2: 0.974664 | nrmse: 0.046416 | lr: 0.00000781
2026-07-20 17:46:35 | INFO | Epoch 86/100 | train_loss: 0.030522 | val_loss: 0.024913 | rmse: 0.157838 | mae: 0.055435 | mape: 53.9348% | r2: 0.974634 | nrmse: 0.046443 | lr: 0.00000781
2026-07-20 17:46:35 | INFO | Early stopping triggered at epoch 86 (no improvement for 15 epochs).
2026-07-20 17:46:35 | INFO | Training history saved to /kaggle/working/PV-forecasting-DL/experiments/proposed_no_fusion/horizon_15/history.json
2026-07-20 17:46:36 | INFO | Baseline experiment analysis complete for /kaggle/working/PV-forecasting-DL/experiments/proposed_no_fusion/horizon_15.
