2026-07-17 07:41:34 | INFO | Epoch 1/100 | train_loss: 0.074763 | val_loss: 0.050783 | rmse: 0.225350 | mae: 0.125724 | mape: 58.8345% | r2: 0.948294 | nrmse: 0.066308 | lr: 0.00100000
2026-07-17 07:41:34 | INFO | Saved new best checkpoint at epoch 1 (val_loss: 0.050783) -> /kaggle/working/PV-forecasting-DL/experiments/cnn/horizon_15/checkpoints/best_checkpoint.pt
2026-07-17 07:41:50 | INFO | Epoch 2/100 | train_loss: 0.052789 | val_loss: 0.037875 | rmse: 0.194615 | mae: 0.103531 | mape: 62.2883% | r2: 0.961436 | nrmse: 0.057265 | lr: 0.00100000
2026-07-17 07:41:50 | INFO | Saved new best checkpoint at epoch 2 (val_loss: 0.037875) -> /kaggle/working/PV-forecasting-DL/experiments/cnn/horizon_15/checkpoints/best_checkpoint.pt
2026-07-17 07:42:05 | INFO | Epoch 3/100 | train_loss: 0.048742 | val_loss: 0.030401 | rmse: 0.174358 | mae: 0.080737 | mape: 62.8433% | r2: 0.969046 | nrmse: 0.051304 | lr: 0.00100000
2026-07-17 07:42:05 | INFO | Saved new best checkpoint at epoch 3 (val_loss: 0.030401) -> /kaggle/working/PV-forecasting-DL/experiments/cnn/horizon_15/checkpoints/best_checkpoint.pt
2026-07-17 07:42:20 | INFO | Epoch 4/100 | train_loss: 0.046422 | val_loss: 0.031708 | rmse: 0.178068 | mae: 0.087048 | mape: 64.1398% | r2: 0.967715 | nrmse: 0.052396 | lr: 0.00100000
2026-07-17 07:42:35 | INFO | Epoch 5/100 | train_loss: 0.044639 | val_loss: 0.031915 | rmse: 0.178648 | mae: 0.084545 | mape: 62.8204% | r2: 0.967504 | nrmse: 0.052567 | lr: 0.00100000
2026-07-17 07:42:51 | INFO | Epoch 6/100 | train_loss: 0.043974 | val_loss: 0.039063 | rmse: 0.197642 | mae: 0.100555 | mape: 59.0161% | r2: 0.960227 | nrmse: 0.058155 | lr: 0.00100000
2026-07-17 07:43:06 | INFO | Epoch 7/100 | train_loss: 0.043339 | val_loss: 0.034045 | rmse: 0.184512 | mae: 0.087312 | mape: 57.4707% | r2: 0.965336 | nrmse: 0.054292 | lr: 0.00100000
2026-07-17 07:43:21 | INFO | Epoch 8/100 | train_loss: 0.042677 | val_loss: 0.029189 | rmse: 0.170847 | mae: 0.074607 | mape: 65.5808% | r2: 0.970280 | nrmse: 0.050271 | lr: 0.00100000
2026-07-17 07:43:21 | INFO | Saved new best checkpoint at epoch 8 (val_loss: 0.029189) -> /kaggle/working/PV-forecasting-DL/experiments/cnn/horizon_15/checkpoints/best_checkpoint.pt
2026-07-17 07:43:37 | INFO | Epoch 9/100 | train_loss: 0.042480 | val_loss: 0.032167 | rmse: 0.179352 | mae: 0.082119 | mape: 57.3280% | r2: 0.967248 | nrmse: 0.052774 | lr: 0.00100000
2026-07-17 07:43:52 | INFO | Epoch 10/100 | train_loss: 0.042276 | val_loss: 0.031882 | rmse: 0.178555 | mae: 0.084696 | mape: 62.7280% | r2: 0.967538 | nrmse: 0.052539 | lr: 0.00100000
2026-07-17 07:44:07 | INFO | Epoch 11/100 | train_loss: 0.042003 | val_loss: 0.038336 | rmse: 0.195795 | mae: 0.098868 | mape: 59.5137% | r2: 0.960967 | nrmse: 0.057612 | lr: 0.00100000
2026-07-17 07:44:22 | INFO | Epoch 12/100 | train_loss: 0.041713 | val_loss: 0.033080 | rmse: 0.181879 | mae: 0.084602 | mape: 58.1057% | r2: 0.966318 | nrmse: 0.053517 | lr: 0.00100000
2026-07-17 07:44:38 | INFO | Epoch 13/100 | train_loss: 0.041496 | val_loss: 0.037408 | rmse: 0.193413 | mae: 0.094444 | mape: 55.2434% | r2: 0.961911 | nrmse: 0.056911 | lr: 0.00100000
2026-07-17 07:44:53 | INFO | Epoch 14/100 | train_loss: 0.041339 | val_loss: 0.040435 | rmse: 0.201085 | mae: 0.101080 | mape: 57.1086% | r2: 0.958830 | nrmse: 0.059168 | lr: 0.00050000
2026-07-17 07:45:08 | INFO | Epoch 15/100 | train_loss: 0.040392 | val_loss: 0.036557 | rmse: 0.191199 | mae: 0.096916 | mape: 59.6820% | r2: 0.962778 | nrmse: 0.056259 | lr: 0.00050000
2026-07-17 07:45:24 | INFO | Epoch 16/100 | train_loss: 0.040296 | val_loss: 0.033609 | rmse: 0.183328 | mae: 0.087401 | mape: 57.5227% | r2: 0.965779 | nrmse: 0.053944 | lr: 0.00050000
2026-07-17 07:45:39 | INFO | Epoch 17/100 | train_loss: 0.040087 | val_loss: 0.031403 | rmse: 0.177210 | mae: 0.088185 | mape: 61.1891% | r2: 0.968026 | nrmse: 0.052143 | lr: 0.00050000
2026-07-17 07:45:55 | INFO | Epoch 18/100 | train_loss: 0.040022 | val_loss: 0.043939 | rmse: 0.209616 | mae: 0.116775 | mape: 60.6040% | r2: 0.955262 | nrmse: 0.061679 | lr: 0.00050000
2026-07-17 07:46:10 | INFO | Epoch 19/100 | train_loss: 0.039971 | val_loss: 0.048138 | rmse: 0.219404 | mae: 0.131691 | mape: 61.7493% | r2: 0.950986 | nrmse: 0.064559 | lr: 0.00050000
2026-07-17 07:46:25 | INFO | Epoch 20/100 | train_loss: 0.039932 | val_loss: 0.031587 | rmse: 0.177727 | mae: 0.081129 | mape: 58.3307% | r2: 0.967839 | nrmse: 0.052295 | lr: 0.00025000
2026-07-17 07:46:40 | INFO | Epoch 21/100 | train_loss: 0.039441 | val_loss: 0.032483 | rmse: 0.180231 | mae: 0.083521 | mape: 58.9799% | r2: 0.966926 | nrmse: 0.053032 | lr: 0.00025000
2026-07-17 07:46:56 | INFO | Epoch 22/100 | train_loss: 0.039239 | val_loss: 0.032002 | rmse: 0.178891 | mae: 0.081994 | mape: 60.0526% | r2: 0.967416 | nrmse: 0.052638 | lr: 0.00025000
2026-07-17 07:47:11 | INFO | Epoch 23/100 | train_loss: 0.039243 | val_loss: 0.033458 | rmse: 0.182914 | mae: 0.086879 | mape: 61.0967% | r2: 0.965934 | nrmse: 0.053822 | lr: 0.00025000
2026-07-17 07:47:11 | INFO | Early stopping triggered at epoch 23 (no improvement for 15 epochs).
2026-07-17 07:47:11 | INFO | Training history saved to /kaggle/working/PV-forecasting-DL/experiments/cnn/horizon_15/history.json
2026-07-17 07:47:12 | INFO | Baseline experiment analysis complete for /kaggle/working/PV-forecasting-DL/experiments/cnn/horizon_15.
2026-07-20 11:33:04 | INFO | Epoch 1/100 | train_loss: 0.059109 | val_loss: 0.034347 | rmse: 0.185330 | mae: 0.101786 | mape: 50.5191% | r2: 0.965028 | nrmse: 0.054532 | lr: 0.00100000
2026-07-20 11:33:04 | INFO | Saved new best checkpoint at epoch 1 (val_loss: 0.034347) -> /kaggle/working/PV-forecasting-DL/experiments/cnn/horizon_15/checkpoints/best_checkpoint.pt
2026-07-20 11:33:21 | INFO | Epoch 2/100 | train_loss: 0.035027 | val_loss: 0.029458 | rmse: 0.171632 | mae: 0.100839 | mape: 57.8962% | r2: 0.970007 | nrmse: 0.050502 | lr: 0.00100000
2026-07-20 11:33:21 | INFO | Saved new best checkpoint at epoch 2 (val_loss: 0.029458) -> /kaggle/working/PV-forecasting-DL/experiments/cnn/horizon_15/checkpoints/best_checkpoint.pt
2026-07-20 11:33:37 | INFO | Epoch 3/100 | train_loss: 0.029929 | val_loss: 0.027058 | rmse: 0.164494 | mae: 0.094111 | mape: 41.6742% | r2: 0.972450 | nrmse: 0.048402 | lr: 0.00100000
2026-07-20 11:33:37 | INFO | Saved new best checkpoint at epoch 3 (val_loss: 0.027058) -> /kaggle/working/PV-forecasting-DL/experiments/cnn/horizon_15/checkpoints/best_checkpoint.pt
2026-07-20 11:33:54 | INFO | Epoch 4/100 | train_loss: 0.027632 | val_loss: 0.016228 | rmse: 0.127388 | mae: 0.057106 | mape: 41.9533% | r2: 0.983477 | nrmse: 0.037483 | lr: 0.00100000
2026-07-20 11:33:54 | INFO | Saved new best checkpoint at epoch 4 (val_loss: 0.016228) -> /kaggle/working/PV-forecasting-DL/experiments/cnn/horizon_15/checkpoints/best_checkpoint.pt
2026-07-20 11:34:11 | INFO | Epoch 5/100 | train_loss: 0.025941 | val_loss: 0.018044 | rmse: 0.134329 | mae: 0.063302 | mape: 37.1294% | r2: 0.981628 | nrmse: 0.039526 | lr: 0.00100000
2026-07-20 11:34:28 | INFO | Epoch 6/100 | train_loss: 0.024758 | val_loss: 0.024937 | rmse: 0.157914 | mae: 0.085021 | mape: 38.0282% | r2: 0.974610 | nrmse: 0.046466 | lr: 0.00100000
2026-07-20 11:34:45 | INFO | Epoch 7/100 | train_loss: 0.023937 | val_loss: 0.014130 | rmse: 0.118869 | mae: 0.051043 | mape: 37.5017% | r2: 0.985613 | nrmse: 0.034977 | lr: 0.00100000
2026-07-20 11:34:45 | INFO | Saved new best checkpoint at epoch 7 (val_loss: 0.014130) -> /kaggle/working/PV-forecasting-DL/experiments/cnn/horizon_15/checkpoints/best_checkpoint.pt
2026-07-20 11:35:02 | INFO | Epoch 8/100 | train_loss: 0.023075 | val_loss: 0.013907 | rmse: 0.117927 | mae: 0.050218 | mape: 37.7642% | r2: 0.985840 | nrmse: 0.034700 | lr: 0.00100000
2026-07-20 11:35:02 | INFO | Saved new best checkpoint at epoch 8 (val_loss: 0.013907) -> /kaggle/working/PV-forecasting-DL/experiments/cnn/horizon_15/checkpoints/best_checkpoint.pt
2026-07-20 11:35:19 | INFO | Epoch 9/100 | train_loss: 0.022398 | val_loss: 0.017989 | rmse: 0.134124 | mae: 0.066588 | mape: 37.9875% | r2: 0.981683 | nrmse: 0.039466 | lr: 0.00100000
2026-07-20 11:35:36 | INFO | Epoch 10/100 | train_loss: 0.022013 | val_loss: 0.019517 | rmse: 0.139705 | mae: 0.072691 | mape: 36.0376% | r2: 0.980128 | nrmse: 0.041107 | lr: 0.00100000
2026-07-20 11:35:53 | INFO | Epoch 11/100 | train_loss: 0.021811 | val_loss: 0.019012 | rmse: 0.137885 | mae: 0.070836 | mape: 36.5484% | r2: 0.980642 | nrmse: 0.040572 | lr: 0.00100000
2026-07-20 11:36:10 | INFO | Epoch 12/100 | train_loss: 0.021482 | val_loss: 0.014161 | rmse: 0.118999 | mae: 0.054604 | mape: 34.0906% | r2: 0.985582 | nrmse: 0.035015 | lr: 0.00100000
2026-07-20 11:36:27 | INFO | Epoch 13/100 | train_loss: 0.021263 | val_loss: 0.012696 | rmse: 0.112677 | mae: 0.047058 | mape: 35.5399% | r2: 0.987073 | nrmse: 0.033155 | lr: 0.00100000
2026-07-20 11:36:27 | INFO | Saved new best checkpoint at epoch 13 (val_loss: 0.012696) -> /kaggle/working/PV-forecasting-DL/experiments/cnn/horizon_15/checkpoints/best_checkpoint.pt
2026-07-20 11:36:44 | INFO | Epoch 14/100 | train_loss: 0.021088 | val_loss: 0.018665 | rmse: 0.136620 | mae: 0.069356 | mape: 32.5200% | r2: 0.980996 | nrmse: 0.040200 | lr: 0.00100000
2026-07-20 11:37:02 | INFO | Epoch 15/100 | train_loss: 0.020991 | val_loss: 0.014823 | rmse: 0.121749 | mae: 0.066683 | mape: 36.2807% | r2: 0.984908 | nrmse: 0.035824 | lr: 0.00100000
2026-07-20 11:37:19 | INFO | Epoch 16/100 | train_loss: 0.020851 | val_loss: 0.013817 | rmse: 0.117546 | mae: 0.054789 | mape: 36.5405% | r2: 0.985932 | nrmse: 0.034587 | lr: 0.00100000
2026-07-20 11:37:36 | INFO | Epoch 17/100 | train_loss: 0.020822 | val_loss: 0.014719 | rmse: 0.121322 | mae: 0.061335 | mape: 34.3636% | r2: 0.985013 | nrmse: 0.035698 | lr: 0.00100000
2026-07-20 11:37:53 | INFO | Epoch 18/100 | train_loss: 0.020610 | val_loss: 0.013005 | rmse: 0.114039 | mae: 0.052787 | mape: 30.5697% | r2: 0.986759 | nrmse: 0.033555 | lr: 0.00100000
2026-07-20 11:38:10 | INFO | Epoch 19/100 | train_loss: 0.020558 | val_loss: 0.015266 | rmse: 0.123555 | mae: 0.063947 | mape: 33.3321% | r2: 0.984456 | nrmse: 0.036356 | lr: 0.00050000
2026-07-20 11:38:27 | INFO | Epoch 20/100 | train_loss: 0.019663 | val_loss: 0.013608 | rmse: 0.116653 | mae: 0.055522 | mape: 35.0182% | r2: 0.986144 | nrmse: 0.034325 | lr: 0.00050000
2026-07-20 11:38:44 | INFO | Epoch 21/100 | train_loss: 0.019614 | val_loss: 0.013881 | rmse: 0.117820 | mae: 0.057012 | mape: 30.5724% | r2: 0.985866 | nrmse: 0.034668 | lr: 0.00050000
2026-07-20 11:39:01 | INFO | Epoch 22/100 | train_loss: 0.019571 | val_loss: 0.011982 | rmse: 0.109464 | mae: 0.052324 | mape: 30.7834% | r2: 0.987800 | nrmse: 0.032209 | lr: 0.00050000
2026-07-20 11:39:01 | INFO | Saved new best checkpoint at epoch 22 (val_loss: 0.011982) -> /kaggle/working/PV-forecasting-DL/experiments/cnn/horizon_15/checkpoints/best_checkpoint.pt
2026-07-20 11:39:18 | INFO | Epoch 23/100 | train_loss: 0.019483 | val_loss: 0.015446 | rmse: 0.124281 | mae: 0.063903 | mape: 31.1285% | r2: 0.984273 | nrmse: 0.036569 | lr: 0.00050000
2026-07-20 11:39:35 | INFO | Epoch 24/100 | train_loss: 0.019455 | val_loss: 0.012001 | rmse: 0.109547 | mae: 0.048873 | mape: 30.9400% | r2: 0.987781 | nrmse: 0.032234 | lr: 0.00050000
2026-07-20 11:39:52 | INFO | Epoch 25/100 | train_loss: 0.019308 | val_loss: 0.017713 | rmse: 0.133091 | mae: 0.068386 | mape: 29.8914% | r2: 0.981965 | nrmse: 0.039161 | lr: 0.00050000
2026-07-20 11:40:09 | INFO | Epoch 26/100 | train_loss: 0.019364 | val_loss: 0.013110 | rmse: 0.114499 | mae: 0.057111 | mape: 33.9167% | r2: 0.986652 | nrmse: 0.033691 | lr: 0.00050000
2026-07-20 11:40:26 | INFO | Epoch 27/100 | train_loss: 0.019270 | val_loss: 0.013129 | rmse: 0.114582 | mae: 0.053793 | mape: 29.7809% | r2: 0.986632 | nrmse: 0.033715 | lr: 0.00050000
2026-07-20 11:40:43 | INFO | Epoch 28/100 | train_loss: 0.019226 | val_loss: 0.012959 | rmse: 0.113837 | mae: 0.055059 | mape: 30.1333% | r2: 0.986805 | nrmse: 0.033496 | lr: 0.00025000
2026-07-20 11:41:00 | INFO | Epoch 29/100 | train_loss: 0.018703 | val_loss: 0.013509 | rmse: 0.116226 | mae: 0.057485 | mape: 28.9048% | r2: 0.986246 | nrmse: 0.034199 | lr: 0.00025000
2026-07-20 11:41:18 | INFO | Epoch 30/100 | train_loss: 0.018653 | val_loss: 0.013986 | rmse: 0.118263 | mae: 0.060590 | mape: 30.6249% | r2: 0.985759 | nrmse: 0.034798 | lr: 0.00025000
2026-07-20 11:41:35 | INFO | Epoch 31/100 | train_loss: 0.018647 | val_loss: 0.013341 | rmse: 0.115505 | mae: 0.057320 | mape: 29.5397% | r2: 0.986416 | nrmse: 0.033987 | lr: 0.00025000
2026-07-20 11:41:52 | INFO | Epoch 32/100 | train_loss: 0.018591 | val_loss: 0.013902 | rmse: 0.117905 | mae: 0.059541 | mape: 29.0954% | r2: 0.985846 | nrmse: 0.034693 | lr: 0.00025000
2026-07-20 11:42:09 | INFO | Epoch 33/100 | train_loss: 0.018564 | val_loss: 0.013008 | rmse: 0.114052 | mae: 0.055380 | mape: 28.6511% | r2: 0.986756 | nrmse: 0.033559 | lr: 0.00025000
2026-07-20 11:42:26 | INFO | Epoch 34/100 | train_loss: 0.018542 | val_loss: 0.012946 | rmse: 0.113778 | mae: 0.054825 | mape: 28.4582% | r2: 0.986819 | nrmse: 0.033479 | lr: 0.00012500
2026-07-20 11:42:43 | INFO | Epoch 35/100 | train_loss: 0.018238 | val_loss: 0.014496 | rmse: 0.120401 | mae: 0.060936 | mape: 27.8278% | r2: 0.985240 | nrmse: 0.035427 | lr: 0.00012500
2026-07-20 11:43:00 | INFO | Epoch 36/100 | train_loss: 0.018306 | val_loss: 0.012352 | rmse: 0.111142 | mae: 0.053522 | mape: 29.3479% | r2: 0.987423 | nrmse: 0.032703 | lr: 0.00012500
2026-07-20 11:43:18 | INFO | Epoch 37/100 | train_loss: 0.018300 | val_loss: 0.014462 | rmse: 0.120258 | mae: 0.060868 | mape: 29.2326% | r2: 0.985275 | nrmse: 0.035385 | lr: 0.00012500
2026-07-20 11:43:18 | INFO | Early stopping triggered at epoch 37 (no improvement for 15 epochs).
2026-07-20 11:43:18 | INFO | Training history saved to /kaggle/working/PV-forecasting-DL/experiments/cnn/horizon_15/history.json
2026-07-20 11:43:18 | INFO | Baseline experiment analysis complete for /kaggle/working/PV-forecasting-DL/experiments/cnn/horizon_15.
2026-07-20 15:10:12 | INFO | Epoch 1/100 | train_loss: 0.068313 | val_loss: 0.033713 | rmse: 0.183611 | mae: 0.091182 | mape: 58.2003% | r2: 0.965674 | nrmse: 0.054027 | lr: 0.00100000
2026-07-20 15:10:12 | INFO | Saved new best checkpoint at epoch 1 (val_loss: 0.033713) -> /kaggle/working/PV-forecasting-DL/experiments/cnn/horizon_15/checkpoints/best_checkpoint.pt
2026-07-20 15:10:28 | INFO | Epoch 2/100 | train_loss: 0.047227 | val_loss: 0.030149 | rmse: 0.173634 | mae: 0.074746 | mape: 57.4561% | r2: 0.969303 | nrmse: 0.051091 | lr: 0.00100000
2026-07-20 15:10:28 | INFO | Saved new best checkpoint at epoch 2 (val_loss: 0.030149) -> /kaggle/working/PV-forecasting-DL/experiments/cnn/horizon_15/checkpoints/best_checkpoint.pt
2026-07-20 15:10:44 | INFO | Epoch 3/100 | train_loss: 0.043885 | val_loss: 0.030794 | rmse: 0.175483 | mae: 0.088513 | mape: 62.5655% | r2: 0.968646 | nrmse: 0.051635 | lr: 0.00100000
2026-07-20 15:11:00 | INFO | Epoch 4/100 | train_loss: 0.041863 | val_loss: 0.028278 | rmse: 0.168160 | mae: 0.070540 | mape: 60.0148% | r2: 0.971208 | nrmse: 0.049480 | lr: 0.00100000
2026-07-20 15:11:00 | INFO | Saved new best checkpoint at epoch 4 (val_loss: 0.028278) -> /kaggle/working/PV-forecasting-DL/experiments/cnn/horizon_15/checkpoints/best_checkpoint.pt
2026-07-20 15:11:16 | INFO | Epoch 5/100 | train_loss: 0.040442 | val_loss: 0.039135 | rmse: 0.197826 | mae: 0.109001 | mape: 68.4124% | r2: 0.960153 | nrmse: 0.058209 | lr: 0.00100000
2026-07-20 15:11:32 | INFO | Epoch 6/100 | train_loss: 0.039411 | val_loss: 0.031943 | rmse: 0.178726 | mae: 0.091475 | mape: 62.3488% | r2: 0.967476 | nrmse: 0.052589 | lr: 0.00100000
2026-07-20 15:11:48 | INFO | Epoch 7/100 | train_loss: 0.038594 | val_loss: 0.030204 | rmse: 0.173794 | mae: 0.087065 | mape: 57.1765% | r2: 0.969246 | nrmse: 0.051138 | lr: 0.00100000
2026-07-20 15:12:04 | INFO | Epoch 8/100 | train_loss: 0.037943 | val_loss: 0.031724 | rmse: 0.178113 | mae: 0.089980 | mape: 64.4741% | r2: 0.967699 | nrmse: 0.052409 | lr: 0.00100000
2026-07-20 15:12:20 | INFO | Epoch 9/100 | train_loss: 0.037059 | val_loss: 0.031379 | rmse: 0.177142 | mae: 0.083838 | mape: 69.3659% | r2: 0.968050 | nrmse: 0.052123 | lr: 0.00100000
2026-07-20 15:12:36 | INFO | Epoch 10/100 | train_loss: 0.036756 | val_loss: 0.029021 | rmse: 0.170355 | mae: 0.074492 | mape: 55.4832% | r2: 0.970451 | nrmse: 0.050126 | lr: 0.00050000
2026-07-20 15:12:52 | INFO | Epoch 11/100 | train_loss: 0.035685 | val_loss: 0.032360 | rmse: 0.179888 | mae: 0.087840 | mape: 56.5799% | r2: 0.967052 | nrmse: 0.052931 | lr: 0.00050000
2026-07-20 15:13:08 | INFO | Epoch 12/100 | train_loss: 0.035257 | val_loss: 0.029068 | rmse: 0.170495 | mae: 0.074982 | mape: 55.8521% | r2: 0.970403 | nrmse: 0.050167 | lr: 0.00050000
2026-07-20 15:13:24 | INFO | Epoch 13/100 | train_loss: 0.034907 | val_loss: 0.034686 | rmse: 0.186241 | mae: 0.093663 | mape: 64.4489% | r2: 0.964684 | nrmse: 0.054800 | lr: 0.00050000
2026-07-20 15:13:40 | INFO | Epoch 14/100 | train_loss: 0.034886 | val_loss: 0.027493 | rmse: 0.165811 | mae: 0.070505 | mape: 56.3791% | r2: 0.972007 | nrmse: 0.048789 | lr: 0.00050000
2026-07-20 15:13:40 | INFO | Saved new best checkpoint at epoch 14 (val_loss: 0.027493) -> /kaggle/working/PV-forecasting-DL/experiments/cnn/horizon_15/checkpoints/best_checkpoint.pt
2026-07-20 15:13:56 | INFO | Epoch 15/100 | train_loss: 0.034679 | val_loss: 0.027981 | rmse: 0.167275 | mae: 0.069030 | mape: 53.4723% | r2: 0.971510 | nrmse: 0.049220 | lr: 0.00050000
2026-07-20 15:14:12 | INFO | Epoch 16/100 | train_loss: 0.034663 | val_loss: 0.032465 | rmse: 0.180181 | mae: 0.084476 | mape: 52.9313% | r2: 0.966945 | nrmse: 0.053017 | lr: 0.00050000
2026-07-20 15:14:28 | INFO | Epoch 17/100 | train_loss: 0.034484 | val_loss: 0.028189 | rmse: 0.167896 | mae: 0.070607 | mape: 55.9835% | r2: 0.971298 | nrmse: 0.049403 | lr: 0.00050000
2026-07-20 15:14:44 | INFO | Epoch 18/100 | train_loss: 0.034423 | val_loss: 0.033762 | rmse: 0.183745 | mae: 0.089593 | mape: 55.1759% | r2: 0.965624 | nrmse: 0.054066 | lr: 0.00050000
2026-07-20 15:15:00 | INFO | Epoch 19/100 | train_loss: 0.034233 | val_loss: 0.029782 | rmse: 0.172573 | mae: 0.078914 | mape: 53.4768% | r2: 0.969677 | nrmse: 0.050779 | lr: 0.00050000
2026-07-20 15:15:17 | INFO | Epoch 20/100 | train_loss: 0.034212 | val_loss: 0.031411 | rmse: 0.177233 | mae: 0.082655 | mape: 55.8285% | r2: 0.968017 | nrmse: 0.052150 | lr: 0.00025000
2026-07-20 15:15:33 | INFO | Epoch 21/100 | train_loss: 0.033691 | val_loss: 0.029071 | rmse: 0.170503 | mae: 0.073874 | mape: 54.7045% | r2: 0.970400 | nrmse: 0.050170 | lr: 0.00025000
2026-07-20 15:15:49 | INFO | Epoch 22/100 | train_loss: 0.033612 | val_loss: 0.030071 | rmse: 0.173411 | mae: 0.076921 | mape: 52.5823% | r2: 0.969382 | nrmse: 0.051026 | lr: 0.00025000
2026-07-20 15:16:05 | INFO | Epoch 23/100 | train_loss: 0.033641 | val_loss: 0.028860 | rmse: 0.169883 | mae: 0.074302 | mape: 55.0238% | r2: 0.970615 | nrmse: 0.049987 | lr: 0.00025000
2026-07-20 15:16:21 | INFO | Epoch 24/100 | train_loss: 0.033592 | val_loss: 0.028177 | rmse: 0.167861 | mae: 0.074565 | mape: 55.9391% | r2: 0.971310 | nrmse: 0.049392 | lr: 0.00025000
2026-07-20 15:16:37 | INFO | Epoch 25/100 | train_loss: 0.033586 | val_loss: 0.027219 | rmse: 0.164983 | mae: 0.067964 | mape: 58.1823% | r2: 0.972286 | nrmse: 0.048546 | lr: 0.00025000
2026-07-20 15:16:37 | INFO | Saved new best checkpoint at epoch 25 (val_loss: 0.027219) -> /kaggle/working/PV-forecasting-DL/experiments/cnn/horizon_15/checkpoints/best_checkpoint.pt
2026-07-20 15:16:53 | INFO | Epoch 26/100 | train_loss: 0.033436 | val_loss: 0.030019 | rmse: 0.173259 | mae: 0.076543 | mape: 52.2205% | r2: 0.969436 | nrmse: 0.050981 | lr: 0.00025000
2026-07-20 15:17:09 | INFO | Epoch 27/100 | train_loss: 0.033473 | val_loss: 0.029003 | rmse: 0.170303 | mae: 0.076613 | mape: 56.3335% | r2: 0.970469 | nrmse: 0.050111 | lr: 0.00025000
2026-07-20 15:17:25 | INFO | Epoch 28/100 | train_loss: 0.033509 | val_loss: 0.028900 | rmse: 0.169999 | mae: 0.077337 | mape: 54.5813% | r2: 0.970575 | nrmse: 0.050022 | lr: 0.00025000
2026-07-20 15:17:41 | INFO | Epoch 29/100 | train_loss: 0.033362 | val_loss: 0.033411 | rmse: 0.182785 | mae: 0.090448 | mape: 56.3240% | r2: 0.965982 | nrmse: 0.053784 | lr: 0.00025000
2026-07-20 15:17:58 | INFO | Epoch 30/100 | train_loss: 0.033410 | val_loss: 0.034173 | rmse: 0.184860 | mae: 0.096088 | mape: 58.0601% | r2: 0.965205 | nrmse: 0.054394 | lr: 0.00025000
2026-07-20 15:18:14 | INFO | Epoch 31/100 | train_loss: 0.033449 | val_loss: 0.028648 | rmse: 0.169256 | mae: 0.071977 | mape: 56.3512% | r2: 0.970831 | nrmse: 0.049803 | lr: 0.00012500
2026-07-20 15:18:30 | INFO | Epoch 32/100 | train_loss: 0.033184 | val_loss: 0.032108 | rmse: 0.179187 | mae: 0.086110 | mape: 58.1244% | r2: 0.967308 | nrmse: 0.052725 | lr: 0.00012500
2026-07-20 15:18:46 | INFO | Epoch 33/100 | train_loss: 0.033078 | val_loss: 0.029729 | rmse: 0.172421 | mae: 0.076681 | mape: 54.1842% | r2: 0.969730 | nrmse: 0.050734 | lr: 0.00012500
2026-07-20 15:19:02 | INFO | Epoch 34/100 | train_loss: 0.033053 | val_loss: 0.029088 | rmse: 0.170552 | mae: 0.073725 | mape: 53.5019% | r2: 0.970383 | nrmse: 0.050184 | lr: 0.00012500
2026-07-20 15:19:18 | INFO | Epoch 35/100 | train_loss: 0.033081 | val_loss: 0.028006 | rmse: 0.167350 | mae: 0.070996 | mape: 53.9946% | r2: 0.971485 | nrmse: 0.049242 | lr: 0.00012500
2026-07-20 15:19:34 | INFO | Epoch 36/100 | train_loss: 0.033048 | val_loss: 0.028011 | rmse: 0.167364 | mae: 0.070637 | mape: 56.8323% | r2: 0.971480 | nrmse: 0.049246 | lr: 0.00012500
2026-07-20 15:19:51 | INFO | Epoch 37/100 | train_loss: 0.033038 | val_loss: 0.030823 | rmse: 0.175564 | mae: 0.080105 | mape: 55.1105% | r2: 0.968617 | nrmse: 0.051659 | lr: 0.00006250
2026-07-20 15:20:07 | INFO | Epoch 38/100 | train_loss: 0.032978 | val_loss: 0.032855 | rmse: 0.181259 | mae: 0.087198 | mape: 58.0309% | r2: 0.966547 | nrmse: 0.053335 | lr: 0.00006250
2026-07-20 15:20:23 | INFO | Epoch 39/100 | train_loss: 0.032888 | val_loss: 0.027709 | rmse: 0.166461 | mae: 0.069883 | mape: 53.2104% | r2: 0.971787 | nrmse: 0.048981 | lr: 0.00006250
2026-07-20 15:20:39 | INFO | Epoch 40/100 | train_loss: 0.032937 | val_loss: 0.029331 | rmse: 0.171263 | mae: 0.075212 | mape: 53.1741% | r2: 0.970136 | nrmse: 0.050393 | lr: 0.00006250
2026-07-20 15:20:39 | INFO | Early stopping triggered at epoch 40 (no improvement for 15 epochs).
2026-07-20 15:20:39 | INFO | Training history saved to /kaggle/working/PV-forecasting-DL/experiments/cnn/horizon_15/history.json
2026-07-20 15:20:39 | INFO | Baseline experiment analysis complete for /kaggle/working/PV-forecasting-DL/experiments/cnn/horizon_15.
