2026-07-17 07:54:53 | INFO | Epoch 1/100 | train_loss: 0.059009 | val_loss: 0.032438 | rmse: 0.180106 | mae: 0.087220 | mape: 64.0982% | r2: 0.966972 | nrmse: 0.052995 | lr: 0.00100000
2026-07-17 07:54:53 | INFO | Saved new best checkpoint at epoch 1 (val_loss: 0.032438) -> /kaggle/working/PV-forecasting-DL/experiments/cnn_lstm/horizon_15/checkpoints/best_checkpoint.pt
2026-07-17 07:55:12 | INFO | Epoch 2/100 | train_loss: 0.044970 | val_loss: 0.028420 | rmse: 0.168582 | mae: 0.071114 | mape: 64.0959% | r2: 0.971063 | nrmse: 0.049605 | lr: 0.00100000
2026-07-17 07:55:12 | INFO | Saved new best checkpoint at epoch 2 (val_loss: 0.028420) -> /kaggle/working/PV-forecasting-DL/experiments/cnn_lstm/horizon_15/checkpoints/best_checkpoint.pt
2026-07-17 07:55:30 | INFO | Epoch 3/100 | train_loss: 0.042412 | val_loss: 0.029471 | rmse: 0.171672 | mae: 0.074133 | mape: 54.7957% | r2: 0.969993 | nrmse: 0.050514 | lr: 0.00100000
2026-07-17 07:55:49 | INFO | Epoch 4/100 | train_loss: 0.041191 | val_loss: 0.030598 | rmse: 0.174922 | mae: 0.078749 | mape: 55.6862% | r2: 0.968846 | nrmse: 0.051470 | lr: 0.00100000
2026-07-17 07:56:08 | INFO | Epoch 5/100 | train_loss: 0.040636 | val_loss: 0.056434 | rmse: 0.237558 | mae: 0.195980 | mape: 71.1720% | r2: 0.942540 | nrmse: 0.069900 | lr: 0.00100000
2026-07-17 07:56:28 | INFO | Epoch 6/100 | train_loss: 0.040337 | val_loss: 0.032642 | rmse: 0.180671 | mae: 0.085004 | mape: 56.7675% | r2: 0.966764 | nrmse: 0.053162 | lr: 0.00100000
2026-07-17 07:56:47 | INFO | Epoch 7/100 | train_loss: 0.039904 | val_loss: 0.028647 | rmse: 0.169255 | mae: 0.073001 | mape: 56.4176% | r2: 0.970832 | nrmse: 0.049803 | lr: 0.00100000
2026-07-17 07:57:06 | INFO | Epoch 8/100 | train_loss: 0.039741 | val_loss: 0.031889 | rmse: 0.178574 | mae: 0.092447 | mape: 59.8019% | r2: 0.967531 | nrmse: 0.052545 | lr: 0.00050000
2026-07-17 07:57:25 | INFO | Epoch 9/100 | train_loss: 0.038716 | val_loss: 0.033152 | rmse: 0.182076 | mae: 0.102134 | mape: 55.2946% | r2: 0.966245 | nrmse: 0.053575 | lr: 0.00050000
2026-07-17 07:57:44 | INFO | Epoch 10/100 | train_loss: 0.038479 | val_loss: 0.029239 | rmse: 0.170994 | mae: 0.076730 | mape: 54.0657% | r2: 0.970229 | nrmse: 0.050314 | lr: 0.00050000
2026-07-17 07:58:03 | INFO | Epoch 11/100 | train_loss: 0.038395 | val_loss: 0.037800 | rmse: 0.194421 | mae: 0.132024 | mape: 60.5929% | r2: 0.961513 | nrmse: 0.057208 | lr: 0.00050000
2026-07-17 07:58:22 | INFO | Epoch 12/100 | train_loss: 0.038311 | val_loss: 0.035107 | rmse: 0.187369 | mae: 0.113283 | mape: 57.7409% | r2: 0.964255 | nrmse: 0.055132 | lr: 0.00050000
2026-07-17 07:58:41 | INFO | Epoch 13/100 | train_loss: 0.038247 | val_loss: 0.028252 | rmse: 0.168082 | mae: 0.073785 | mape: 56.1956% | r2: 0.971235 | nrmse: 0.049458 | lr: 0.00050000
2026-07-17 07:58:41 | INFO | Saved new best checkpoint at epoch 13 (val_loss: 0.028252) -> /kaggle/working/PV-forecasting-DL/experiments/cnn_lstm/horizon_15/checkpoints/best_checkpoint.pt
2026-07-17 07:59:00 | INFO | Epoch 14/100 | train_loss: 0.038292 | val_loss: 0.029801 | rmse: 0.172628 | mae: 0.079885 | mape: 55.4747% | r2: 0.969657 | nrmse: 0.050795 | lr: 0.00050000
2026-07-17 07:59:20 | INFO | Epoch 15/100 | train_loss: 0.038054 | val_loss: 0.030036 | rmse: 0.173310 | mae: 0.078041 | mape: 56.8862% | r2: 0.969417 | nrmse: 0.050996 | lr: 0.00050000
2026-07-17 07:59:39 | INFO | Epoch 16/100 | train_loss: 0.038076 | val_loss: 0.032323 | rmse: 0.179785 | mae: 0.090479 | mape: 57.8861% | r2: 0.967090 | nrmse: 0.052901 | lr: 0.00050000
2026-07-17 07:59:58 | INFO | Epoch 17/100 | train_loss: 0.037991 | val_loss: 0.028250 | rmse: 0.168078 | mae: 0.072509 | mape: 55.3761% | r2: 0.971236 | nrmse: 0.049456 | lr: 0.00050000
2026-07-17 07:59:58 | INFO | Saved new best checkpoint at epoch 17 (val_loss: 0.028250) -> /kaggle/working/PV-forecasting-DL/experiments/cnn_lstm/horizon_15/checkpoints/best_checkpoint.pt
2026-07-17 08:00:17 | INFO | Epoch 18/100 | train_loss: 0.037959 | val_loss: 0.028205 | rmse: 0.167944 | mae: 0.072262 | mape: 56.9319% | r2: 0.971282 | nrmse: 0.049417 | lr: 0.00050000
2026-07-17 08:00:17 | INFO | Saved new best checkpoint at epoch 18 (val_loss: 0.028205) -> /kaggle/working/PV-forecasting-DL/experiments/cnn_lstm/horizon_15/checkpoints/best_checkpoint.pt
2026-07-17 08:00:36 | INFO | Epoch 19/100 | train_loss: 0.037859 | val_loss: 0.029066 | rmse: 0.170486 | mae: 0.082220 | mape: 55.1276% | r2: 0.970406 | nrmse: 0.050165 | lr: 0.00050000
2026-07-17 08:00:55 | INFO | Epoch 20/100 | train_loss: 0.037683 | val_loss: 0.028695 | rmse: 0.169395 | mae: 0.074893 | mape: 56.2000% | r2: 0.970783 | nrmse: 0.049844 | lr: 0.00050000
2026-07-17 08:01:15 | INFO | Epoch 21/100 | train_loss: 0.037848 | val_loss: 0.052476 | rmse: 0.229077 | mae: 0.187458 | mape: 71.9287% | r2: 0.946569 | nrmse: 0.067405 | lr: 0.00050000
2026-07-17 08:01:34 | INFO | Epoch 22/100 | train_loss: 0.037723 | val_loss: 0.028149 | rmse: 0.167775 | mae: 0.072781 | mape: 60.6452% | r2: 0.971340 | nrmse: 0.049367 | lr: 0.00050000
2026-07-17 08:01:34 | INFO | Saved new best checkpoint at epoch 22 (val_loss: 0.028149) -> /kaggle/working/PV-forecasting-DL/experiments/cnn_lstm/horizon_15/checkpoints/best_checkpoint.pt
2026-07-17 08:01:53 | INFO | Epoch 23/100 | train_loss: 0.037784 | val_loss: 0.029110 | rmse: 0.170615 | mae: 0.076086 | mape: 58.7115% | r2: 0.970361 | nrmse: 0.050203 | lr: 0.00050000
2026-07-17 08:02:12 | INFO | Epoch 24/100 | train_loss: 0.037735 | val_loss: 0.029301 | rmse: 0.171175 | mae: 0.074873 | mape: 57.4272% | r2: 0.970166 | nrmse: 0.050367 | lr: 0.00050000
2026-07-17 08:02:31 | INFO | Epoch 25/100 | train_loss: 0.037608 | val_loss: 0.030445 | rmse: 0.174484 | mae: 0.088553 | mape: 58.5810% | r2: 0.969002 | nrmse: 0.051341 | lr: 0.00050000
2026-07-17 08:02:50 | INFO | Epoch 26/100 | train_loss: 0.037632 | val_loss: 0.044178 | rmse: 0.210186 | mae: 0.159404 | mape: 70.0535% | r2: 0.955018 | nrmse: 0.061846 | lr: 0.00050000
2026-07-17 08:03:09 | INFO | Epoch 27/100 | train_loss: 0.037539 | val_loss: 0.027631 | rmse: 0.166225 | mae: 0.072596 | mape: 60.4104% | r2: 0.971867 | nrmse: 0.048911 | lr: 0.00050000
2026-07-17 08:03:09 | INFO | Saved new best checkpoint at epoch 27 (val_loss: 0.027631) -> /kaggle/working/PV-forecasting-DL/experiments/cnn_lstm/horizon_15/checkpoints/best_checkpoint.pt
2026-07-17 08:03:29 | INFO | Epoch 28/100 | train_loss: 0.037559 | val_loss: 0.030257 | rmse: 0.173945 | mae: 0.079410 | mape: 53.5260% | r2: 0.969193 | nrmse: 0.051183 | lr: 0.00050000
2026-07-17 08:03:48 | INFO | Epoch 29/100 | train_loss: 0.037511 | val_loss: 0.042609 | rmse: 0.206420 | mae: 0.152837 | mape: 63.8704% | r2: 0.956616 | nrmse: 0.060738 | lr: 0.00050000
2026-07-17 08:04:07 | INFO | Epoch 30/100 | train_loss: 0.037520 | val_loss: 0.028293 | rmse: 0.168207 | mae: 0.073742 | mape: 57.8062% | r2: 0.971192 | nrmse: 0.049494 | lr: 0.00050000
2026-07-17 08:04:26 | INFO | Epoch 31/100 | train_loss: 0.037523 | val_loss: 0.029549 | rmse: 0.171897 | mae: 0.079467 | mape: 55.6280% | r2: 0.969914 | nrmse: 0.050580 | lr: 0.00050000
2026-07-17 08:04:45 | INFO | Epoch 32/100 | train_loss: 0.037493 | val_loss: 0.029428 | rmse: 0.171546 | mae: 0.079241 | mape: 58.1932% | r2: 0.970037 | nrmse: 0.050477 | lr: 0.00050000
2026-07-17 08:05:05 | INFO | Epoch 33/100 | train_loss: 0.037465 | val_loss: 0.029162 | rmse: 0.170769 | mae: 0.079127 | mape: 57.9762% | r2: 0.970308 | nrmse: 0.050248 | lr: 0.00025000
2026-07-17 08:05:24 | INFO | Epoch 34/100 | train_loss: 0.036843 | val_loss: 0.028805 | rmse: 0.169721 | mae: 0.078261 | mape: 55.2931% | r2: 0.970671 | nrmse: 0.049940 | lr: 0.00025000
2026-07-17 08:05:43 | INFO | Epoch 35/100 | train_loss: 0.036785 | val_loss: 0.049570 | rmse: 0.222643 | mae: 0.177955 | mape: 75.4760% | r2: 0.949529 | nrmse: 0.065512 | lr: 0.00025000
2026-07-17 08:06:02 | INFO | Epoch 36/100 | train_loss: 0.036768 | val_loss: 0.030572 | rmse: 0.174850 | mae: 0.081581 | mape: 55.6442% | r2: 0.968872 | nrmse: 0.051449 | lr: 0.00025000
2026-07-17 08:06:21 | INFO | Epoch 37/100 | train_loss: 0.036624 | val_loss: 0.047038 | rmse: 0.216883 | mae: 0.170836 | mape: 72.5041% | r2: 0.952107 | nrmse: 0.063817 | lr: 0.00025000
2026-07-17 08:06:40 | INFO | Epoch 38/100 | train_loss: 0.036585 | val_loss: 0.034626 | rmse: 0.186081 | mae: 0.115700 | mape: 59.7088% | r2: 0.964744 | nrmse: 0.054754 | lr: 0.00025000
2026-07-17 08:06:59 | INFO | Epoch 39/100 | train_loss: 0.036583 | val_loss: 0.029198 | rmse: 0.170874 | mae: 0.075899 | mape: 56.7149% | r2: 0.970271 | nrmse: 0.050279 | lr: 0.00012500
2026-07-17 08:07:19 | INFO | Epoch 40/100 | train_loss: 0.036286 | val_loss: 0.029608 | rmse: 0.172068 | mae: 0.076979 | mape: 52.1171% | r2: 0.969854 | nrmse: 0.050630 | lr: 0.00012500
2026-07-17 08:07:38 | INFO | Epoch 41/100 | train_loss: 0.036178 | val_loss: 0.028394 | rmse: 0.168506 | mae: 0.074100 | mape: 57.8055% | r2: 0.971089 | nrmse: 0.049582 | lr: 0.00012500
2026-07-17 08:07:57 | INFO | Epoch 42/100 | train_loss: 0.036222 | val_loss: 0.030746 | rmse: 0.175344 | mae: 0.085872 | mape: 55.0384% | r2: 0.968695 | nrmse: 0.051594 | lr: 0.00012500
2026-07-17 08:07:57 | INFO | Early stopping triggered at epoch 42 (no improvement for 15 epochs).
2026-07-17 08:07:57 | INFO | Training history saved to /kaggle/working/PV-forecasting-DL/experiments/cnn_lstm/horizon_15/history.json
2026-07-17 08:07:57 | INFO | Baseline experiment analysis complete for /kaggle/working/PV-forecasting-DL/experiments/cnn_lstm/horizon_15.
2026-07-20 10:01:52 | INFO | Epoch 1/100 | train_loss: 0.042969 | val_loss: 0.015387 | rmse: 0.124046 | mae: 0.057627 | mape: 39.8268% | r2: 0.984333 | nrmse: 0.036500 | lr: 0.00100000
2026-07-20 10:01:52 | INFO | Saved new best checkpoint at epoch 1 (val_loss: 0.015387) -> /kaggle/working/PV-forecasting-DL/experiments/cnn_lstm/horizon_15/checkpoints/best_checkpoint.pt
2026-07-20 10:02:12 | INFO | Epoch 2/100 | train_loss: 0.025930 | val_loss: 0.014435 | rmse: 0.120146 | mae: 0.066728 | mape: 34.4108% | r2: 0.985302 | nrmse: 0.035352 | lr: 0.00100000
2026-07-20 10:02:12 | INFO | Saved new best checkpoint at epoch 2 (val_loss: 0.014435) -> /kaggle/working/PV-forecasting-DL/experiments/cnn_lstm/horizon_15/checkpoints/best_checkpoint.pt
2026-07-20 10:02:32 | INFO | Epoch 3/100 | train_loss: 0.022976 | val_loss: 0.011609 | rmse: 0.107747 | mae: 0.044737 | mape: 28.9131% | r2: 0.988180 | nrmse: 0.031704 | lr: 0.00100000
2026-07-20 10:02:32 | INFO | Saved new best checkpoint at epoch 3 (val_loss: 0.011609) -> /kaggle/working/PV-forecasting-DL/experiments/cnn_lstm/horizon_15/checkpoints/best_checkpoint.pt
2026-07-20 10:02:52 | INFO | Epoch 4/100 | train_loss: 0.021559 | val_loss: 0.011435 | rmse: 0.106934 | mae: 0.043858 | mape: 30.6436% | r2: 0.988357 | nrmse: 0.031465 | lr: 0.00100000
2026-07-20 10:02:52 | INFO | Saved new best checkpoint at epoch 4 (val_loss: 0.011435) -> /kaggle/working/PV-forecasting-DL/experiments/cnn_lstm/horizon_15/checkpoints/best_checkpoint.pt
2026-07-20 10:03:12 | INFO | Epoch 5/100 | train_loss: 0.020679 | val_loss: 0.013727 | rmse: 0.117164 | mae: 0.056559 | mape: 30.1166% | r2: 0.986023 | nrmse: 0.034475 | lr: 0.00100000
2026-07-20 10:03:33 | INFO | Epoch 6/100 | train_loss: 0.020215 | val_loss: 0.014144 | rmse: 0.118928 | mae: 0.063753 | mape: 31.5673% | r2: 0.985599 | nrmse: 0.034994 | lr: 0.00100000
2026-07-20 10:03:53 | INFO | Epoch 7/100 | train_loss: 0.019971 | val_loss: 0.012521 | rmse: 0.111896 | mae: 0.052456 | mape: 30.3125% | r2: 0.987252 | nrmse: 0.032925 | lr: 0.00100000
2026-07-20 10:04:14 | INFO | Epoch 8/100 | train_loss: 0.019694 | val_loss: 0.010573 | rmse: 0.102826 | mae: 0.044184 | mape: 32.3949% | r2: 0.989235 | nrmse: 0.030256 | lr: 0.00100000
2026-07-20 10:04:14 | INFO | Saved new best checkpoint at epoch 8 (val_loss: 0.010573) -> /kaggle/working/PV-forecasting-DL/experiments/cnn_lstm/horizon_15/checkpoints/best_checkpoint.pt
2026-07-20 10:04:34 | INFO | Epoch 9/100 | train_loss: 0.019505 | val_loss: 0.011284 | rmse: 0.106226 | mae: 0.049540 | mape: 29.1445% | r2: 0.988511 | nrmse: 0.031256 | lr: 0.00100000
2026-07-20 10:04:54 | INFO | Epoch 10/100 | train_loss: 0.019445 | val_loss: 0.013675 | rmse: 0.116938 | mae: 0.060887 | mape: 29.6985% | r2: 0.986077 | nrmse: 0.034409 | lr: 0.00100000
2026-07-20 10:05:15 | INFO | Epoch 11/100 | train_loss: 0.019260 | val_loss: 0.010211 | rmse: 0.101048 | mae: 0.043995 | mape: 30.9126% | r2: 0.989604 | nrmse: 0.029733 | lr: 0.00100000
2026-07-20 10:05:15 | INFO | Saved new best checkpoint at epoch 11 (val_loss: 0.010211) -> /kaggle/working/PV-forecasting-DL/experiments/cnn_lstm/horizon_15/checkpoints/best_checkpoint.pt
2026-07-20 10:05:35 | INFO | Epoch 12/100 | train_loss: 0.019138 | val_loss: 0.012800 | rmse: 0.113136 | mae: 0.058602 | mape: 27.3232% | r2: 0.986967 | nrmse: 0.033290 | lr: 0.00100000
2026-07-20 10:05:56 | INFO | Epoch 13/100 | train_loss: 0.019053 | val_loss: 0.012428 | rmse: 0.111483 | mae: 0.052551 | mape: 31.8330% | r2: 0.987346 | nrmse: 0.032803 | lr: 0.00100000
2026-07-20 10:06:16 | INFO | Epoch 14/100 | train_loss: 0.019027 | val_loss: 0.010245 | rmse: 0.101219 | mae: 0.042880 | mape: 28.6959% | r2: 0.989568 | nrmse: 0.029783 | lr: 0.00100000
2026-07-20 10:06:36 | INFO | Epoch 15/100 | train_loss: 0.018950 | val_loss: 0.011409 | rmse: 0.106814 | mae: 0.051852 | mape: 29.1474% | r2: 0.988383 | nrmse: 0.031429 | lr: 0.00100000
2026-07-20 10:06:57 | INFO | Epoch 16/100 | train_loss: 0.018900 | val_loss: 0.009712 | rmse: 0.098550 | mae: 0.040026 | mape: 29.1033% | r2: 0.990111 | nrmse: 0.028998 | lr: 0.00100000
2026-07-20 10:06:57 | INFO | Saved new best checkpoint at epoch 16 (val_loss: 0.009712) -> /kaggle/working/PV-forecasting-DL/experiments/cnn_lstm/horizon_15/checkpoints/best_checkpoint.pt
2026-07-20 10:07:17 | INFO | Epoch 17/100 | train_loss: 0.018847 | val_loss: 0.013486 | rmse: 0.116127 | mae: 0.061058 | mape: 29.3128% | r2: 0.986269 | nrmse: 0.034170 | lr: 0.00100000
2026-07-20 10:07:38 | INFO | Epoch 18/100 | train_loss: 0.018866 | val_loss: 0.010141 | rmse: 0.100702 | mae: 0.042616 | mape: 26.0362% | r2: 0.989675 | nrmse: 0.029631 | lr: 0.00100000
2026-07-20 10:07:59 | INFO | Epoch 19/100 | train_loss: 0.018758 | val_loss: 0.012768 | rmse: 0.112997 | mae: 0.059655 | mape: 30.3016% | r2: 0.986999 | nrmse: 0.033249 | lr: 0.00100000
2026-07-20 10:08:19 | INFO | Epoch 20/100 | train_loss: 0.018757 | val_loss: 0.012350 | rmse: 0.111132 | mae: 0.059655 | mape: 30.2619% | r2: 0.987425 | nrmse: 0.032700 | lr: 0.00100000
2026-07-20 10:08:39 | INFO | Epoch 21/100 | train_loss: 0.018624 | val_loss: 0.009738 | rmse: 0.098682 | mae: 0.041422 | mape: 27.5736% | r2: 0.990085 | nrmse: 0.029037 | lr: 0.00100000
2026-07-20 10:09:00 | INFO | Epoch 22/100 | train_loss: 0.018666 | val_loss: 0.009842 | rmse: 0.099206 | mae: 0.044120 | mape: 27.7822% | r2: 0.989979 | nrmse: 0.029191 | lr: 0.00050000
2026-07-20 10:09:20 | INFO | Epoch 23/100 | train_loss: 0.017881 | val_loss: 0.010412 | rmse: 0.102037 | mae: 0.049155 | mape: 27.9131% | r2: 0.989399 | nrmse: 0.030024 | lr: 0.00050000
2026-07-20 10:09:41 | INFO | Epoch 24/100 | train_loss: 0.017894 | val_loss: 0.012326 | rmse: 0.111024 | mae: 0.055372 | mape: 27.0328% | r2: 0.987449 | nrmse: 0.032668 | lr: 0.00050000
2026-07-20 10:10:01 | INFO | Epoch 25/100 | train_loss: 0.017787 | val_loss: 0.011127 | rmse: 0.105486 | mae: 0.051156 | mape: 28.9221% | r2: 0.988670 | nrmse: 0.031039 | lr: 0.00050000
2026-07-20 10:10:21 | INFO | Epoch 26/100 | train_loss: 0.017808 | val_loss: 0.012796 | rmse: 0.113119 | mae: 0.057423 | mape: 29.1813% | r2: 0.986971 | nrmse: 0.033285 | lr: 0.00050000
2026-07-20 10:10:42 | INFO | Epoch 27/100 | train_loss: 0.017755 | val_loss: 0.011518 | rmse: 0.107322 | mae: 0.052536 | mape: 27.3576% | r2: 0.988273 | nrmse: 0.031579 | lr: 0.00050000
2026-07-20 10:11:02 | INFO | Epoch 28/100 | train_loss: 0.017685 | val_loss: 0.013225 | rmse: 0.115002 | mae: 0.059368 | mape: 27.8208% | r2: 0.986534 | nrmse: 0.033839 | lr: 0.00025000
2026-07-20 10:11:23 | INFO | Epoch 29/100 | train_loss: 0.017285 | val_loss: 0.011463 | rmse: 0.107063 | mae: 0.053726 | mape: 26.8615% | r2: 0.988329 | nrmse: 0.031503 | lr: 0.00025000
2026-07-20 10:11:44 | INFO | Epoch 30/100 | train_loss: 0.017214 | val_loss: 0.013233 | rmse: 0.115034 | mae: 0.057695 | mape: 25.5919% | r2: 0.986527 | nrmse: 0.033848 | lr: 0.00025000
2026-07-20 10:12:04 | INFO | Epoch 31/100 | train_loss: 0.017202 | val_loss: 0.012537 | rmse: 0.111969 | mae: 0.055490 | mape: 26.2762% | r2: 0.987235 | nrmse: 0.032946 | lr: 0.00025000
2026-07-20 10:12:04 | INFO | Early stopping triggered at epoch 31 (no improvement for 15 epochs).
2026-07-20 10:12:04 | INFO | Training history saved to /kaggle/working/PV-forecasting-DL/experiments/cnn_lstm/horizon_15/history.json
2026-07-20 10:12:04 | INFO | Baseline experiment analysis complete for /kaggle/working/PV-forecasting-DL/experiments/cnn_lstm/horizon_15.
2026-07-20 11:15:34 | INFO | Resumed from checkpoint '/kaggle/working/PV-forecasting-DL/experiments/cnn_lstm/horizon_15/checkpoints/best_checkpoint.pt' at epoch 17 (best_val_loss: 0.009712).
2026-07-20 11:15:55 | INFO | Epoch 17/100 | train_loss: 0.018851 | val_loss: 0.012370 | rmse: 0.111220 | mae: 0.054423 | mape: 28.0365% | r2: 0.987405 | nrmse: 0.032726 | lr: 0.00100000
2026-07-20 11:16:16 | INFO | Epoch 18/100 | train_loss: 0.018765 | val_loss: 0.013575 | rmse: 0.116510 | mae: 0.061919 | mape: 27.2094% | r2: 0.986179 | nrmse: 0.034283 | lr: 0.00100000
2026-07-20 11:16:38 | INFO | Epoch 19/100 | train_loss: 0.018716 | val_loss: 0.010425 | rmse: 0.102102 | mae: 0.043443 | mape: 27.9934% | r2: 0.989386 | nrmse: 0.030043 | lr: 0.00100000
2026-07-20 11:16:59 | INFO | Epoch 20/100 | train_loss: 0.018741 | val_loss: 0.010232 | rmse: 0.101153 | mae: 0.042466 | mape: 28.4954% | r2: 0.989582 | nrmse: 0.029764 | lr: 0.00100000
2026-07-20 11:17:20 | INFO | Epoch 21/100 | train_loss: 0.018705 | val_loss: 0.012043 | rmse: 0.109741 | mae: 0.055266 | mape: 28.3534% | r2: 0.987738 | nrmse: 0.032291 | lr: 0.00100000
2026-07-20 11:17:41 | INFO | Epoch 22/100 | train_loss: 0.018535 | val_loss: 0.014757 | rmse: 0.121477 | mae: 0.060706 | mape: 28.6934% | r2: 0.984975 | nrmse: 0.035744 | lr: 0.00050000
2026-07-20 11:18:02 | INFO | Epoch 23/100 | train_loss: 0.017928 | val_loss: 0.011888 | rmse: 0.109030 | mae: 0.053712 | mape: 27.0265% | r2: 0.987896 | nrmse: 0.032082 | lr: 0.00050000
2026-07-20 11:18:23 | INFO | Epoch 24/100 | train_loss: 0.017789 | val_loss: 0.011288 | rmse: 0.106245 | mae: 0.050665 | mape: 30.6450% | r2: 0.988507 | nrmse: 0.031262 | lr: 0.00050000
2026-07-20 11:18:45 | INFO | Epoch 25/100 | train_loss: 0.017743 | val_loss: 0.012205 | rmse: 0.110477 | mae: 0.054509 | mape: 26.6126% | r2: 0.987573 | nrmse: 0.032508 | lr: 0.00050000
2026-07-20 11:19:06 | INFO | Epoch 26/100 | train_loss: 0.017767 | val_loss: 0.013199 | rmse: 0.114886 | mae: 0.058919 | mape: 26.0095% | r2: 0.986561 | nrmse: 0.033805 | lr: 0.00050000
2026-07-20 11:19:27 | INFO | Epoch 27/100 | train_loss: 0.017690 | val_loss: 0.011377 | rmse: 0.106662 | mae: 0.052357 | mape: 27.6990% | r2: 0.988416 | nrmse: 0.031385 | lr: 0.00050000
2026-07-20 11:19:48 | INFO | Epoch 28/100 | train_loss: 0.017641 | val_loss: 0.012530 | rmse: 0.111939 | mae: 0.057335 | mape: 24.6008% | r2: 0.987242 | nrmse: 0.032938 | lr: 0.00025000
2026-07-20 11:20:09 | INFO | Epoch 29/100 | train_loss: 0.017296 | val_loss: 0.012277 | rmse: 0.110800 | mae: 0.054961 | mape: 26.6312% | r2: 0.987500 | nrmse: 0.032602 | lr: 0.00025000
2026-07-20 11:20:33 | INFO | Epoch 30/100 | train_loss: 0.017256 | val_loss: 0.013038 | rmse: 0.114184 | mae: 0.058010 | mape: 25.8808% | r2: 0.986725 | nrmse: 0.033598 | lr: 0.00025000
2026-07-20 11:20:55 | INFO | Epoch 31/100 | train_loss: 0.017217 | val_loss: 0.012472 | rmse: 0.111680 | mae: 0.055741 | mape: 25.6172% | r2: 0.987301 | nrmse: 0.032861 | lr: 0.00025000
2026-07-20 11:20:55 | INFO | Early stopping triggered at epoch 31 (no improvement for 15 epochs).
2026-07-20 11:20:55 | INFO | Training history saved to /kaggle/working/PV-forecasting-DL/experiments/cnn_lstm/horizon_15/history.json
2026-07-20 11:20:55 | INFO | Baseline experiment analysis complete for /kaggle/working/PV-forecasting-DL/experiments/cnn_lstm/horizon_15.
2026-07-20 11:21:22 | INFO | Resumed from checkpoint '/kaggle/working/PV-forecasting-DL/experiments/cnn_lstm/horizon_15/checkpoints/best_checkpoint.pt' at epoch 17 (best_val_loss: 0.009712).
2026-07-20 11:21:44 | INFO | Epoch 17/100 | train_loss: 0.018851 | val_loss: 0.012370 | rmse: 0.111220 | mae: 0.054423 | mape: 28.0365% | r2: 0.987405 | nrmse: 0.032726 | lr: 0.00100000
2026-07-20 11:22:05 | INFO | Epoch 18/100 | train_loss: 0.018765 | val_loss: 0.013575 | rmse: 0.116510 | mae: 0.061919 | mape: 27.2094% | r2: 0.986179 | nrmse: 0.034283 | lr: 0.00100000
2026-07-20 11:22:27 | INFO | Epoch 19/100 | train_loss: 0.018716 | val_loss: 0.010425 | rmse: 0.102102 | mae: 0.043443 | mape: 27.9934% | r2: 0.989386 | nrmse: 0.030043 | lr: 0.00100000
2026-07-20 11:22:48 | INFO | Epoch 20/100 | train_loss: 0.018741 | val_loss: 0.010232 | rmse: 0.101153 | mae: 0.042466 | mape: 28.4954% | r2: 0.989582 | nrmse: 0.029764 | lr: 0.00100000
2026-07-20 11:23:09 | INFO | Epoch 21/100 | train_loss: 0.018705 | val_loss: 0.012043 | rmse: 0.109741 | mae: 0.055266 | mape: 28.3534% | r2: 0.987738 | nrmse: 0.032291 | lr: 0.00100000
2026-07-20 11:23:31 | INFO | Epoch 22/100 | train_loss: 0.018535 | val_loss: 0.014757 | rmse: 0.121477 | mae: 0.060706 | mape: 28.6934% | r2: 0.984975 | nrmse: 0.035744 | lr: 0.00050000
2026-07-20 11:23:52 | INFO | Epoch 23/100 | train_loss: 0.017928 | val_loss: 0.011888 | rmse: 0.109030 | mae: 0.053712 | mape: 27.0265% | r2: 0.987896 | nrmse: 0.032082 | lr: 0.00050000
2026-07-20 11:24:14 | INFO | Epoch 24/100 | train_loss: 0.017789 | val_loss: 0.011288 | rmse: 0.106245 | mae: 0.050665 | mape: 30.6450% | r2: 0.988507 | nrmse: 0.031262 | lr: 0.00050000
2026-07-20 11:24:35 | INFO | Epoch 25/100 | train_loss: 0.017743 | val_loss: 0.012205 | rmse: 0.110477 | mae: 0.054509 | mape: 26.6126% | r2: 0.987573 | nrmse: 0.032508 | lr: 0.00050000
2026-07-20 11:24:56 | INFO | Epoch 26/100 | train_loss: 0.017767 | val_loss: 0.013199 | rmse: 0.114886 | mae: 0.058919 | mape: 26.0095% | r2: 0.986561 | nrmse: 0.033805 | lr: 0.00050000
2026-07-20 11:25:18 | INFO | Epoch 27/100 | train_loss: 0.017690 | val_loss: 0.011377 | rmse: 0.106662 | mae: 0.052357 | mape: 27.6990% | r2: 0.988416 | nrmse: 0.031385 | lr: 0.00050000
2026-07-20 11:25:39 | INFO | Epoch 28/100 | train_loss: 0.017641 | val_loss: 0.012530 | rmse: 0.111939 | mae: 0.057335 | mape: 24.6008% | r2: 0.987242 | nrmse: 0.032938 | lr: 0.00025000
2026-07-20 11:26:00 | INFO | Epoch 29/100 | train_loss: 0.017296 | val_loss: 0.012277 | rmse: 0.110800 | mae: 0.054961 | mape: 26.6312% | r2: 0.987500 | nrmse: 0.032602 | lr: 0.00025000
2026-07-20 11:26:22 | INFO | Epoch 30/100 | train_loss: 0.017256 | val_loss: 0.013038 | rmse: 0.114184 | mae: 0.058010 | mape: 25.8808% | r2: 0.986725 | nrmse: 0.033598 | lr: 0.00025000
2026-07-20 11:26:43 | INFO | Epoch 31/100 | train_loss: 0.017217 | val_loss: 0.012472 | rmse: 0.111680 | mae: 0.055741 | mape: 25.6172% | r2: 0.987301 | nrmse: 0.032861 | lr: 0.00025000
2026-07-20 11:26:43 | INFO | Early stopping triggered at epoch 31 (no improvement for 15 epochs).
2026-07-20 11:26:43 | INFO | Training history saved to /kaggle/working/PV-forecasting-DL/experiments/cnn_lstm/horizon_15/history.json
2026-07-20 11:26:43 | INFO | Baseline experiment analysis complete for /kaggle/working/PV-forecasting-DL/experiments/cnn_lstm/horizon_15.
2026-07-20 11:27:11 | INFO | Resumed from checkpoint '/kaggle/working/PV-forecasting-DL/experiments/cnn_lstm/horizon_15/checkpoints/best_checkpoint.pt' at epoch 17 (best_val_loss: 0.009712).
2026-07-20 11:27:32 | INFO | Epoch 17/100 | train_loss: 0.018851 | val_loss: 0.012370 | rmse: 0.111220 | mae: 0.054423 | mape: 28.0365% | r2: 0.987405 | nrmse: 0.032726 | lr: 0.00100000
2026-07-20 11:27:53 | INFO | Epoch 18/100 | train_loss: 0.018765 | val_loss: 0.013575 | rmse: 0.116510 | mae: 0.061919 | mape: 27.2094% | r2: 0.986179 | nrmse: 0.034283 | lr: 0.00100000
2026-07-20 11:28:14 | INFO | Epoch 19/100 | train_loss: 0.018716 | val_loss: 0.010425 | rmse: 0.102102 | mae: 0.043443 | mape: 27.9934% | r2: 0.989386 | nrmse: 0.030043 | lr: 0.00100000
2026-07-20 11:28:36 | INFO | Epoch 20/100 | train_loss: 0.018741 | val_loss: 0.010232 | rmse: 0.101153 | mae: 0.042466 | mape: 28.4954% | r2: 0.989582 | nrmse: 0.029764 | lr: 0.00100000
2026-07-20 11:28:57 | INFO | Epoch 21/100 | train_loss: 0.018705 | val_loss: 0.012043 | rmse: 0.109741 | mae: 0.055266 | mape: 28.3534% | r2: 0.987738 | nrmse: 0.032291 | lr: 0.00100000
2026-07-20 11:29:18 | INFO | Epoch 22/100 | train_loss: 0.018535 | val_loss: 0.014757 | rmse: 0.121477 | mae: 0.060706 | mape: 28.6934% | r2: 0.984975 | nrmse: 0.035744 | lr: 0.00050000
2026-07-20 11:29:39 | INFO | Epoch 23/100 | train_loss: 0.017928 | val_loss: 0.011888 | rmse: 0.109030 | mae: 0.053712 | mape: 27.0265% | r2: 0.987896 | nrmse: 0.032082 | lr: 0.00050000
2026-07-20 11:30:00 | INFO | Epoch 24/100 | train_loss: 0.017789 | val_loss: 0.011288 | rmse: 0.106245 | mae: 0.050665 | mape: 30.6450% | r2: 0.988507 | nrmse: 0.031262 | lr: 0.00050000
2026-07-20 11:30:21 | INFO | Epoch 25/100 | train_loss: 0.017743 | val_loss: 0.012205 | rmse: 0.110477 | mae: 0.054509 | mape: 26.6126% | r2: 0.987573 | nrmse: 0.032508 | lr: 0.00050000
2026-07-20 11:30:43 | INFO | Epoch 26/100 | train_loss: 0.017767 | val_loss: 0.013199 | rmse: 0.114886 | mae: 0.058919 | mape: 26.0095% | r2: 0.986561 | nrmse: 0.033805 | lr: 0.00050000
2026-07-20 11:31:04 | INFO | Epoch 27/100 | train_loss: 0.017690 | val_loss: 0.011377 | rmse: 0.106662 | mae: 0.052357 | mape: 27.6990% | r2: 0.988416 | nrmse: 0.031385 | lr: 0.00050000
2026-07-20 11:31:25 | INFO | Epoch 28/100 | train_loss: 0.017641 | val_loss: 0.012530 | rmse: 0.111939 | mae: 0.057335 | mape: 24.6008% | r2: 0.987242 | nrmse: 0.032938 | lr: 0.00025000
2026-07-20 11:31:46 | INFO | Epoch 29/100 | train_loss: 0.017296 | val_loss: 0.012277 | rmse: 0.110800 | mae: 0.054961 | mape: 26.6312% | r2: 0.987500 | nrmse: 0.032602 | lr: 0.00025000
2026-07-20 11:32:08 | INFO | Epoch 30/100 | train_loss: 0.017256 | val_loss: 0.013038 | rmse: 0.114184 | mae: 0.058010 | mape: 25.8808% | r2: 0.986725 | nrmse: 0.033598 | lr: 0.00025000
2026-07-20 11:32:29 | INFO | Epoch 31/100 | train_loss: 0.017217 | val_loss: 0.012472 | rmse: 0.111680 | mae: 0.055741 | mape: 25.6172% | r2: 0.987301 | nrmse: 0.032861 | lr: 0.00025000
2026-07-20 11:32:29 | INFO | Early stopping triggered at epoch 31 (no improvement for 15 epochs).
2026-07-20 11:32:29 | INFO | Training history saved to /kaggle/working/PV-forecasting-DL/experiments/cnn_lstm/horizon_15/history.json
2026-07-20 11:32:29 | INFO | Baseline experiment analysis complete for /kaggle/working/PV-forecasting-DL/experiments/cnn_lstm/horizon_15.
