2026-07-23 20:17:50 | INFO | Epoch 1/100 | train_loss: 0.046761 | val_loss: 0.028393 | rmse: 0.168501 | mae: 0.070751 | mape: 55.7311% | r2: 0.971091 | nrmse: 0.049581 | lr: 0.00100000
2026-07-23 20:17:50 | INFO | Saved new best checkpoint at epoch 1 (val_loss: 0.028393) -> /kaggle/working/PV-forecasting-DL/experiments/proposed_no_ta/horizon_15/run_2/checkpoints/best_checkpoint.pt
2026-07-23 20:18:21 | INFO | Epoch 2/100 | train_loss: 0.037312 | val_loss: 0.028455 | rmse: 0.168685 | mae: 0.065417 | mape: 64.1500% | r2: 0.971028 | nrmse: 0.049635 | lr: 0.00100000
2026-07-23 20:18:53 | INFO | Epoch 3/100 | train_loss: 0.035486 | val_loss: 0.028756 | rmse: 0.169576 | mae: 0.074010 | mape: 55.6651% | r2: 0.970721 | nrmse: 0.049897 | lr: 0.00100000
2026-07-23 20:19:24 | INFO | Epoch 4/100 | train_loss: 0.034814 | val_loss: 0.027092 | rmse: 0.164596 | mae: 0.064043 | mape: 57.2002% | r2: 0.972415 | nrmse: 0.048432 | lr: 0.00100000
2026-07-23 20:19:24 | INFO | Saved new best checkpoint at epoch 4 (val_loss: 0.027092) -> /kaggle/working/PV-forecasting-DL/experiments/proposed_no_ta/horizon_15/run_2/checkpoints/best_checkpoint.pt
2026-07-23 20:19:54 | INFO | Epoch 5/100 | train_loss: 0.034394 | val_loss: 0.027748 | rmse: 0.166578 | mae: 0.070118 | mape: 55.6417% | r2: 0.971747 | nrmse: 0.049015 | lr: 0.00100000
2026-07-23 20:20:25 | INFO | Epoch 6/100 | train_loss: 0.033962 | val_loss: 0.027171 | rmse: 0.164835 | mae: 0.071708 | mape: 56.0003% | r2: 0.972335 | nrmse: 0.048502 | lr: 0.00100000
2026-07-23 20:20:55 | INFO | Epoch 7/100 | train_loss: 0.033489 | val_loss: 0.026387 | rmse: 0.162441 | mae: 0.064809 | mape: 56.4447% | r2: 0.973133 | nrmse: 0.047797 | lr: 0.00100000
2026-07-23 20:20:55 | INFO | Saved new best checkpoint at epoch 7 (val_loss: 0.026387) -> /kaggle/working/PV-forecasting-DL/experiments/proposed_no_ta/horizon_15/run_2/checkpoints/best_checkpoint.pt
2026-07-23 20:21:25 | INFO | Epoch 8/100 | train_loss: 0.033391 | val_loss: 0.026317 | rmse: 0.162226 | mae: 0.060794 | mape: 59.5684% | r2: 0.973204 | nrmse: 0.047734 | lr: 0.00100000
2026-07-23 20:21:25 | INFO | Saved new best checkpoint at epoch 8 (val_loss: 0.026317) -> /kaggle/working/PV-forecasting-DL/experiments/proposed_no_ta/horizon_15/run_2/checkpoints/best_checkpoint.pt
2026-07-23 20:21:55 | INFO | Epoch 9/100 | train_loss: 0.033134 | val_loss: 0.026348 | rmse: 0.162320 | mae: 0.066458 | mape: 60.0532% | r2: 0.973173 | nrmse: 0.047762 | lr: 0.00100000
2026-07-23 20:22:25 | INFO | Epoch 10/100 | train_loss: 0.032915 | val_loss: 0.026604 | rmse: 0.163108 | mae: 0.065016 | mape: 52.7468% | r2: 0.972912 | nrmse: 0.047994 | lr: 0.00100000
2026-07-23 20:22:55 | INFO | Epoch 11/100 | train_loss: 0.032833 | val_loss: 0.028096 | rmse: 0.167620 | mae: 0.067097 | mape: 50.9195% | r2: 0.971393 | nrmse: 0.049321 | lr: 0.00100000
2026-07-23 20:23:25 | INFO | Epoch 12/100 | train_loss: 0.032765 | val_loss: 0.027232 | rmse: 0.165023 | mae: 0.065061 | mape: 61.6181% | r2: 0.972272 | nrmse: 0.048557 | lr: 0.00100000
2026-07-23 20:23:56 | INFO | Epoch 13/100 | train_loss: 0.032613 | val_loss: 0.026051 | rmse: 0.161404 | mae: 0.063037 | mape: 60.1395% | r2: 0.973475 | nrmse: 0.047492 | lr: 0.00100000
2026-07-23 20:23:56 | INFO | Saved new best checkpoint at epoch 13 (val_loss: 0.026051) -> /kaggle/working/PV-forecasting-DL/experiments/proposed_no_ta/horizon_15/run_2/checkpoints/best_checkpoint.pt
2026-07-23 20:24:25 | INFO | Epoch 14/100 | train_loss: 0.032581 | val_loss: 0.028343 | rmse: 0.168355 | mae: 0.083517 | mape: 54.4156% | r2: 0.971141 | nrmse: 0.049538 | lr: 0.00100000
2026-07-23 20:24:55 | INFO | Epoch 15/100 | train_loss: 0.032543 | val_loss: 0.026403 | rmse: 0.162491 | mae: 0.067700 | mape: 53.2578% | r2: 0.973116 | nrmse: 0.047812 | lr: 0.00100000
2026-07-23 20:25:25 | INFO | Epoch 16/100 | train_loss: 0.032540 | val_loss: 0.026001 | rmse: 0.161249 | mae: 0.065731 | mape: 56.0116% | r2: 0.973526 | nrmse: 0.047447 | lr: 0.00100000
2026-07-23 20:25:25 | INFO | Saved new best checkpoint at epoch 16 (val_loss: 0.026001) -> /kaggle/working/PV-forecasting-DL/experiments/proposed_no_ta/horizon_15/run_2/checkpoints/best_checkpoint.pt
2026-07-23 20:25:55 | INFO | Epoch 17/100 | train_loss: 0.032333 | val_loss: 0.025936 | rmse: 0.161046 | mae: 0.062500 | mape: 55.7633% | r2: 0.973593 | nrmse: 0.047387 | lr: 0.00100000
2026-07-23 20:25:55 | INFO | Saved new best checkpoint at epoch 17 (val_loss: 0.025936) -> /kaggle/working/PV-forecasting-DL/experiments/proposed_no_ta/horizon_15/run_2/checkpoints/best_checkpoint.pt
2026-07-23 20:26:26 | INFO | Epoch 18/100 | train_loss: 0.032385 | val_loss: 0.026597 | rmse: 0.163085 | mae: 0.067036 | mape: 58.2501% | r2: 0.972919 | nrmse: 0.047987 | lr: 0.00100000
2026-07-23 20:26:56 | INFO | Epoch 19/100 | train_loss: 0.032253 | val_loss: 0.025858 | rmse: 0.160804 | mae: 0.061944 | mape: 54.3290% | r2: 0.973672 | nrmse: 0.047316 | lr: 0.00100000
2026-07-23 20:26:56 | INFO | Saved new best checkpoint at epoch 19 (val_loss: 0.025858) -> /kaggle/working/PV-forecasting-DL/experiments/proposed_no_ta/horizon_15/run_2/checkpoints/best_checkpoint.pt
2026-07-23 20:27:25 | INFO | Epoch 20/100 | train_loss: 0.032160 | val_loss: 0.025836 | rmse: 0.160736 | mae: 0.062253 | mape: 49.6672% | r2: 0.973694 | nrmse: 0.047296 | lr: 0.00100000
2026-07-23 20:27:25 | INFO | Saved new best checkpoint at epoch 20 (val_loss: 0.025836) -> /kaggle/working/PV-forecasting-DL/experiments/proposed_no_ta/horizon_15/run_2/checkpoints/best_checkpoint.pt
2026-07-23 20:27:55 | INFO | Epoch 21/100 | train_loss: 0.032259 | val_loss: 0.025422 | rmse: 0.159441 | mae: 0.059992 | mape: 54.9793% | r2: 0.974116 | nrmse: 0.046915 | lr: 0.00100000
2026-07-23 20:27:55 | INFO | Saved new best checkpoint at epoch 21 (val_loss: 0.025422) -> /kaggle/working/PV-forecasting-DL/experiments/proposed_no_ta/horizon_15/run_2/checkpoints/best_checkpoint.pt
2026-07-23 20:28:24 | INFO | Epoch 22/100 | train_loss: 0.032085 | val_loss: 0.025575 | rmse: 0.159923 | mae: 0.056954 | mape: 53.1771% | r2: 0.973959 | nrmse: 0.047057 | lr: 0.00100000
2026-07-23 20:28:54 | INFO | Epoch 23/100 | train_loss: 0.032044 | val_loss: 0.025258 | rmse: 0.158928 | mae: 0.058393 | mape: 57.7090% | r2: 0.974283 | nrmse: 0.046764 | lr: 0.00100000
2026-07-23 20:28:54 | INFO | Saved new best checkpoint at epoch 23 (val_loss: 0.025258) -> /kaggle/working/PV-forecasting-DL/experiments/proposed_no_ta/horizon_15/run_2/checkpoints/best_checkpoint.pt
2026-07-23 20:29:24 | INFO | Epoch 24/100 | train_loss: 0.031940 | val_loss: 0.027019 | rmse: 0.164376 | mae: 0.069690 | mape: 61.1174% | r2: 0.972489 | nrmse: 0.048367 | lr: 0.00100000
2026-07-23 20:29:53 | INFO | Epoch 25/100 | train_loss: 0.031974 | val_loss: 0.025405 | rmse: 0.159391 | mae: 0.057588 | mape: 53.4147% | r2: 0.974133 | nrmse: 0.046900 | lr: 0.00100000
2026-07-23 20:30:23 | INFO | Epoch 26/100 | train_loss: 0.031914 | val_loss: 0.025577 | rmse: 0.159929 | mae: 0.057059 | mape: 56.4882% | r2: 0.973957 | nrmse: 0.047058 | lr: 0.00100000
2026-07-23 20:30:53 | INFO | Epoch 27/100 | train_loss: 0.031903 | val_loss: 0.025462 | rmse: 0.159567 | mae: 0.056894 | mape: 56.5945% | r2: 0.974075 | nrmse: 0.046952 | lr: 0.00100000
2026-07-23 20:31:22 | INFO | Epoch 28/100 | train_loss: 0.031849 | val_loss: 0.026081 | rmse: 0.161495 | mae: 0.063830 | mape: 56.7948% | r2: 0.973445 | nrmse: 0.047519 | lr: 0.00100000
2026-07-23 20:31:53 | INFO | Epoch 29/100 | train_loss: 0.031760 | val_loss: 0.026173 | rmse: 0.161779 | mae: 0.061585 | mape: 59.9967% | r2: 0.973351 | nrmse: 0.047603 | lr: 0.00050000
2026-07-23 20:32:23 | INFO | Epoch 30/100 | train_loss: 0.031285 | val_loss: 0.025186 | rmse: 0.158702 | mae: 0.057811 | mape: 55.3754% | r2: 0.974356 | nrmse: 0.046697 | lr: 0.00050000
2026-07-23 20:32:23 | INFO | Saved new best checkpoint at epoch 30 (val_loss: 0.025186) -> /kaggle/working/PV-forecasting-DL/experiments/proposed_no_ta/horizon_15/run_2/checkpoints/best_checkpoint.pt
2026-07-23 20:32:54 | INFO | Epoch 31/100 | train_loss: 0.031166 | val_loss: 0.025200 | rmse: 0.158745 | mae: 0.058556 | mape: 55.0692% | r2: 0.974342 | nrmse: 0.046710 | lr: 0.00050000
2026-07-23 20:33:24 | INFO | Epoch 32/100 | train_loss: 0.031163 | val_loss: 0.025363 | rmse: 0.159259 | mae: 0.059756 | mape: 54.5441% | r2: 0.974175 | nrmse: 0.046861 | lr: 0.00050000
2026-07-23 20:33:55 | INFO | Epoch 33/100 | train_loss: 0.031102 | val_loss: 0.025384 | rmse: 0.159325 | mae: 0.060547 | mape: 59.5344% | r2: 0.974154 | nrmse: 0.046881 | lr: 0.00050000
2026-07-23 20:34:25 | INFO | Epoch 34/100 | train_loss: 0.031067 | val_loss: 0.025473 | rmse: 0.159604 | mae: 0.060981 | mape: 55.3798% | r2: 0.974063 | nrmse: 0.046963 | lr: 0.00050000
2026-07-23 20:34:55 | INFO | Epoch 35/100 | train_loss: 0.031090 | val_loss: 0.025269 | rmse: 0.158962 | mae: 0.062789 | mape: 55.8577% | r2: 0.974272 | nrmse: 0.046774 | lr: 0.00050000
2026-07-23 20:35:25 | INFO | Epoch 36/100 | train_loss: 0.031121 | val_loss: 0.025187 | rmse: 0.158706 | mae: 0.056668 | mape: 59.1109% | r2: 0.974355 | nrmse: 0.046698 | lr: 0.00025000
2026-07-23 20:35:55 | INFO | Epoch 37/100 | train_loss: 0.030839 | val_loss: 0.025237 | rmse: 0.158861 | mae: 0.061961 | mape: 55.4698% | r2: 0.974304 | nrmse: 0.046744 | lr: 0.00025000
2026-07-23 20:36:24 | INFO | Epoch 38/100 | train_loss: 0.030780 | val_loss: 0.025017 | rmse: 0.158168 | mae: 0.057851 | mape: 53.5204% | r2: 0.974528 | nrmse: 0.046540 | lr: 0.00025000
2026-07-23 20:36:24 | INFO | Saved new best checkpoint at epoch 38 (val_loss: 0.025017) -> /kaggle/working/PV-forecasting-DL/experiments/proposed_no_ta/horizon_15/run_2/checkpoints/best_checkpoint.pt
2026-07-23 20:36:55 | INFO | Epoch 39/100 | train_loss: 0.030697 | val_loss: 0.025079 | rmse: 0.158363 | mae: 0.057990 | mape: 56.0563% | r2: 0.974465 | nrmse: 0.046598 | lr: 0.00025000
2026-07-23 20:37:26 | INFO | Epoch 40/100 | train_loss: 0.030742 | val_loss: 0.025530 | rmse: 0.159782 | mae: 0.058158 | mape: 61.5288% | r2: 0.974005 | nrmse: 0.047015 | lr: 0.00025000
2026-07-23 20:37:55 | INFO | Epoch 41/100 | train_loss: 0.030653 | val_loss: 0.024757 | rmse: 0.157343 | mae: 0.055742 | mape: 54.3333% | r2: 0.974793 | nrmse: 0.046298 | lr: 0.00025000
2026-07-23 20:37:55 | INFO | Saved new best checkpoint at epoch 41 (val_loss: 0.024757) -> /kaggle/working/PV-forecasting-DL/experiments/proposed_no_ta/horizon_15/run_2/checkpoints/best_checkpoint.pt
2026-07-23 20:38:25 | INFO | Epoch 42/100 | train_loss: 0.030685 | val_loss: 0.024854 | rmse: 0.157652 | mae: 0.057526 | mape: 54.6448% | r2: 0.974694 | nrmse: 0.046388 | lr: 0.00025000
2026-07-23 20:38:56 | INFO | Epoch 43/100 | train_loss: 0.030661 | val_loss: 0.024868 | rmse: 0.157695 | mae: 0.056273 | mape: 54.6270% | r2: 0.974680 | nrmse: 0.046401 | lr: 0.00025000
2026-07-23 20:39:27 | INFO | Epoch 44/100 | train_loss: 0.030647 | val_loss: 0.025111 | rmse: 0.158466 | mae: 0.059520 | mape: 52.0818% | r2: 0.974432 | nrmse: 0.046628 | lr: 0.00025000
2026-07-23 20:39:58 | INFO | Epoch 45/100 | train_loss: 0.030550 | val_loss: 0.024822 | rmse: 0.157551 | mae: 0.055228 | mape: 56.4106% | r2: 0.974726 | nrmse: 0.046359 | lr: 0.00025000
2026-07-23 20:40:29 | INFO | Epoch 46/100 | train_loss: 0.030586 | val_loss: 0.025350 | rmse: 0.159218 | mae: 0.059718 | mape: 53.7230% | r2: 0.974189 | nrmse: 0.046849 | lr: 0.00025000
2026-07-23 20:41:00 | INFO | Epoch 47/100 | train_loss: 0.030547 | val_loss: 0.025715 | rmse: 0.160358 | mae: 0.062777 | mape: 55.7514% | r2: 0.973818 | nrmse: 0.047185 | lr: 0.00012500
2026-07-23 20:41:30 | INFO | Epoch 48/100 | train_loss: 0.030512 | val_loss: 0.024964 | rmse: 0.158001 | mae: 0.060805 | mape: 54.6161% | r2: 0.974582 | nrmse: 0.046491 | lr: 0.00012500
2026-07-23 20:42:01 | INFO | Epoch 49/100 | train_loss: 0.030506 | val_loss: 0.024694 | rmse: 0.157144 | mae: 0.058284 | mape: 55.0569% | r2: 0.974857 | nrmse: 0.046239 | lr: 0.00012500
2026-07-23 20:42:01 | INFO | Saved new best checkpoint at epoch 49 (val_loss: 0.024694) -> /kaggle/working/PV-forecasting-DL/experiments/proposed_no_ta/horizon_15/run_2/checkpoints/best_checkpoint.pt
2026-07-23 20:42:31 | INFO | Epoch 50/100 | train_loss: 0.030377 | val_loss: 0.024978 | rmse: 0.158045 | mae: 0.056977 | mape: 57.4006% | r2: 0.974568 | nrmse: 0.046504 | lr: 0.00012500
2026-07-23 20:43:01 | INFO | Epoch 51/100 | train_loss: 0.030364 | val_loss: 0.024786 | rmse: 0.157434 | mae: 0.056561 | mape: 53.9775% | r2: 0.974764 | nrmse: 0.046324 | lr: 0.00012500
2026-07-23 20:43:31 | INFO | Epoch 52/100 | train_loss: 0.030403 | val_loss: 0.024829 | rmse: 0.157573 | mae: 0.057408 | mape: 54.0597% | r2: 0.974719 | nrmse: 0.046365 | lr: 0.00012500
2026-07-23 20:44:01 | INFO | Epoch 53/100 | train_loss: 0.030383 | val_loss: 0.024756 | rmse: 0.157340 | mae: 0.057845 | mape: 53.4108% | r2: 0.974794 | nrmse: 0.046297 | lr: 0.00012500
2026-07-23 20:44:30 | INFO | Epoch 54/100 | train_loss: 0.030340 | val_loss: 0.024837 | rmse: 0.157597 | mae: 0.057012 | mape: 54.8714% | r2: 0.974712 | nrmse: 0.046372 | lr: 0.00012500
2026-07-23 20:45:00 | INFO | Epoch 55/100 | train_loss: 0.030353 | val_loss: 0.024689 | rmse: 0.157127 | mae: 0.055699 | mape: 56.1102% | r2: 0.974862 | nrmse: 0.046234 | lr: 0.00012500
2026-07-23 20:45:00 | INFO | Saved new best checkpoint at epoch 55 (val_loss: 0.024689) -> /kaggle/working/PV-forecasting-DL/experiments/proposed_no_ta/horizon_15/run_2/checkpoints/best_checkpoint.pt
2026-07-23 20:45:29 | INFO | Epoch 56/100 | train_loss: 0.030308 | val_loss: 0.024693 | rmse: 0.157141 | mae: 0.055254 | mape: 54.3191% | r2: 0.974858 | nrmse: 0.046238 | lr: 0.00012500
2026-07-23 20:45:59 | INFO | Epoch 57/100 | train_loss: 0.030354 | val_loss: 0.024712 | rmse: 0.157200 | mae: 0.056443 | mape: 54.8237% | r2: 0.974839 | nrmse: 0.046256 | lr: 0.00012500
2026-07-23 20:46:30 | INFO | Epoch 58/100 | train_loss: 0.030298 | val_loss: 0.024822 | rmse: 0.157550 | mae: 0.057464 | mape: 54.5266% | r2: 0.974727 | nrmse: 0.046358 | lr: 0.00012500
2026-07-23 20:47:02 | INFO | Epoch 59/100 | train_loss: 0.030293 | val_loss: 0.025273 | rmse: 0.158973 | mae: 0.058655 | mape: 56.1722% | r2: 0.974268 | nrmse: 0.046777 | lr: 0.00012500
2026-07-23 20:47:33 | INFO | Epoch 60/100 | train_loss: 0.030283 | val_loss: 0.024841 | rmse: 0.157611 | mae: 0.053842 | mape: 52.8038% | r2: 0.974707 | nrmse: 0.046376 | lr: 0.00012500
2026-07-23 20:48:03 | INFO | Epoch 61/100 | train_loss: 0.030341 | val_loss: 0.024988 | rmse: 0.158077 | mae: 0.058523 | mape: 53.8130% | r2: 0.974557 | nrmse: 0.046513 | lr: 0.00006250
2026-07-23 20:48:33 | INFO | Epoch 62/100 | train_loss: 0.030250 | val_loss: 0.025166 | rmse: 0.158637 | mae: 0.060191 | mape: 53.9235% | r2: 0.974376 | nrmse: 0.046678 | lr: 0.00006250
2026-07-23 20:49:04 | INFO | Epoch 63/100 | train_loss: 0.030220 | val_loss: 0.024853 | rmse: 0.157648 | mae: 0.056278 | mape: 54.8122% | r2: 0.974695 | nrmse: 0.046387 | lr: 0.00006250
2026-07-23 20:49:36 | INFO | Epoch 64/100 | train_loss: 0.030187 | val_loss: 0.025044 | rmse: 0.158251 | mae: 0.058884 | mape: 54.3277% | r2: 0.974501 | nrmse: 0.046565 | lr: 0.00006250
2026-07-23 20:50:05 | INFO | Epoch 65/100 | train_loss: 0.030223 | val_loss: 0.024774 | rmse: 0.157398 | mae: 0.056635 | mape: 54.8123% | r2: 0.974775 | nrmse: 0.046314 | lr: 0.00006250
2026-07-23 20:50:35 | INFO | Epoch 66/100 | train_loss: 0.030138 | val_loss: 0.024807 | rmse: 0.157503 | mae: 0.056937 | mape: 54.3240% | r2: 0.974742 | nrmse: 0.046344 | lr: 0.00006250
2026-07-23 20:51:06 | INFO | Epoch 67/100 | train_loss: 0.030177 | val_loss: 0.024974 | rmse: 0.158032 | mae: 0.056425 | mape: 54.7677% | r2: 0.974572 | nrmse: 0.046500 | lr: 0.00003125
2026-07-23 20:51:36 | INFO | Epoch 68/100 | train_loss: 0.030054 | val_loss: 0.024793 | rmse: 0.157458 | mae: 0.057381 | mape: 54.5463% | r2: 0.974756 | nrmse: 0.046331 | lr: 0.00003125
2026-07-23 20:52:07 | INFO | Epoch 69/100 | train_loss: 0.030105 | val_loss: 0.025031 | rmse: 0.158212 | mae: 0.057144 | mape: 56.1676% | r2: 0.974514 | nrmse: 0.046553 | lr: 0.00003125
2026-07-23 20:52:39 | INFO | Epoch 70/100 | train_loss: 0.030051 | val_loss: 0.024861 | rmse: 0.157675 | mae: 0.059199 | mape: 53.3094% | r2: 0.974686 | nrmse: 0.046395 | lr: 0.00003125
2026-07-23 20:52:39 | INFO | Early stopping triggered at epoch 70 (no improvement for 15 epochs).
2026-07-23 20:52:39 | INFO | Training history saved to /kaggle/working/PV-forecasting-DL/experiments/proposed_no_ta/horizon_15/run_2/history.json
2026-07-23 20:52:39 | INFO | Baseline experiment analysis complete for /kaggle/working/PV-forecasting-DL/experiments/proposed_no_ta/horizon_15/run_2.
